

Microchip Technology PIC LITE Macro Assembler V1.45 build -152302408 
                                                                                               Mon Jan 06 15:23:20 2020

Microchip Technology Omniscient Code Generator v1.45 (Free mode) build 201711160504
     1                           	processor	16F877A
     2                           	opt	pw 120
     3                           	opt	lm
     4                           	psect	cinit,global,class=CODE,merge=1,delta=2
     5                           	psect	cstackCOMMON,global,class=COMMON,space=1,delta=1
     6                           	psect	maintext,global,class=CODE,split=1,delta=2
     7                           	psect	text1,local,class=CODE,merge=1,delta=2
     8                           	psect	text2,local,class=CODE,merge=1,delta=2
     9                           	psect	text3,local,class=CODE,merge=1,delta=2
    10                           	psect	text4,local,class=CODE,merge=1,delta=2
    11                           	dabs	1,0x7E,2
    12  0000                     
    13                           ; Version 1.45
    14                           ; Generated 16/11/2017 GMT
    15                           ; 
    16                           ; Copyright © 2017, Microchip Technology Inc. and its subsidiaries ("Microchip")
    17                           ; All rights reserved.
    18                           ; 
    19                           ; This software is developed by Microchip Technology Inc. and its subsidiaries ("Microch
      +                          ip").
    20                           ; 
    21                           ; Redistribution and use in source and binary forms, with or without modification, are
    22                           ; permitted provided that the following conditions are met:
    23                           ; 
    24                           ;     1. Redistributions of source code must retain the above copyright notice, this lis
      +                          t of
    25                           ;        conditions and the following disclaimer.
    26                           ; 
    27                           ;     2. Redistributions in binary form must reproduce the above copyright notice, this 
      +                          list
    28                           ;        of conditions and the following disclaimer in the documentation and/or other
    29                           ;        materials provided with the distribution.
    30                           ; 
    31                           ;     3. Microchip's name may not be used to endorse or promote products derived from th
      +                          is
    32                           ;        software without specific prior written permission.
    33                           ; 
    34                           ; THIS SOFTWARE IS PROVIDED BY MICROCHIP "AS IS" AND ANY EXPRESS OR IMPLIED WARRANTIES,
    35                           ; INCLUDING, BUT NOT LIMITED TO, THE IMPLIED WARRANTIES OF MERCHANTABILITY AND FITNESS F
      +                          OR
    36                           ; PURPOSE ARE DISCLAIMED.  IN NO EVENT SHALL MICROCHIP BE LIABLE FOR ANY DIRECT, INDIREC
      +                          T,
    37                           ; INCIDENTAL, SPECIAL, EXEMPLARY, OR CONSEQUENTIAL DAMAGES (INCLUDING BUT NOT LIMITED TO
    38                           ; PROCUREMENT OF SUBSTITUTE GOODS OR SERVICES; LOSS OF USE, DATA OR PROFITS; OR BUSINESS
    39                           ; INTERRUPTION) HOWSOEVER CAUSED AND ON ANY THEORY OF LIABILITY, WHETHER IN CONTRACT, ST
      +                          RICT
    40                           ; LIABILITY, OR TORT (INCLUDING NEGLIGENCE OR OTHERWISE) ARISING IN ANY WAY OUT OF THE U
      +                          SE OF
    41                           ; THIS SOFTWARE, EVEN IF ADVISED OF THE POSSIBILITY OF SUCH DAMAGE.
    42                           ; 
    43                           ; 
    44                           ; Code-generator required, PIC16F877A Definitions
    45                           ; 
    46                           ; SFR Addresses
    47  0000                     	;# 
    48  0001                     	;# 
    49  0002                     	;# 
    50  0003                     	;# 
    51  0004                     	;# 
    52  0005                     	;# 
    53  0006                     	;# 
    54  0007                     	;# 
    55  0008                     	;# 
    56  0009                     	;# 
    57  000A                     	;# 
    58  000B                     	;# 
    59  000C                     	;# 
    60  000D                     	;# 
    61  000E                     	;# 
    62  000E                     	;# 
    63  000F                     	;# 
    64  0010                     	;# 
    65  0011                     	;# 
    66  0012                     	;# 
    67  0013                     	;# 
    68  0014                     	;# 
    69  0015                     	;# 
    70  0015                     	;# 
    71  0016                     	;# 
    72  0017                     	;# 
    73  0018                     	;# 
    74  0019                     	;# 
    75  001A                     	;# 
    76  001B                     	;# 
    77  001B                     	;# 
    78  001C                     	;# 
    79  001D                     	;# 
    80  001E                     	;# 
    81  001F                     	;# 
    82  0081                     	;# 
    83  0085                     	;# 
    84  0086                     	;# 
    85  0087                     	;# 
    86  0088                     	;# 
    87  0089                     	;# 
    88  008C                     	;# 
    89  008D                     	;# 
    90  008E                     	;# 
    91  0091                     	;# 
    92  0092                     	;# 
    93  0093                     	;# 
    94  0094                     	;# 
    95  0098                     	;# 
    96  0099                     	;# 
    97  009C                     	;# 
    98  009D                     	;# 
    99  009E                     	;# 
   100  009F                     	;# 
   101  010C                     	;# 
   102  010D                     	;# 
   103  010E                     	;# 
   104  010F                     	;# 
   105  018C                     	;# 
   106  018D                     	;# 
   107  0019                     _TXREG	set	25
   108  001A                     _RCREG	set	26
   109  0018                     _RCSTA	set	24
   110  0006                     _PORTB	set	6
   111  0065                     _RCIF	set	101
   112  0032                     _RB2	set	50
   113  0030                     _RB0	set	48
   114  0086                     _TRISB	set	134
   115  0099                     _SPBRG	set	153
   116  0098                     _TXSTA	set	152
   117  043F                     _TRISC7	set	1087
   118  043E                     _TRISC6	set	1086
   119  04C1                     _TRMT	set	1217
   120                           
   121                           	psect	cinit
   122  07FC                     start_initialization:	
   123                           ; #config settings
   124                           
   125  07FC                     __initialization:	
   126  07FC                     end_of_initialization:	
   127                           ;End of C runtime variable initialization code
   128                           
   129  07FC                     __end_of__initialization:	
   130  07FC  0183               	clrf	3
   131  07FD  120A  118A  2F4E   	ljmp	_main	;jump to C main() function
   132                           
   133                           	psect	cstackCOMMON
   134  0070                     __pcstackCOMMON:	
   135  0070                     ?_cmd_4bit:	
   136  0070                     ?_lcd_init:	
   137                           ; 1 bytes @ 0x0
   138                           
   139  0070                     ?_data_4bit:	
   140                           ; 1 bytes @ 0x0
   141                           
   142  0070                     ??_data_4bit:	
   143                           ; 1 bytes @ 0x0
   144                           
   145  0070                     ?_uart_init:	
   146                           ; 1 bytes @ 0x0
   147                           
   148  0070                     ??_uart_init:	
   149                           ; 1 bytes @ 0x0
   150                           
   151  0070                     ?_main:	
   152                           ; 1 bytes @ 0x0
   153                           
   154  0070                     cmd_4bit@x:	
   155                           ; 1 bytes @ 0x0
   156                           
   157                           
   158                           ; 2 bytes @ 0x0
   159  0070                     	ds	2
   160  0072                     ??_cmd_4bit:	
   161  0072                     data_4bit@y:	
   162                           ; 1 bytes @ 0x2
   163                           
   164                           
   165                           ; 1 bytes @ 0x2
   166  0072                     	ds	2
   167  0074                     ??_lcd_init:	
   168  0074                     ??_main:	
   169                           ; 1 bytes @ 0x4
   170                           
   171                           
   172                           	psect	maintext
   173  074E                     __pmaintext:	
   174                           ; 1 bytes @ 0x4
   175 ;;
   176 ;;Main: autosize = 0, tempsize = 0, incstack = 0, save=0
   177 ;;
   178 ;; *************** function _main *****************
   179 ;; Defined at:
   180 ;;		line 124 in file "newmain.c"
   181 ;; Parameters:    Size  Location     Type
   182 ;;		None
   183 ;; Auto vars:     Size  Location     Type
   184 ;;		None
   185 ;; Return value:  Size  Location     Type
   186 ;;                  1    wreg      void 
   187 ;; Registers used:
   188 ;;		wreg, status,2, status,0, pclath, cstack
   189 ;; Tracked objects:
   190 ;;		On entry : B00/0
   191 ;;		On exit  : 0/0
   192 ;;		Unchanged: 0/0
   193 ;; Data sizes:     COMMON   BANK0   BANK1   BANK3   BANK2
   194 ;;      Params:         0       0       0       0       0
   195 ;;      Locals:         0       0       0       0       0
   196 ;;      Temps:          0       0       0       0       0
   197 ;;      Totals:         0       0       0       0       0
   198 ;;Total ram usage:        0 bytes
   199 ;; Hardware stack levels required when called:    2
   200 ;; This function calls:
   201 ;;		_data_4bit
   202 ;;		_lcd_init
   203 ;;		_uart_init
   204 ;; This function is called by:
   205 ;;		Startup code after reset
   206 ;; This function uses a non-reentrant model
   207 ;;
   208                           
   209                           
   210                           ;psect for function _main
   211  074E                     _main:	
   212                           
   213                           ;newmain.c: 126: TRISB=0x00;
   214                           
   215                           ;incstack = 0
   216                           ; Regs used in _main: [wreg+status,2+status,0+pclath+cstack]
   217  074E  1683               	bsf	3,5	;RP0=1, select bank1
   218  074F  1303               	bcf	3,6	;RP1=0, select bank1
   219  0750  0186               	clrf	6	;volatile
   220                           
   221                           ;newmain.c: 127: TRISC6=0;
   222  0751  1307               	bcf	7,6	;volatile
   223                           
   224                           ;newmain.c: 128: TRISC7=1;
   225  0752  1787               	bsf	7,7	;volatile
   226                           
   227                           ;newmain.c: 129: uart_init();
   228  0753  120A  118A  2741  120A  118A  	fcall	_uart_init
   229                           
   230                           ;newmain.c: 130: lcd_init();
   231  0758  120A  118A  2764  120A  118A  	fcall	_lcd_init
   232                           
   233                           ;newmain.c: 136: data_4bit('h');
   234  075D  3068               	movlw	104
   235  075E  120A  118A  27C1   	fcall	_data_4bit
   236  0761  120A  118A  2800   	ljmp	start
   237  0764                     __end_of_main:	
   238                           
   239                           	psect	text1
   240  0741                     __ptext1:	
   241 ;; *************** function _uart_init *****************
   242 ;; Defined at:
   243 ;;		line 77 in file "newmain.c"
   244 ;; Parameters:    Size  Location     Type
   245 ;;		None
   246 ;; Auto vars:     Size  Location     Type
   247 ;;		None
   248 ;; Return value:  Size  Location     Type
   249 ;;                  1    wreg      void 
   250 ;; Registers used:
   251 ;;		wreg
   252 ;; Tracked objects:
   253 ;;		On entry : 0/0
   254 ;;		On exit  : 0/0
   255 ;;		Unchanged: 0/0
   256 ;; Data sizes:     COMMON   BANK0   BANK1   BANK3   BANK2
   257 ;;      Params:         0       0       0       0       0
   258 ;;      Locals:         0       0       0       0       0
   259 ;;      Temps:          0       0       0       0       0
   260 ;;      Totals:         0       0       0       0       0
   261 ;;Total ram usage:        0 bytes
   262 ;; Hardware stack levels used:    1
   263 ;; This function calls:
   264 ;;		Nothing
   265 ;; This function is called by:
   266 ;;		_main
   267 ;; This function uses a non-reentrant model
   268 ;;
   269                           
   270                           
   271                           ;psect for function _uart_init
   272  0741                     _uart_init:	
   273                           
   274                           ;newmain.c: 79: TXSTA=0x24;
   275                           
   276                           ;incstack = 0
   277                           ; Regs used in _uart_init: [wreg]
   278  0741  3024               	movlw	36
   279  0742  1683               	bsf	3,5	;RP0=1, select bank1
   280  0743  1303               	bcf	3,6	;RP1=0, select bank1
   281  0744  0098               	movwf	24	;volatile
   282                           
   283                           ;newmain.c: 80: RCSTA=0x90;
   284  0745  3090               	movlw	144
   285  0746  1283               	bcf	3,5	;RP0=0, select bank0
   286  0747  1303               	bcf	3,6	;RP1=0, select bank0
   287  0748  0098               	movwf	24	;volatile
   288                           
   289                           ;newmain.c: 81: SPBRG=103;
   290  0749  3067               	movlw	103
   291  074A  1683               	bsf	3,5	;RP0=1, select bank1
   292  074B  1303               	bcf	3,6	;RP1=0, select bank1
   293  074C  0099               	movwf	25	;volatile
   294  074D  0008               	return
   295  074E                     __end_of_uart_init:	
   296                           
   297                           	psect	text2
   298  0764                     __ptext2:	
   299 ;; *************** function _lcd_init *****************
   300 ;; Defined at:
   301 ;;		line 37 in file "newmain.c"
   302 ;; Parameters:    Size  Location     Type
   303 ;;		None
   304 ;; Auto vars:     Size  Location     Type
   305 ;;		None
   306 ;; Return value:  Size  Location     Type
   307 ;;                  1    wreg      void 
   308 ;; Registers used:
   309 ;;		wreg, status,2, status,0, pclath, cstack
   310 ;; Tracked objects:
   311 ;;		On entry : 0/0
   312 ;;		On exit  : 0/0
   313 ;;		Unchanged: 0/0
   314 ;; Data sizes:     COMMON   BANK0   BANK1   BANK3   BANK2
   315 ;;      Params:         0       0       0       0       0
   316 ;;      Locals:         0       0       0       0       0
   317 ;;      Temps:          0       0       0       0       0
   318 ;;      Totals:         0       0       0       0       0
   319 ;;Total ram usage:        0 bytes
   320 ;; Hardware stack levels used:    1
   321 ;; Hardware stack levels required when called:    1
   322 ;; This function calls:
   323 ;;		_cmd_4bit
   324 ;; This function is called by:
   325 ;;		_main
   326 ;; This function uses a non-reentrant model
   327 ;;
   328                           
   329                           
   330                           ;psect for function _lcd_init
   331  0764                     _lcd_init:	
   332                           
   333                           ;newmain.c: 41: cmd_4bit(0x02);
   334                           
   335                           ;incstack = 0
   336                           ; Regs used in _lcd_init: [wreg+status,2+status,0+pclath+cstack]
   337  0764  3002               	movlw	2
   338  0765  00F0               	movwf	cmd_4bit@x
   339  0766  3000               	movlw	0
   340  0767  00F1               	movwf	cmd_4bit@x+1
   341  0768  120A  118A  2787  120A  118A  	fcall	_cmd_4bit
   342                           
   343                           ;newmain.c: 42: cmd_4bit(0x01);
   344  076D  3001               	movlw	1
   345  076E  00F0               	movwf	cmd_4bit@x
   346  076F  3000               	movlw	0
   347  0770  00F1               	movwf	cmd_4bit@x+1
   348  0771  120A  118A  2787  120A  118A  	fcall	_cmd_4bit
   349                           
   350                           ;newmain.c: 44: cmd_4bit(0x0c);
   351  0776  300C               	movlw	12
   352  0777  00F0               	movwf	cmd_4bit@x
   353  0778  3000               	movlw	0
   354  0779  00F1               	movwf	cmd_4bit@x+1
   355  077A  120A  118A  2787  120A  118A  	fcall	_cmd_4bit
   356                           
   357                           ;newmain.c: 45: cmd_4bit(0x80);
   358  077F  3080               	movlw	128
   359  0780  00F0               	movwf	cmd_4bit@x
   360  0781  3000               	movlw	0
   361  0782  00F1               	movwf	cmd_4bit@x+1
   362  0783  120A  118A  2787   	fcall	_cmd_4bit
   363  0786  0008               	return
   364  0787                     __end_of_lcd_init:	
   365                           
   366                           	psect	text3
   367  0787                     __ptext3:	
   368 ;; *************** function _cmd_4bit *****************
   369 ;; Defined at:
   370 ;;		line 17 in file "newmain.c"
   371 ;; Parameters:    Size  Location     Type
   372 ;;  x               2    0[COMMON] int 
   373 ;; Auto vars:     Size  Location     Type
   374 ;;		None
   375 ;; Return value:  Size  Location     Type
   376 ;;                  1    wreg      void 
   377 ;; Registers used:
   378 ;;		wreg, status,2, status,0
   379 ;; Tracked objects:
   380 ;;		On entry : 0/0
   381 ;;		On exit  : 0/0
   382 ;;		Unchanged: 0/0
   383 ;; Data sizes:     COMMON   BANK0   BANK1   BANK3   BANK2
   384 ;;      Params:         2       0       0       0       0
   385 ;;      Locals:         0       0       0       0       0
   386 ;;      Temps:          2       0       0       0       0
   387 ;;      Totals:         4       0       0       0       0
   388 ;;Total ram usage:        4 bytes
   389 ;; Hardware stack levels used:    1
   390 ;; This function calls:
   391 ;;		Nothing
   392 ;; This function is called by:
   393 ;;		_lcd_init
   394 ;;		_str_receive
   395 ;; This function uses a non-reentrant model
   396 ;;
   397                           
   398                           
   399                           ;psect for function _cmd_4bit
   400  0787                     _cmd_4bit:	
   401                           
   402                           ;newmain.c: 19: PORTB& = 0x0F;
   403                           
   404                           ;incstack = 0
   405                           ; Regs used in _cmd_4bit: [wreg+status,2+status,0]
   406  0787  300F               	movlw	15
   407  0788  00F2               	movwf	??_cmd_4bit
   408  0789  0872               	movf	??_cmd_4bit,w
   409  078A  1283               	bcf	3,5	;RP0=0, select bank0
   410  078B  1303               	bcf	3,6	;RP1=0, select bank0
   411  078C  0586               	andwf	6,f	;volatile
   412                           
   413                           ;newmain.c: 20: RB0=0;
   414  078D  1006               	bcf	6,0	;volatile
   415                           
   416                           ;newmain.c: 21: RB2=0;
   417  078E  1106               	bcf	6,2	;volatile
   418                           
   419                           ;newmain.c: 22: PORTB |= (x & 0xF0);
   420  078F  0870               	movf	cmd_4bit@x,w
   421  0790  39F0               	andlw	240
   422  0791  00F2               	movwf	??_cmd_4bit
   423  0792  0872               	movf	??_cmd_4bit,w
   424  0793  0486               	iorwf	6,f	;volatile
   425                           
   426                           ;newmain.c: 23: RB2=1;
   427  0794  1506               	bsf	6,2	;volatile
   428                           
   429                           ;newmain.c: 24: _delay((unsigned long)((10)*(16000000L/4000.0)));
   430  0795  3034               	movlw	52
   431  0796  00F3               	movwf	??_cmd_4bit+1
   432  0797  30F1               	movlw	241
   433  0798  00F2               	movwf	??_cmd_4bit
   434  0799                     u147:	
   435  0799  0BF2               	decfsz	??_cmd_4bit,f
   436  079A  2F99               	goto	u147
   437  079B  0BF3               	decfsz	??_cmd_4bit+1,f
   438  079C  2F99               	goto	u147
   439  079D  2F9E               	nop2
   440                           
   441                           ;newmain.c: 25: RB2=0;
   442  079E  1283               	bcf	3,5	;RP0=0, select bank0
   443  079F  1303               	bcf	3,6	;RP1=0, select bank0
   444  07A0  1106               	bcf	6,2	;volatile
   445                           
   446                           ;newmain.c: 29: PORTB& = 0x0F;
   447  07A1  300F               	movlw	15
   448  07A2  00F2               	movwf	??_cmd_4bit
   449  07A3  0872               	movf	??_cmd_4bit,w
   450  07A4  0586               	andwf	6,f	;volatile
   451                           
   452                           ;newmain.c: 30: PORTB |= ((x<<4) & 0xF0);
   453  07A5  0870               	movf	cmd_4bit@x,w
   454  07A6  00F2               	movwf	??_cmd_4bit
   455  07A7  3003               	movlw	3
   456  07A8                     u105:	
   457  07A8  1003               	clrc
   458  07A9  0DF2               	rlf	??_cmd_4bit,f
   459  07AA  3EFF               	addlw	-1
   460  07AB  1D03               	skipz
   461  07AC  2FA8               	goto	u105
   462  07AD  1003               	clrc
   463  07AE  0D72               	rlf	??_cmd_4bit,w
   464  07AF  39F0               	andlw	240
   465  07B0  00F3               	movwf	??_cmd_4bit+1
   466  07B1  0873               	movf	??_cmd_4bit+1,w
   467  07B2  0486               	iorwf	6,f	;volatile
   468                           
   469                           ;newmain.c: 31: RB2=1;
   470  07B3  1506               	bsf	6,2	;volatile
   471                           
   472                           ;newmain.c: 32: _delay((unsigned long)((10)*(16000000L/4000.0)));
   473  07B4  3034               	movlw	52
   474  07B5  00F3               	movwf	??_cmd_4bit+1
   475  07B6  30F1               	movlw	241
   476  07B7  00F2               	movwf	??_cmd_4bit
   477  07B8                     u157:	
   478  07B8  0BF2               	decfsz	??_cmd_4bit,f
   479  07B9  2FB8               	goto	u157
   480  07BA  0BF3               	decfsz	??_cmd_4bit+1,f
   481  07BB  2FB8               	goto	u157
   482  07BC  2FBD               	nop2
   483                           
   484                           ;newmain.c: 33: RB2=0;
   485  07BD  1283               	bcf	3,5	;RP0=0, select bank0
   486  07BE  1303               	bcf	3,6	;RP1=0, select bank0
   487  07BF  1106               	bcf	6,2	;volatile
   488  07C0  0008               	return
   489  07C1                     __end_of_cmd_4bit:	
   490                           
   491                           	psect	text4
   492  07C1                     __ptext4:	
   493 ;; *************** function _data_4bit *****************
   494 ;; Defined at:
   495 ;;		line 49 in file "newmain.c"
   496 ;; Parameters:    Size  Location     Type
   497 ;;  y               1    wreg     unsigned char 
   498 ;; Auto vars:     Size  Location     Type
   499 ;;  y               1    2[COMMON] unsigned char 
   500 ;; Return value:  Size  Location     Type
   501 ;;                  1    wreg      void 
   502 ;; Registers used:
   503 ;;		wreg, status,2, status,0
   504 ;; Tracked objects:
   505 ;;		On entry : 0/0
   506 ;;		On exit  : 0/0
   507 ;;		Unchanged: 0/0
   508 ;; Data sizes:     COMMON   BANK0   BANK1   BANK3   BANK2
   509 ;;      Params:         0       0       0       0       0
   510 ;;      Locals:         1       0       0       0       0
   511 ;;      Temps:          2       0       0       0       0
   512 ;;      Totals:         3       0       0       0       0
   513 ;;Total ram usage:        3 bytes
   514 ;; Hardware stack levels used:    1
   515 ;; This function calls:
   516 ;;		Nothing
   517 ;; This function is called by:
   518 ;;		_main
   519 ;;		_send_str
   520 ;; This function uses a non-reentrant model
   521 ;;
   522                           
   523                           
   524                           ;psect for function _data_4bit
   525  07C1                     _data_4bit:	
   526                           
   527                           ;incstack = 0
   528                           ; Regs used in _data_4bit: [wreg+status,2+status,0]
   529                           ;data_4bit@y stored from wreg
   530  07C1  00F2               	movwf	data_4bit@y
   531                           
   532                           ;newmain.c: 52: PORTB& = 0x0F;
   533  07C2  300F               	movlw	15
   534  07C3  00F0               	movwf	??_data_4bit
   535  07C4  0870               	movf	??_data_4bit,w
   536  07C5  1283               	bcf	3,5	;RP0=0, select bank0
   537  07C6  1303               	bcf	3,6	;RP1=0, select bank0
   538  07C7  0586               	andwf	6,f	;volatile
   539                           
   540                           ;newmain.c: 53: RB0=1;
   541  07C8  1406               	bsf	6,0	;volatile
   542                           
   543                           ;newmain.c: 54: RB2=0;
   544  07C9  1106               	bcf	6,2	;volatile
   545                           
   546                           ;newmain.c: 55: PORTB |= (y & 0xF0);
   547  07CA  0872               	movf	data_4bit@y,w
   548  07CB  39F0               	andlw	240
   549  07CC  00F0               	movwf	??_data_4bit
   550  07CD  0870               	movf	??_data_4bit,w
   551  07CE  0486               	iorwf	6,f	;volatile
   552                           
   553                           ;newmain.c: 56: RB2=1;
   554  07CF  1506               	bsf	6,2	;volatile
   555                           
   556                           ;newmain.c: 57: _delay((unsigned long)((10)*(16000000L/4000.0)));
   557  07D0  3034               	movlw	52
   558  07D1  00F1               	movwf	??_data_4bit+1
   559  07D2  30F1               	movlw	241
   560  07D3  00F0               	movwf	??_data_4bit
   561  07D4                     u167:	
   562  07D4  0BF0               	decfsz	??_data_4bit,f
   563  07D5  2FD4               	goto	u167
   564  07D6  0BF1               	decfsz	??_data_4bit+1,f
   565  07D7  2FD4               	goto	u167
   566  07D8  2FD9               	nop2
   567                           
   568                           ;newmain.c: 58: RB2=0;
   569  07D9  1283               	bcf	3,5	;RP0=0, select bank0
   570  07DA  1303               	bcf	3,6	;RP1=0, select bank0
   571  07DB  1106               	bcf	6,2	;volatile
   572                           
   573                           ;newmain.c: 62: PORTB& = 0x0F;
   574  07DC  300F               	movlw	15
   575  07DD  00F0               	movwf	??_data_4bit
   576  07DE  0870               	movf	??_data_4bit,w
   577  07DF  0586               	andwf	6,f	;volatile
   578                           
   579                           ;newmain.c: 63: PORTB |= ((y<<4) & 0xF0);
   580  07E0  0872               	movf	data_4bit@y,w
   581  07E1  00F0               	movwf	??_data_4bit
   582  07E2  3003               	movlw	3
   583  07E3                     u25:	
   584  07E3  1003               	clrc
   585  07E4  0DF0               	rlf	??_data_4bit,f
   586  07E5  3EFF               	addlw	-1
   587  07E6  1D03               	skipz
   588  07E7  2FE3               	goto	u25
   589  07E8  1003               	clrc
   590  07E9  0D70               	rlf	??_data_4bit,w
   591  07EA  39F0               	andlw	240
   592  07EB  00F1               	movwf	??_data_4bit+1
   593  07EC  0871               	movf	??_data_4bit+1,w
   594  07ED  0486               	iorwf	6,f	;volatile
   595                           
   596                           ;newmain.c: 64: RB2=1;
   597  07EE  1506               	bsf	6,2	;volatile
   598                           
   599                           ;newmain.c: 65: _delay((unsigned long)((10)*(16000000L/4000.0)));
   600  07EF  3034               	movlw	52
   601  07F0  00F1               	movwf	??_data_4bit+1
   602  07F1  30F1               	movlw	241
   603  07F2  00F0               	movwf	??_data_4bit
   604  07F3                     u177:	
   605  07F3  0BF0               	decfsz	??_data_4bit,f
   606  07F4  2FF3               	goto	u177
   607  07F5  0BF1               	decfsz	??_data_4bit+1,f
   608  07F6  2FF3               	goto	u177
   609  07F7  2FF8               	nop2
   610                           
   611                           ;newmain.c: 66: RB2=0;
   612  07F8  1283               	bcf	3,5	;RP0=0, select bank0
   613  07F9  1303               	bcf	3,6	;RP1=0, select bank0
   614  07FA  1106               	bcf	6,2	;volatile
   615  07FB  0008               	return
   616  07FC                     __end_of_data_4bit:	
   617  007E                     btemp	set	126	;btemp
   618  007E                     wtemp0	set	126


Data Sizes:
    Strings     0
    Constant    0
    Data        0
    BSS         0
    Persistent  0
    Stack       0

Auto Spaces:
    Space          Size  Autos    Used
    COMMON           14      4       4
    BANK0            80      0       0
    BANK1            80      0       0
    BANK3            96      0       0
    BANK2            96      0       0

Pointer List with Targets:

    None.

Critical Paths under _main in COMMON

    _lcd_init->_cmd_4bit

Critical Paths under _main in BANK0

    None.

Critical Paths under _main in BANK1

    None.

Critical Paths under _main in BANK3

    None.

Critical Paths under _main in BANK2

    None.

Call Graph Tables:

 ---------------------------------------------------------------------------------
 (Depth) Function   	        Calls       Base Space   Used Autos Params    Refs
 ---------------------------------------------------------------------------------
 (0) _main                                                 0     0      0     339
                          _data_4bit
                           _lcd_init
                          _uart_init
 ---------------------------------------------------------------------------------
 (1) _uart_init                                            0     0      0       0
 ---------------------------------------------------------------------------------
 (1) _lcd_init                                             0     0      0     309
                           _cmd_4bit
 ---------------------------------------------------------------------------------
 (2) _cmd_4bit                                             4     2      2     309
                                              0 COMMON     4     2      2
 ---------------------------------------------------------------------------------
 (1) _data_4bit                                            3     3      0      30
                                              0 COMMON     3     3      0
 ---------------------------------------------------------------------------------
 Estimated maximum stack depth 2
 ---------------------------------------------------------------------------------

 Call Graph Graphs:

 _main (ROOT)
   _data_4bit
   _lcd_init
     _cmd_4bit
   _uart_init

 Address spaces:
Name               Size   Autos  Total    Cost      Usage
BITCOMMON            E      0       0       0        0.0%
EEDATA             100      0       0       0        0.0%
NULL                 0      0       0       0        0.0%
CODE                 0      0       0       0        0.0%
COMMON               E      4       4       1       28.6%
BITSFR0              0      0       0       1        0.0%
SFR0                 0      0       0       1        0.0%
BITSFR1              0      0       0       2        0.0%
SFR1                 0      0       0       2        0.0%
STACK                0      0       0       2        0.0%
ABS                  0      0       0       3        0.0%
BITBANK0            50      0       0       4        0.0%
BITSFR3              0      0       0       4        0.0%
SFR3                 0      0       0       4        0.0%
BANK0               50      0       0       5        0.0%
BITSFR2              0      0       0       5        0.0%
SFR2                 0      0       0       5        0.0%
BITBANK1            50      0       0       6        0.0%
BANK1               50      0       0       7        0.0%
BITBANK3            60      0       0       8        0.0%
BANK3               60      0       0       9        0.0%
BITBANK2            60      0       0      10        0.0%
BANK2               60      0       0      11        0.0%
DATA                 0      0       0      12        0.0%


Microchip Technology PIC Macro Assembler V1.45 build -152302408 
Symbol Table                                                                                   Mon Jan 06 15:23:20 2020

                     u25 07E3                      _RB0 0030                      _RB2 0032  
                    u105 07A8                      u147 0799                      u157 07B8  
                    u167 07D4                      u177 07F3                     _RCIF 0065  
                   _TRMT 04C1                     _main 074E                     btemp 007E  
                   start 0000                    ?_main 0070                    _RCREG 001A  
                  _RCSTA 0018                    _SPBRG 0099                    _PORTB 0006  
                  _TRISB 0086                    _TXREG 0019                    _TXSTA 0098  
                  status 0003                    wtemp0 007E          __initialization 07FC  
           __end_of_main 0764                   ??_main 0074         __end_of_cmd_4bit 07C1  
                 _TRISC6 043E                   _TRISC7 043F         __end_of_lcd_init 0787  
__end_of__initialization 07FC           __pcstackCOMMON 0070       __size_of_data_4bit 003B  
             __pmaintext 074E                ?_cmd_4bit 0070       __size_of_uart_init 000D  
      __end_of_data_4bit 07FC                ?_lcd_init 0070               data_4bit@y 0072  
                __ptext1 0741                  __ptext2 0764                  __ptext3 0787  
                __ptext4 07C1               ??_cmd_4bit 0072               ??_lcd_init 0074  
   end_of_initialization 07FC        __end_of_uart_init 074E      start_initialization 07FC  
              ___latbits 0002        __size_of_cmd_4bit 003A        __size_of_lcd_init 0023  
              _data_4bit 07C1                cmd_4bit@x 0070               ?_data_4bit 0070  
              _uart_init 0741               ?_uart_init 0070                 _cmd_4bit 0787  
               _lcd_init 0764              ??_data_4bit 0070            __size_of_main 0016  
            ??_uart_init 0070  
