

Microchip Technology PIC LITE Macro Assembler V1.45 build -152302408 
                                                                                               Tue Jun 16 15:35:04 2020

Microchip Technology Omniscient Code Generator v1.45 (Free mode) build 201711160504
     1                           	processor	16F877A
     2                           	opt	pw 120
     3                           	opt	lm
     4                           	psect	cinit,global,class=CODE,merge=1,delta=2
     5                           	psect	bssCOMMON,global,class=COMMON,space=1,delta=1
     6                           	psect	cstackCOMMON,global,class=COMMON,space=1,delta=1
     7                           	psect	maintext,global,class=CODE,split=1,delta=2
     8                           	psect	text1,local,class=CODE,merge=1,delta=2
     9                           	psect	intentry,global,class=CODE,delta=2
    10                           	dabs	1,0x7E,2
    11  0000                     
    12                           ; Version 1.45
    13                           ; Generated 16/11/2017 GMT
    14                           ; 
    15                           ; Copyright © 2017, Microchip Technology Inc. and its subsidiaries ("Microchip")
    16                           ; All rights reserved.
    17                           ; 
    18                           ; This software is developed by Microchip Technology Inc. and its subsidiaries ("Microch
      +                          ip").
    19                           ; 
    20                           ; Redistribution and use in source and binary forms, with or without modification, are
    21                           ; permitted provided that the following conditions are met:
    22                           ; 
    23                           ;     1. Redistributions of source code must retain the above copyright notice, this lis
      +                          t of
    24                           ;        conditions and the following disclaimer.
    25                           ; 
    26                           ;     2. Redistributions in binary form must reproduce the above copyright notice, this 
      +                          list
    27                           ;        of conditions and the following disclaimer in the documentation and/or other
    28                           ;        materials provided with the distribution.
    29                           ; 
    30                           ;     3. Microchip's name may not be used to endorse or promote products derived from th
      +                          is
    31                           ;        software without specific prior written permission.
    32                           ; 
    33                           ; THIS SOFTWARE IS PROVIDED BY MICROCHIP "AS IS" AND ANY EXPRESS OR IMPLIED WARRANTIES,
    34                           ; INCLUDING, BUT NOT LIMITED TO, THE IMPLIED WARRANTIES OF MERCHANTABILITY AND FITNESS F
      +                          OR
    35                           ; PURPOSE ARE DISCLAIMED.  IN NO EVENT SHALL MICROCHIP BE LIABLE FOR ANY DIRECT, INDIREC
      +                          T,
    36                           ; INCIDENTAL, SPECIAL, EXEMPLARY, OR CONSEQUENTIAL DAMAGES (INCLUDING BUT NOT LIMITED TO
    37                           ; PROCUREMENT OF SUBSTITUTE GOODS OR SERVICES; LOSS OF USE, DATA OR PROFITS; OR BUSINESS
    38                           ; INTERRUPTION) HOWSOEVER CAUSED AND ON ANY THEORY OF LIABILITY, WHETHER IN CONTRACT, ST
      +                          RICT
    39                           ; LIABILITY, OR TORT (INCLUDING NEGLIGENCE OR OTHERWISE) ARISING IN ANY WAY OUT OF THE U
      +                          SE OF
    40                           ; THIS SOFTWARE, EVEN IF ADVISED OF THE POSSIBILITY OF SUCH DAMAGE.
    41                           ; 
    42                           ; 
    43                           ; Code-generator required, PIC16F877A Definitions
    44                           ; 
    45                           ; SFR Addresses
    46  0000                     	;# 
    47  0001                     	;# 
    48  0002                     	;# 
    49  0003                     	;# 
    50  0004                     	;# 
    51  0005                     	;# 
    52  0006                     	;# 
    53  0007                     	;# 
    54  0008                     	;# 
    55  0009                     	;# 
    56  000A                     	;# 
    57  000B                     	;# 
    58  000C                     	;# 
    59  000D                     	;# 
    60  000E                     	;# 
    61  000E                     	;# 
    62  000F                     	;# 
    63  0010                     	;# 
    64  0011                     	;# 
    65  0012                     	;# 
    66  0013                     	;# 
    67  0014                     	;# 
    68  0015                     	;# 
    69  0015                     	;# 
    70  0016                     	;# 
    71  0017                     	;# 
    72  0018                     	;# 
    73  0019                     	;# 
    74  001A                     	;# 
    75  001B                     	;# 
    76  001B                     	;# 
    77  001C                     	;# 
    78  001D                     	;# 
    79  001E                     	;# 
    80  001F                     	;# 
    81  0081                     	;# 
    82  0085                     	;# 
    83  0086                     	;# 
    84  0087                     	;# 
    85  0088                     	;# 
    86  0089                     	;# 
    87  008C                     	;# 
    88  008D                     	;# 
    89  008E                     	;# 
    90  0091                     	;# 
    91  0092                     	;# 
    92  0093                     	;# 
    93  0094                     	;# 
    94  0098                     	;# 
    95  0099                     	;# 
    96  009C                     	;# 
    97  009D                     	;# 
    98  009E                     	;# 
    99  009F                     	;# 
   100  010C                     	;# 
   101  010D                     	;# 
   102  010E                     	;# 
   103  010F                     	;# 
   104  018C                     	;# 
   105  018D                     	;# 
   106  003D                     _RC5	set	61
   107  005D                     _TMR0IE	set	93
   108  005E                     _PEIE	set	94
   109  005F                     _GIE	set	95
   110  005A                     _TMR0IF	set	90
   111  0081                     _OPTION_REG	set	129
   112  043D                     _TRISC5	set	1085
   113                           
   114                           	psect	cinit
   115  0015                     start_initialization:	
   116                           ; #config settings
   117                           
   118  0015                     __initialization:	
   119                           
   120                           ; Clear objects allocated to COMMON
   121  0015  01F0               	clrf	__pbssCOMMON& (0+127)
   122  0016  01F1               	clrf	(__pbssCOMMON+1)& (0+127)
   123  0017  01F2               	clrf	(__pbssCOMMON+2)& (0+127)
   124  0018  01F3               	clrf	(__pbssCOMMON+3)& (0+127)
   125  0019                     end_of_initialization:	
   126                           ;End of C runtime variable initialization code
   127                           
   128  0019                     __end_of__initialization:	
   129  0019  0183               	clrf	3
   130  001A  120A  118A  283A   	ljmp	_main	;jump to C main() function
   131                           
   132                           	psect	bssCOMMON
   133  0070                     __pbssCOMMON:	
   134  0070                     _VAL:	
   135  0070                     	ds	2
   136  0072                     _c:	
   137  0072                     	ds	2
   138                           
   139                           	psect	cstackCOMMON
   140  0074                     __pcstackCOMMON:	
   141  0074                     ?_timer_isr:	
   142  0074                     ??_timer_isr:	
   143                           ; 1 bytes @ 0x0
   144                           
   145  0074                     ?_main:	
   146                           ; 1 bytes @ 0x0
   147                           
   148                           
   149                           ; 1 bytes @ 0x0
   150  0074                     	ds	4
   151  0078                     ??_main:	
   152                           
   153                           	psect	maintext
   154  003A                     __pmaintext:	
   155                           ; 1 bytes @ 0x4
   156 ;;
   157 ;;Main: autosize = 0, tempsize = 0, incstack = 0, save=0
   158 ;;
   159 ;; *************** function _main *****************
   160 ;; Defined at:
   161 ;;		line 29 in file "newmain.c"
   162 ;; Parameters:    Size  Location     Type
   163 ;;		None
   164 ;; Auto vars:     Size  Location     Type
   165 ;;		None
   166 ;; Return value:  Size  Location     Type
   167 ;;                  1    wreg      void 
   168 ;; Registers used:
   169 ;;		wreg
   170 ;; Tracked objects:
   171 ;;		On entry : B00/0
   172 ;;		On exit  : 0/0
   173 ;;		Unchanged: 0/0
   174 ;; Data sizes:     COMMON   BANK0   BANK1   BANK3   BANK2
   175 ;;      Params:         0       0       0       0       0
   176 ;;      Locals:         0       0       0       0       0
   177 ;;      Temps:          0       0       0       0       0
   178 ;;      Totals:         0       0       0       0       0
   179 ;;Total ram usage:        0 bytes
   180 ;; Hardware stack levels required when called:    1
   181 ;; This function calls:
   182 ;;		Nothing
   183 ;; This function is called by:
   184 ;;		Startup code after reset
   185 ;; This function uses a non-reentrant model
   186 ;;
   187                           
   188                           
   189                           ;psect for function _main
   190  003A                     _main:	
   191                           
   192                           ;newmain.c: 30: TRISC5=0;
   193                           
   194                           ;incstack = 0
   195                           ; Regs used in _main: [wreg]
   196  003A  1683               	bsf	3,5	;RP0=1, select bank1
   197  003B  1303               	bcf	3,6	;RP1=0, select bank1
   198  003C  1287               	bcf	7,5	;volatile
   199                           
   200                           ;newmain.c: 31: OPTION_REG=0x07;
   201  003D  3007               	movlw	7
   202  003E  0081               	movwf	1	;volatile
   203                           
   204                           ;newmain.c: 32: GIE=1;
   205  003F  178B               	bsf	11,7	;volatile
   206                           
   207                           ;newmain.c: 33: PEIE=1;
   208  0040  170B               	bsf	11,6	;volatile
   209                           
   210                           ;newmain.c: 34: TMR0IE=1;
   211  0041  168B               	bsf	11,5	;volatile
   212                           
   213                           ;newmain.c: 36: TMR0IF=0;
   214  0042  110B               	bcf	11,2	;volatile
   215  0043                     L1:	
   216                           
   217                           ;newmain.c: 37: RC5=0;
   218  0043  1283               	bcf	3,5	;RP0=0, select bank0
   219  0044  1303               	bcf	3,6	;RP1=0, select bank0
   220  0045  1287               	bcf	7,5	;volatile
   221  0046                     l519:	
   222                           ;newmain.c: 38: while(1)
   223                           
   224                           
   225                           ;newmain.c: 39: {
   226                           ;newmain.c: 40: RC5=VAL;
   227  0046  1C70               	btfss	_VAL,0
   228  0047  2843               	goto	L1
   229  0048  1283               	bcf	3,5	;RP0=0, select bank0
   230  0049  1303               	bcf	3,6	;RP1=0, select bank0
   231  004A  1687               	bsf	7,5	;volatile
   232  004B  2846               	goto	l519
   233  004C                     __end_of_main:	
   234                           ;newmain.c: 41: }
   235                           ;newmain.c: 43: return;
   236                           
   237                           
   238                           	psect	text1
   239  001D                     __ptext1:	
   240 ;; *************** function _timer_isr *****************
   241 ;; Defined at:
   242 ;;		line 13 in file "newmain.c"
   243 ;; Parameters:    Size  Location     Type
   244 ;;		None
   245 ;; Auto vars:     Size  Location     Type
   246 ;;		None
   247 ;; Return value:  Size  Location     Type
   248 ;;                  1    wreg      void 
   249 ;; Registers used:
   250 ;;		wreg, status,2, status,0
   251 ;; Tracked objects:
   252 ;;		On entry : 0/0
   253 ;;		On exit  : 0/0
   254 ;;		Unchanged: 0/0
   255 ;; Data sizes:     COMMON   BANK0   BANK1   BANK3   BANK2
   256 ;;      Params:         0       0       0       0       0
   257 ;;      Locals:         0       0       0       0       0
   258 ;;      Temps:          4       0       0       0       0
   259 ;;      Totals:         4       0       0       0       0
   260 ;;Total ram usage:        4 bytes
   261 ;; Hardware stack levels used:    1
   262 ;; This function calls:
   263 ;;		Nothing
   264 ;; This function is called by:
   265 ;;		Interrupt level 1
   266 ;; This function uses a non-reentrant model
   267 ;;
   268                           
   269                           
   270                           ;psect for function _timer_isr
   271  001D                     _timer_isr:	
   272                           
   273                           ;newmain.c: 15: if(TMR0IF==1)
   274  001D  1D0B               	btfss	11,2	;volatile
   275  001E  2826               	goto	i1l499
   276                           
   277                           ;newmain.c: 16: {
   278                           ;newmain.c: 17: c++;
   279  001F  3001               	movlw	1
   280  0020  07F2               	addwf	_c,f
   281  0021  1803               	skipnc
   282  0022  0AF3               	incf	_c+1,f
   283  0023  3000               	movlw	0
   284  0024  07F3               	addwf	_c+1,f
   285                           
   286                           ;newmain.c: 18: TMR0IF=0;
   287  0025  110B               	bcf	11,2	;volatile
   288  0026                     i1l499:	
   289                           
   290                           ;newmain.c: 20: }
   291                           ;newmain.c: 21: if(c==65)
   292  0026  3041               	movlw	65
   293  0027  0672               	xorwf	_c,w
   294  0028  0473               	iorwf	_c+1,w
   295  0029  1D03               	btfss	3,2
   296  002A  282F               	goto	i1l25
   297                           
   298                           ;newmain.c: 22: {
   299                           ;newmain.c: 23: VAL=~VAL;
   300  002B  09F0               	comf	_VAL,f
   301  002C  09F1               	comf	_VAL+1,f
   302                           
   303                           ;newmain.c: 24: c=0;
   304  002D  01F2               	clrf	_c
   305  002E  01F3               	clrf	_c+1
   306  002F                     i1l25:	
   307  002F  0877               	movf	??_timer_isr+3,w
   308  0030  00FF               	movwf	127
   309  0031  0876               	movf	??_timer_isr+2,w
   310  0032  008A               	movwf	10
   311  0033  0875               	movf	??_timer_isr+1,w
   312  0034  0084               	movwf	4
   313  0035  0E74               	swapf	??_timer_isr^(0+-128),w
   314  0036  0083               	movwf	3
   315  0037  0EFE               	swapf	126,f
   316  0038  0E7E               	swapf	126,w
   317  0039  0009               	retfie
   318  003A                     __end_of_timer_isr:	
   319  007E                     btemp	set	126	;btemp
   320  007E                     wtemp0	set	126
   321                           
   322                           	psect	intentry
   323  0004                     __pintentry:	
   324                           ;incstack = 0
   325                           ; Regs used in _timer_isr: [wreg+status,2+status,0]
   326                           
   327  0004                     interrupt_function:	
   328  007E                     saved_w	set	btemp
   329  0004  00FE               	movwf	btemp
   330  0005  0E03               	swapf	3,w
   331  0006  00F4               	movwf	??_timer_isr
   332  0007  0804               	movf	4,w
   333  0008  00F5               	movwf	??_timer_isr+1
   334  0009  080A               	movf	10,w
   335  000A  00F6               	movwf	??_timer_isr+2
   336  000B  1283               	bcf	3,5	;RP0=0, select bank0
   337  000C  1303               	bcf	3,6	;RP1=0, select bank0
   338  000D  087F               	movf	btemp+1,w
   339  000E  00F7               	movwf	??_timer_isr+3
   340  000F  120A  118A  281D   	ljmp	_timer_isr


Data Sizes:
    Strings     0
    Constant    0
    Data        0
    BSS         4
    Persistent  0
    Stack       0

Auto Spaces:
    Space          Size  Autos    Used
    COMMON           14      4       8
    BANK0            80      0       0
    BANK1            80      0       0
    BANK3            96      0       0
    BANK2            96      0       0

Pointer List with Targets:

    None.

Critical Paths under _main in COMMON

    None.

Critical Paths under _timer_isr in COMMON

    None.

Critical Paths under _main in BANK0

    None.

Critical Paths under _timer_isr in BANK0

    None.

Critical Paths under _main in BANK1

    None.

Critical Paths under _timer_isr in BANK1

    None.

Critical Paths under _main in BANK3

    None.

Critical Paths under _timer_isr in BANK3

    None.

Critical Paths under _main in BANK2

    None.

Critical Paths under _timer_isr in BANK2

    None.

Call Graph Tables:

 ---------------------------------------------------------------------------------
 (Depth) Function   	        Calls       Base Space   Used Autos Params    Refs
 ---------------------------------------------------------------------------------
 (0) _main                                                 0     0      0       0
 ---------------------------------------------------------------------------------
 Estimated maximum stack depth 0
 ---------------------------------------------------------------------------------
 (Depth) Function   	        Calls       Base Space   Used Autos Params    Refs
 ---------------------------------------------------------------------------------
 (1) _timer_isr                                            4     4      0       0
                                              0 COMMON     4     4      0
 ---------------------------------------------------------------------------------
 Estimated maximum stack depth 1
 ---------------------------------------------------------------------------------

 Call Graph Graphs:

 _main (ROOT)

 _timer_isr (ROOT)

 Address spaces:
Name               Size   Autos  Total    Cost      Usage
BITCOMMON            E      0       0       0        0.0%
EEDATA             100      0       0       0        0.0%
NULL                 0      0       0       0        0.0%
CODE                 0      0       0       0        0.0%
COMMON               E      4       8       1       57.1%
BITSFR0              0      0       0       1        0.0%
SFR0                 0      0       0       1        0.0%
BITSFR1              0      0       0       2        0.0%
SFR1                 0      0       0       2        0.0%
STACK                0      0       0       2        0.0%
ABS                  0      0       8       3        0.0%
BITBANK0            50      0       0       4        0.0%
BITSFR3              0      0       0       4        0.0%
SFR3                 0      0       0       4        0.0%
BANK0               50      0       0       5        0.0%
BITSFR2              0      0       0       5        0.0%
SFR2                 0      0       0       5        0.0%
BITBANK1            50      0       0       6        0.0%
BANK1               50      0       0       7        0.0%
BITBANK3            60      0       0       8        0.0%
BANK3               60      0       0       9        0.0%
BITBANK2            60      0       0      10        0.0%
BANK2               60      0       0      11        0.0%
DATA                 0      0       8      12        0.0%


Microchip Technology PIC Macro Assembler V1.45 build -152302408 
Symbol Table                                                                                   Tue Jun 16 15:35:04 2020

                      _c 0072                      l519 0046                      _GIE 005F  
                    _RC5 003D                      _VAL 0070                      fsr0 0004  
                   _PEIE 005E                     i1l25 002F                     _main 003A  
                   btemp 007E                     start 0012                    ?_main 0074  
                  i1l499 0026                    pclath 000A                    status 0003  
                  wtemp0 007E          __initialization 0015             __end_of_main 004C  
                 ??_main 0078                   _TMR0IE 005D                   _TMR0IF 005A  
                 _TRISC5 043D                   saved_w 007E  __end_of__initialization 0019  
         __pcstackCOMMON 0074               __pmaintext 003A               __pintentry 0004  
     __size_of_timer_isr 001D                  __ptext1 001D     end_of_initialization 0019  
      __end_of_timer_isr 003A      start_initialization 0015              __pbssCOMMON 0070  
              ___latbits 0002        interrupt_function 0004                _timer_isr 001D  
             ?_timer_isr 0074            __size_of_main 0012                 intlevel1 0000  
            ??_timer_isr 0074               _OPTION_REG 0081  
