

Microchip Technology PIC LITE Macro Assembler V2.00 build -1524193055 
                                                                                               Thu Oct 25 15:38:24 2018

Microchip Technology Omniscient Code Generator v2.00 (Free mode) build 20180527130849
     1  0000                     
      + 0000                     
     2                           ; Version 2.00
     3                           ; Generated 27/05/2018 GMT
     4                           
     5                           ; 
     6                           ; Copyright © 2018, Microchip Technology Inc. and its subsidiaries ("Microchip")
     7                           ; All rights reserved.
     8                           ; 
     9                           ; This software is developed by Microchip Technology Inc. and its subsidiaries ("Microch
                                 ip").
    10                           ; 
    11                           ; Redistribution and use in source and binary forms, with or without modification, are
    12                           ; permitted provided that the following conditions are met:
    13                           ; 
    14                           ;     1. Redistributions of source code must retain the above copyright notice, this lis
                                 t of
    15                           ;        conditions and the following disclaimer.
    16                           ; 
    17                           ;     2. Redistributions in binary form must reproduce the above copyright notice, this 
                                 list
    18                           ;        of conditions and the following disclaimer in the documentation and/or other
    19                           ;        materials provided with the distribution.
    20                           ; 
    21                           ;     3. Microchip's name may not be used to endorse or promote products derived from th
                                 is
    22                           ;        software without specific prior written permission.
    23                           ; 
    24                           ; THIS SOFTWARE IS PROVIDED BY MICROCHIP "AS IS" AND ANY EXPRESS OR IMPLIED WARRANTIES,

    25                           ; INCLUDING, BUT NOT LIMITED TO, THE IMPLIED WARRANTIES OF MERCHANTABILITY AND FITNESS F
                                 OR
    26                           ; PURPOSE ARE DISCLAIMED.  IN NO EVENT SHALL MICROCHIP BE LIABLE FOR ANY DIRECT, INDIREC
                                 T,
    27                           ; INCIDENTAL, SPECIAL, EXEMPLARY, OR CONSEQUENTIAL DAMAGES (INCLUDING BUT NOT LIMITED TO
                                 
    28                           ; PROCUREMENT OF SUBSTITUTE GOODS OR SERVICES; LOSS OF USE, DATA OR PROFITS; OR BUSINESS
                                 
    29                           ; INTERRUPTION) HOWSOEVER CAUSED AND ON ANY THEORY OF LIABILITY, WHETHER IN CONTRACT, ST
                                 RICT
    30                           ; LIABILITY, OR TORT (INCLUDING NEGLIGENCE OR OTHERWISE) ARISING IN ANY WAY OUT OF THE U
                                 SE OF
    31                           ; THIS SOFTWARE, EVEN IF ADVISED OF THE POSSIBILITY OF SUCH DAMAGE.
    32                           ; 
    33                           
    34                           
    35                           ; 
    36                           ; Code-generator required, PIC16F877A Definitions
    37                           ; 
    38  0004                     fsr0 equ 04h
    39  0004                     indf equ 00h
    40  0000                     indf0 equ 00h
    41  0000                     pc equ 02h
    42  0002                     pcl equ 02h
    43  0002                     pclath equ 0Ah
    44  000A                     status equ 03h
    45  0003                     
     2                           opt pagewidth 120
     3  0000                     byte0	macro	val
     4                           	(getbyte(val,0))
     5                           endm
     6  0000                     byte1	macro	val
     7                           	(getbyte(val,1))
     8                           endm
     9  0000                     byte2	macro	val
    10                           	(getbyte(val,2))
    11                           endm
    12  0000                     byte3	macro	val
    13                           	(getbyte(val,3))
    14                           endm
    15  0000                     byte4	macro	val
    16                           	(getbyte(val,4))
    17                           endm
    18  0000                     byte5	macro	val
    19                           	(getbyte(val,5))
    20                           endm
    21  0000                     byte6	macro	val
    22                           	(getbyte(val,6))
    23                           endm
    24  0000                     byte7	macro	val
    25                           	(getbyte(val,7))
    26                           endm
    27  0000                     getword	macro	val,pos
    28                           	(((val) >> (8 * pos)) and 0xffff)
    29                           endm
    30  0000                     word0	macro	val
    31                           	(getword(val,0))
    32                           endm
    33  0000                     word1	macro	val
    34                           	(getword(val,2))
    35                           endm
    36  0000                     word2	macro	val
    37                           	(getword(val,4))
    38                           endm
    39  0000                     word3	macro	val
    40                           	(getword(val,6))
    41                           endm
    42  0000                     gettword	macro	val,pos
    43                           	(((val) >> (8 * pos)) and 0xffffff)
    44                           endm
    45  0000                     tword0	macro	val
    46                           	(gettword(val,0))
    47                           endm
    48  0000                     tword1	macro	val
    49                           	(gettword(val,3))
    50                           endm
    51  0000                     tword2	macro	val
    52                           	(gettword(val,6))
    53                           endm
    54  0000                     getdword	macro	val,pos
    55                           	(((val) >> (8 * pos)) and 0xffffffff)
    56                           endm
    57  0000                     dword0	macro	val
    58                           	(getdword(val,0))
    59                           endm
    60  0000                     dword1	macro	val
    61                           	(getdword(val,4))
    62                           endm
    63  0000                     clrc	macro
    64                           	bcf	3,0
    65                           	endm
    66  0000                     clrz	macro
    67                           	bcf	3,2
    68                           	endm
    69  0000                     setc	macro
    70                           	bsf	3,0
    71                           	endm
    72  0000                     setz	macro
    73                           	bsf	3,2
    74                           	endm
    75  0000                     skipc	macro
    76                           	btfss	3,0
    77                           	endm
    78  0000                     skipz	macro
    79                           	btfss	3,2
    80                           	endm
    81  0000                     skipnc	macro
    82                           	btfsc	3,0
    83                           	endm
    84  0000                     skipnz	macro
    85                           	btfsc	3,2
    86                           	endm
    87  0000                     # 54 "C:\Program Files (x86)\Microchip\xc8\v2.00\pic\include\pic16f877a.h"
    88                           INDF equ 00h ;# 
    89  0000                     # 61 "C:\Program Files (x86)\Microchip\xc8\v2.00\pic\include\pic16f877a.h"
    90                           TMR0 equ 01h ;# 
    91  0001                     # 68 "C:\Program Files (x86)\Microchip\xc8\v2.00\pic\include\pic16f877a.h"
    92                           PCL equ 02h ;# 
    93  0002                     # 75 "C:\Program Files (x86)\Microchip\xc8\v2.00\pic\include\pic16f877a.h"
    94                           STATUS equ 03h ;# 
    95  0003                     # 161 "C:\Program Files (x86)\Microchip\xc8\v2.00\pic\include\pic16f877a.h"
    96                           FSR equ 04h ;# 
    97  0004                     # 168 "C:\Program Files (x86)\Microchip\xc8\v2.00\pic\include\pic16f877a.h"
    98                           PORTA equ 05h ;# 
    99  0005                     # 218 "C:\Program Files (x86)\Microchip\xc8\v2.00\pic\include\pic16f877a.h"
   100                           PORTB equ 06h ;# 
   101  0006                     # 280 "C:\Program Files (x86)\Microchip\xc8\v2.00\pic\include\pic16f877a.h"
   102                           PORTC equ 07h ;# 
   103  0007                     # 342 "C:\Program Files (x86)\Microchip\xc8\v2.00\pic\include\pic16f877a.h"
   104                           PORTD equ 08h ;# 
   105  0008                     # 404 "C:\Program Files (x86)\Microchip\xc8\v2.00\pic\include\pic16f877a.h"
   106                           PORTE equ 09h ;# 
   107  0009                     # 436 "C:\Program Files (x86)\Microchip\xc8\v2.00\pic\include\pic16f877a.h"
   108                           PCLATH equ 0Ah ;# 
   109  000A                     # 456 "C:\Program Files (x86)\Microchip\xc8\v2.00\pic\include\pic16f877a.h"
   110                           INTCON equ 0Bh ;# 
   111  000B                     # 534 "C:\Program Files (x86)\Microchip\xc8\v2.00\pic\include\pic16f877a.h"
   112                           PIR1 equ 0Ch ;# 
   113  000C                     # 596 "C:\Program Files (x86)\Microchip\xc8\v2.00\pic\include\pic16f877a.h"
   114                           PIR2 equ 0Dh ;# 
   115  000D                     # 636 "C:\Program Files (x86)\Microchip\xc8\v2.00\pic\include\pic16f877a.h"
   116                           TMR1 equ 0Eh ;# 
   117  000E                     # 643 "C:\Program Files (x86)\Microchip\xc8\v2.00\pic\include\pic16f877a.h"
   118                           TMR1L equ 0Eh ;# 
   119  000E                     # 650 "C:\Program Files (x86)\Microchip\xc8\v2.00\pic\include\pic16f877a.h"
   120                           TMR1H equ 0Fh ;# 
   121  000F                     # 657 "C:\Program Files (x86)\Microchip\xc8\v2.00\pic\include\pic16f877a.h"
   122                           T1CON equ 010h ;# 
   123  0010                     # 732 "C:\Program Files (x86)\Microchip\xc8\v2.00\pic\include\pic16f877a.h"
   124                           TMR2 equ 011h ;# 
   125  0011                     # 739 "C:\Program Files (x86)\Microchip\xc8\v2.00\pic\include\pic16f877a.h"
   126                           T2CON equ 012h ;# 
   127  0012                     # 810 "C:\Program Files (x86)\Microchip\xc8\v2.00\pic\include\pic16f877a.h"
   128                           SSPBUF equ 013h ;# 
   129  0013                     # 817 "C:\Program Files (x86)\Microchip\xc8\v2.00\pic\include\pic16f877a.h"
   130                           SSPCON equ 014h ;# 
   131  0014                     # 887 "C:\Program Files (x86)\Microchip\xc8\v2.00\pic\include\pic16f877a.h"
   132                           CCPR1 equ 015h ;# 
   133  0015                     # 894 "C:\Program Files (x86)\Microchip\xc8\v2.00\pic\include\pic16f877a.h"
   134                           CCPR1L equ 015h ;# 
   135  0015                     # 901 "C:\Program Files (x86)\Microchip\xc8\v2.00\pic\include\pic16f877a.h"
   136                           CCPR1H equ 016h ;# 
   137  0016                     # 908 "C:\Program Files (x86)\Microchip\xc8\v2.00\pic\include\pic16f877a.h"
   138                           CCP1CON equ 017h ;# 
   139  0017                     # 966 "C:\Program Files (x86)\Microchip\xc8\v2.00\pic\include\pic16f877a.h"
   140                           RCSTA equ 018h ;# 
   141  0018                     # 1061 "C:\Program Files (x86)\Microchip\xc8\v2.00\pic\include\pic16f877a.h"
   142                           TXREG equ 019h ;# 
   143  0019                     # 1068 "C:\Program Files (x86)\Microchip\xc8\v2.00\pic\include\pic16f877a.h"
   144                           RCREG equ 01Ah ;# 
   145  001A                     # 1075 "C:\Program Files (x86)\Microchip\xc8\v2.00\pic\include\pic16f877a.h"
   146                           CCPR2 equ 01Bh ;# 
   147  001B                     # 1082 "C:\Program Files (x86)\Microchip\xc8\v2.00\pic\include\pic16f877a.h"
   148                           CCPR2L equ 01Bh ;# 
   149  001B                     # 1089 "C:\Program Files (x86)\Microchip\xc8\v2.00\pic\include\pic16f877a.h"
   150                           CCPR2H equ 01Ch ;# 
   151  001C                     # 1096 "C:\Program Files (x86)\Microchip\xc8\v2.00\pic\include\pic16f877a.h"
   152                           CCP2CON equ 01Dh ;# 
   153  001D                     # 1154 "C:\Program Files (x86)\Microchip\xc8\v2.00\pic\include\pic16f877a.h"
   154                           ADRESH equ 01Eh ;# 
   155  001E                     # 1161 "C:\Program Files (x86)\Microchip\xc8\v2.00\pic\include\pic16f877a.h"
   156                           ADCON0 equ 01Fh ;# 
   157  001F                     # 1257 "C:\Program Files (x86)\Microchip\xc8\v2.00\pic\include\pic16f877a.h"
   158                           OPTION_REG equ 081h ;# 
   159  0081                     # 1327 "C:\Program Files (x86)\Microchip\xc8\v2.00\pic\include\pic16f877a.h"
   160                           TRISA equ 085h ;# 
   161  0085                     # 1377 "C:\Program Files (x86)\Microchip\xc8\v2.00\pic\include\pic16f877a.h"
   162                           TRISB equ 086h ;# 
   163  0086                     # 1439 "C:\Program Files (x86)\Microchip\xc8\v2.00\pic\include\pic16f877a.h"
   164                           TRISC equ 087h ;# 
   165  0087                     # 1501 "C:\Program Files (x86)\Microchip\xc8\v2.00\pic\include\pic16f877a.h"
   166                           TRISD equ 088h ;# 
   167  0088                     # 1563 "C:\Program Files (x86)\Microchip\xc8\v2.00\pic\include\pic16f877a.h"
   168                           TRISE equ 089h ;# 
   169  0089                     # 1620 "C:\Program Files (x86)\Microchip\xc8\v2.00\pic\include\pic16f877a.h"
   170                           PIE1 equ 08Ch ;# 
   171  008C                     # 1682 "C:\Program Files (x86)\Microchip\xc8\v2.00\pic\include\pic16f877a.h"
   172                           PIE2 equ 08Dh ;# 
   173  008D                     # 1722 "C:\Program Files (x86)\Microchip\xc8\v2.00\pic\include\pic16f877a.h"
   174                           PCON equ 08Eh ;# 
   175  008E                     # 1756 "C:\Program Files (x86)\Microchip\xc8\v2.00\pic\include\pic16f877a.h"
   176                           SSPCON2 equ 091h ;# 
   177  0091                     # 1818 "C:\Program Files (x86)\Microchip\xc8\v2.00\pic\include\pic16f877a.h"
   178                           PR2 equ 092h ;# 
   179  0092                     # 1825 "C:\Program Files (x86)\Microchip\xc8\v2.00\pic\include\pic16f877a.h"
   180                           SSPADD equ 093h ;# 
   181  0093                     # 1832 "C:\Program Files (x86)\Microchip\xc8\v2.00\pic\include\pic16f877a.h"
   182                           SSPSTAT equ 094h ;# 
   183  0094                     # 2001 "C:\Program Files (x86)\Microchip\xc8\v2.00\pic\include\pic16f877a.h"
   184                           TXSTA equ 098h ;# 
   185  0098                     # 2082 "C:\Program Files (x86)\Microchip\xc8\v2.00\pic\include\pic16f877a.h"
   186                           SPBRG equ 099h ;# 
   187  0099                     # 2089 "C:\Program Files (x86)\Microchip\xc8\v2.00\pic\include\pic16f877a.h"
   188                           CMCON equ 09Ch ;# 
   189  009C                     # 2159 "C:\Program Files (x86)\Microchip\xc8\v2.00\pic\include\pic16f877a.h"
   190                           CVRCON equ 09Dh ;# 
   191  009D                     # 2224 "C:\Program Files (x86)\Microchip\xc8\v2.00\pic\include\pic16f877a.h"
   192                           ADRESL equ 09Eh ;# 
   193  009E                     # 2231 "C:\Program Files (x86)\Microchip\xc8\v2.00\pic\include\pic16f877a.h"
   194                           ADCON1 equ 09Fh ;# 
   195  009F                     # 2290 "C:\Program Files (x86)\Microchip\xc8\v2.00\pic\include\pic16f877a.h"
   196                           EEDATA equ 010Ch ;# 
   197  010C                     # 2297 "C:\Program Files (x86)\Microchip\xc8\v2.00\pic\include\pic16f877a.h"
   198                           EEADR equ 010Dh ;# 
   199  010D                     # 2304 "C:\Program Files (x86)\Microchip\xc8\v2.00\pic\include\pic16f877a.h"
   200                           EEDATH equ 010Eh ;# 
   201  010E                     # 2311 "C:\Program Files (x86)\Microchip\xc8\v2.00\pic\include\pic16f877a.h"
   202                           EEADRH equ 010Fh ;# 
   203  010F                     # 2318 "C:\Program Files (x86)\Microchip\xc8\v2.00\pic\include\pic16f877a.h"
   204                           EECON1 equ 018Ch ;# 
   205  018C                     # 2363 "C:\Program Files (x86)\Microchip\xc8\v2.00\pic\include\pic16f877a.h"
   206                           EECON2 equ 018Dh ;# 
   207  018D                     # 54 "C:\Program Files (x86)\Microchip\xc8\v2.00\pic\include\pic16f877a.h"
   208                           INDF equ 00h ;# 
   209  0000                     # 61 "C:\Program Files (x86)\Microchip\xc8\v2.00\pic\include\pic16f877a.h"
   210                           TMR0 equ 01h ;# 
   211  0001                     # 68 "C:\Program Files (x86)\Microchip\xc8\v2.00\pic\include\pic16f877a.h"
   212                           PCL equ 02h ;# 
   213  0002                     # 75 "C:\Program Files (x86)\Microchip\xc8\v2.00\pic\include\pic16f877a.h"
   214                           STATUS equ 03h ;# 
   215  0003                     # 161 "C:\Program Files (x86)\Microchip\xc8\v2.00\pic\include\pic16f877a.h"
   216                           FSR equ 04h ;# 
   217  0004                     # 168 "C:\Program Files (x86)\Microchip\xc8\v2.00\pic\include\pic16f877a.h"
   218                           PORTA equ 05h ;# 
   219  0005                     # 218 "C:\Program Files (x86)\Microchip\xc8\v2.00\pic\include\pic16f877a.h"
   220                           PORTB equ 06h ;# 
   221  0006                     # 280 "C:\Program Files (x86)\Microchip\xc8\v2.00\pic\include\pic16f877a.h"
   222                           PORTC equ 07h ;# 
   223  0007                     # 342 "C:\Program Files (x86)\Microchip\xc8\v2.00\pic\include\pic16f877a.h"
   224                           PORTD equ 08h ;# 
   225  0008                     # 404 "C:\Program Files (x86)\Microchip\xc8\v2.00\pic\include\pic16f877a.h"
   226                           PORTE equ 09h ;# 
   227  0009                     # 436 "C:\Program Files (x86)\Microchip\xc8\v2.00\pic\include\pic16f877a.h"
   228                           PCLATH equ 0Ah ;# 
   229  000A                     # 456 "C:\Program Files (x86)\Microchip\xc8\v2.00\pic\include\pic16f877a.h"
   230                           INTCON equ 0Bh ;# 
   231  000B                     # 534 "C:\Program Files (x86)\Microchip\xc8\v2.00\pic\include\pic16f877a.h"
   232                           PIR1 equ 0Ch ;# 
   233  000C                     # 596 "C:\Program Files (x86)\Microchip\xc8\v2.00\pic\include\pic16f877a.h"
   234                           PIR2 equ 0Dh ;# 
   235  000D                     # 636 "C:\Program Files (x86)\Microchip\xc8\v2.00\pic\include\pic16f877a.h"
   236                           TMR1 equ 0Eh ;# 
   237  000E                     # 643 "C:\Program Files (x86)\Microchip\xc8\v2.00\pic\include\pic16f877a.h"
   238                           TMR1L equ 0Eh ;# 
   239  000E                     # 650 "C:\Program Files (x86)\Microchip\xc8\v2.00\pic\include\pic16f877a.h"
   240                           TMR1H equ 0Fh ;# 
   241  000F                     # 657 "C:\Program Files (x86)\Microchip\xc8\v2.00\pic\include\pic16f877a.h"
   242                           T1CON equ 010h ;# 
   243  0010                     # 732 "C:\Program Files (x86)\Microchip\xc8\v2.00\pic\include\pic16f877a.h"
   244                           TMR2 equ 011h ;# 
   245  0011                     # 739 "C:\Program Files (x86)\Microchip\xc8\v2.00\pic\include\pic16f877a.h"
   246                           T2CON equ 012h ;# 
   247  0012                     # 810 "C:\Program Files (x86)\Microchip\xc8\v2.00\pic\include\pic16f877a.h"
   248                           SSPBUF equ 013h ;# 
   249  0013                     # 817 "C:\Program Files (x86)\Microchip\xc8\v2.00\pic\include\pic16f877a.h"
   250                           SSPCON equ 014h ;# 
   251  0014                     # 887 "C:\Program Files (x86)\Microchip\xc8\v2.00\pic\include\pic16f877a.h"
   252                           CCPR1 equ 015h ;# 
   253  0015                     # 894 "C:\Program Files (x86)\Microchip\xc8\v2.00\pic\include\pic16f877a.h"
   254                           CCPR1L equ 015h ;# 
   255  0015                     # 901 "C:\Program Files (x86)\Microchip\xc8\v2.00\pic\include\pic16f877a.h"
   256                           CCPR1H equ 016h ;# 
   257  0016                     # 908 "C:\Program Files (x86)\Microchip\xc8\v2.00\pic\include\pic16f877a.h"
   258                           CCP1CON equ 017h ;# 
   259  0017                     # 966 "C:\Program Files (x86)\Microchip\xc8\v2.00\pic\include\pic16f877a.h"
   260                           RCSTA equ 018h ;# 
   261  0018                     # 1061 "C:\Program Files (x86)\Microchip\xc8\v2.00\pic\include\pic16f877a.h"
   262                           TXREG equ 019h ;# 
   263  0019                     # 1068 "C:\Program Files (x86)\Microchip\xc8\v2.00\pic\include\pic16f877a.h"
   264                           RCREG equ 01Ah ;# 
   265  001A                     # 1075 "C:\Program Files (x86)\Microchip\xc8\v2.00\pic\include\pic16f877a.h"
   266                           CCPR2 equ 01Bh ;# 
   267  001B                     # 1082 "C:\Program Files (x86)\Microchip\xc8\v2.00\pic\include\pic16f877a.h"
   268                           CCPR2L equ 01Bh ;# 
   269  001B                     # 1089 "C:\Program Files (x86)\Microchip\xc8\v2.00\pic\include\pic16f877a.h"
   270                           CCPR2H equ 01Ch ;# 
   271  001C                     # 1096 "C:\Program Files (x86)\Microchip\xc8\v2.00\pic\include\pic16f877a.h"
   272                           CCP2CON equ 01Dh ;# 
   273  001D                     # 1154 "C:\Program Files (x86)\Microchip\xc8\v2.00\pic\include\pic16f877a.h"
   274                           ADRESH equ 01Eh ;# 
   275  001E                     # 1161 "C:\Program Files (x86)\Microchip\xc8\v2.00\pic\include\pic16f877a.h"
   276                           ADCON0 equ 01Fh ;# 
   277  001F                     # 1257 "C:\Program Files (x86)\Microchip\xc8\v2.00\pic\include\pic16f877a.h"
   278                           OPTION_REG equ 081h ;# 
   279  0081                     # 1327 "C:\Program Files (x86)\Microchip\xc8\v2.00\pic\include\pic16f877a.h"
   280                           TRISA equ 085h ;# 
   281  0085                     # 1377 "C:\Program Files (x86)\Microchip\xc8\v2.00\pic\include\pic16f877a.h"
   282                           TRISB equ 086h ;# 
   283  0086                     # 1439 "C:\Program Files (x86)\Microchip\xc8\v2.00\pic\include\pic16f877a.h"
   284                           TRISC equ 087h ;# 
   285  0087                     # 1501 "C:\Program Files (x86)\Microchip\xc8\v2.00\pic\include\pic16f877a.h"
   286                           TRISD equ 088h ;# 
   287  0088                     # 1563 "C:\Program Files (x86)\Microchip\xc8\v2.00\pic\include\pic16f877a.h"
   288                           TRISE equ 089h ;# 
   289  0089                     # 1620 "C:\Program Files (x86)\Microchip\xc8\v2.00\pic\include\pic16f877a.h"
   290                           PIE1 equ 08Ch ;# 
   291  008C                     # 1682 "C:\Program Files (x86)\Microchip\xc8\v2.00\pic\include\pic16f877a.h"
   292                           PIE2 equ 08Dh ;# 
   293  008D                     # 1722 "C:\Program Files (x86)\Microchip\xc8\v2.00\pic\include\pic16f877a.h"
   294                           PCON equ 08Eh ;# 
   295  008E                     # 1756 "C:\Program Files (x86)\Microchip\xc8\v2.00\pic\include\pic16f877a.h"
   296                           SSPCON2 equ 091h ;# 
   297  0091                     # 1818 "C:\Program Files (x86)\Microchip\xc8\v2.00\pic\include\pic16f877a.h"
   298                           PR2 equ 092h ;# 
   299  0092                     # 1825 "C:\Program Files (x86)\Microchip\xc8\v2.00\pic\include\pic16f877a.h"
   300                           SSPADD equ 093h ;# 
   301  0093                     # 1832 "C:\Program Files (x86)\Microchip\xc8\v2.00\pic\include\pic16f877a.h"
   302                           SSPSTAT equ 094h ;# 
   303  0094                     # 2001 "C:\Program Files (x86)\Microchip\xc8\v2.00\pic\include\pic16f877a.h"
   304                           TXSTA equ 098h ;# 
   305  0098                     # 2082 "C:\Program Files (x86)\Microchip\xc8\v2.00\pic\include\pic16f877a.h"
   306                           SPBRG equ 099h ;# 
   307  0099                     # 2089 "C:\Program Files (x86)\Microchip\xc8\v2.00\pic\include\pic16f877a.h"
   308                           CMCON equ 09Ch ;# 
   309  009C                     # 2159 "C:\Program Files (x86)\Microchip\xc8\v2.00\pic\include\pic16f877a.h"
   310                           CVRCON equ 09Dh ;# 
   311  009D                     # 2224 "C:\Program Files (x86)\Microchip\xc8\v2.00\pic\include\pic16f877a.h"
   312                           ADRESL equ 09Eh ;# 
   313  009E                     # 2231 "C:\Program Files (x86)\Microchip\xc8\v2.00\pic\include\pic16f877a.h"
   314                           ADCON1 equ 09Fh ;# 
   315  009F                     # 2290 "C:\Program Files (x86)\Microchip\xc8\v2.00\pic\include\pic16f877a.h"
   316                           EEDATA equ 010Ch ;# 
   317  010C                     # 2297 "C:\Program Files (x86)\Microchip\xc8\v2.00\pic\include\pic16f877a.h"
   318                           EEADR equ 010Dh ;# 
   319  010D                     # 2304 "C:\Program Files (x86)\Microchip\xc8\v2.00\pic\include\pic16f877a.h"
   320                           EEDATH equ 010Eh ;# 
   321  010E                     # 2311 "C:\Program Files (x86)\Microchip\xc8\v2.00\pic\include\pic16f877a.h"
   322                           EEADRH equ 010Fh ;# 
   323  010F                     # 2318 "C:\Program Files (x86)\Microchip\xc8\v2.00\pic\include\pic16f877a.h"
   324                           EECON1 equ 018Ch ;# 
   325  018C                     # 2363 "C:\Program Files (x86)\Microchip\xc8\v2.00\pic\include\pic16f877a.h"
   326                           EECON2 equ 018Dh ;# 
   327  018D                     	FNCALL	_main,_UART_Init
   328                           	FNCALL	_main,_UART_Sent
   329                           	FNCALL	_UART_Init,___aldiv
   330                           	FNROOT	_main
   331                           	global	_TXREG
   332                           _TXREG	set	0x19
   333  0019                     	global	_CREN
   334                           _CREN	set	0xC4
   335  00C4                     	global	_SPEN
   336                           _SPEN	set	0xC7
   337  00C7                     	global	_SPBRG
   338                           _SPBRG	set	0x99
   339  0099                     	global	_TRISC7
   340                           _TRISC7	set	0x43F
   341  043F                     	global	_TRISC6
   342                           _TRISC6	set	0x43E
   343  043E                     	global	_TXEN
   344                           _TXEN	set	0x4C5
   345  04C5                     	global	_BRGH
   346                           _BRGH	set	0x4C2
   347  04C2                     	global	_TRMT
   348                           _TRMT	set	0x4C1
   349  04C1                     ; #config settings
   350                           global __CFG_FOSC$EXTRC
   351                           __CFG_FOSC$EXTRC equ 0x0
   352  0000                     global __CFG_WDTE$OFF
   353                           __CFG_WDTE$OFF equ 0x0
   354  0000                     global __CFG_PWRTE$OFF
   355                           __CFG_PWRTE$OFF equ 0x0
   356  0000                     global __CFG_BOREN$OFF
   357                           __CFG_BOREN$OFF equ 0x0
   358  0000                     global __CFG_LVP$OFF
   359                           __CFG_LVP$OFF equ 0x0
   360  0000                     global __CFG_CPD$OFF
   361                           __CFG_CPD$OFF equ 0x0
   362  0000                     global __CFG_WRT$OFF
   363                           __CFG_WRT$OFF equ 0x0
   364  0000                     global __CFG_CP$OFF
   365                           __CFG_CP$OFF equ 0x0
   366  0000                     	file	"C:\Users\AJAY\AppData\Local\Temp\sbs8."
   367                           	line	#
   368                           psect cinit,class=CODE,delta=2
   369                           global start_initialization
   370                           start_initialization:
   371  07FC                     
   372                           global __initialization
   373                           __initialization:
   374  07FC                     psect cinit,class=CODE,delta=2,merge=1
   375                           global end_of_initialization,__end_of__initialization
   376                           
   377                           ;End of C runtime variable initialization code
   378                           
   379                           end_of_initialization:
   380  07FC                     __end_of__initialization:
   381  07FC                     clrf status
   382  07FC  0183               ljmp _main	;jump to C main() function
   383  07FD  120A  118A  2E2F   psect	cstackCOMMON,class=COMMON,space=1,noexec
   384                           global __pcstackCOMMON
   385                           __pcstackCOMMON:
   386  0070                     ?_UART_Sent:	; 1 bytes @ 0x0
   387  0070                     ??_UART_Sent:	; 1 bytes @ 0x0
   388  0070                     ?_main:	; 1 bytes @ 0x0
   389  0070                     	global	?___aldiv
   390                           ?___aldiv:	; 4 bytes @ 0x0
   391  0070                     	global	___aldiv@divisor
   392                           ___aldiv@divisor:	; 4 bytes @ 0x0
   393  0070                     	ds	3
   394  0070                     	global	UART_Sent@c
   395                           UART_Sent@c:	; 1 bytes @ 0x3
   396  0073                     	ds	1
   397  0073                     	global	___aldiv@dividend
   398                           ___aldiv@dividend:	; 4 bytes @ 0x4
   399  0074                     	ds	4
   400  0074                     ??___aldiv:	; 1 bytes @ 0x8
   401  0078                     	ds	1
   402  0078                     	global	UART_Init@x
   403                           UART_Init@x:	; 4 bytes @ 0x9
   404  0079                     	ds	4
   405  0079                     ??_main:	; 1 bytes @ 0xD
   406  007D                     psect	cstackBANK0,class=BANK0,space=1,noexec
   407                           global __pcstackBANK0
   408                           __pcstackBANK0:
   409  0020                     	global	___aldiv@counter
   410                           ___aldiv@counter:	; 1 bytes @ 0x0
   411  0020                     	ds	1
   412  0020                     	global	___aldiv@sign
   413                           ___aldiv@sign:	; 1 bytes @ 0x1
   414  0021                     	ds	1
   415  0021                     	global	___aldiv@quotient
   416                           ___aldiv@quotient:	; 4 bytes @ 0x2
   417  0022                     	ds	4
   418  0022                     ?_UART_Init:	; 2 bytes @ 0x6
   419  0026                     	global	UART_Init@baudrate
   420                           UART_Init@baudrate:	; 4 bytes @ 0x6
   421  0026                     	ds	4
   422  0026                     ??_UART_Init:	; 1 bytes @ 0xA
   423  002A                     	ds	12
   424  002A                     ;!
   425                           ;!Data Sizes:
   426                           ;!    Strings     0
   427                           ;!    Constant    0
   428                           ;!    Data        0
   429                           ;!    BSS         0
   430                           ;!    Persistent  0
   431                           ;!    Stack       0
   432                           ;!
   433                           ;!Auto Spaces:
   434                           ;!    Space          Size  Autos    Used
   435                           ;!    COMMON           14     13      13
   436                           ;!    BANK0            80     22      22
   437                           ;!    BANK1            80      0       0
   438                           ;!    BANK3            96      0       0
   439                           ;!    BANK2            96      0       0
   440                           
   441                           ;!
   442                           ;!Pointer List with Targets:
   443                           ;!
   444                           ;!    None.
   445                           
   446                           
   447                           ;!
   448                           ;!Critical Paths under _main in COMMON
   449                           ;!
   450                           ;!    _main->_UART_Init
   451                           ;!    _UART_Init->___aldiv
   452                           ;!
   453                           ;!Critical Paths under _main in BANK0
   454                           ;!
   455                           ;!    _main->_UART_Init
   456                           ;!    _UART_Init->___aldiv
   457                           ;!
   458                           ;!Critical Paths under _main in BANK1
   459                           ;!
   460                           ;!    None.
   461                           ;!
   462                           ;!Critical Paths under _main in BANK3
   463                           ;!
   464                           ;!    None.
   465                           ;!
   466                           ;!Critical Paths under _main in BANK2
   467                           ;!
   468                           ;!    None.
   469                           
   470 ;;
   471 ;;Main: autosize = 0, tempsize = 0, incstack = 0, save=0
   472 ;;
   473                           
   474                           ;!
   475                           ;!Call Graph Tables:
   476                           ;!
   477                           ;! ---------------------------------------------------------------------------------
   478                           ;! (Depth) Function   	        Calls       Base Space   Used Autos Params    Refs
   479                           ;! ---------------------------------------------------------------------------------
   480                           ;! (0) _main                                                 0     0      0     851
   481                           ;!                          _UART_Init
   482                           ;!                          _UART_Sent
   483                           ;! ---------------------------------------------------------------------------------
   484                           ;! (1) _UART_Sent                                            4     4      0      15
   485                           ;!                                              0 COMMON     4     4      0
   486                           ;! ---------------------------------------------------------------------------------
   487                           ;! (1) _UART_Init                                           20    16      4     836
   488                           ;!                                              9 COMMON     4     4      0
   489                           ;!                                              6 BANK0     16    12      4
   490                           ;!                            ___aldiv
   491                           ;! ---------------------------------------------------------------------------------
   492                           ;! (2) ___aldiv                                             15     7      8     604
   493                           ;!                                              0 COMMON     9     1      8
   494                           ;!                                              0 BANK0      6     6      0
   495                           ;! ---------------------------------------------------------------------------------
   496                           ;! Estimated maximum stack depth 2
   497                           ;! ---------------------------------------------------------------------------------
   498                           ;!
   499                           ;! Call Graph Graphs:
   500                           ;!
   501                           ;! _main (ROOT)
   502                           ;!   _UART_Init
   503                           ;!     ___aldiv
   504                           ;!   _UART_Sent
   505                           ;!
   506                           
   507                           ;! Address spaces:
   508                           
   509                           ;!Name               Size   Autos  Total    Cost      Usage
   510                           ;!BITCOMMON            E      0       0       0        0.0%
   511                           ;!EEDATA             100      0       0       0        0.0%
   512                           ;!NULL                 0      0       0       0        0.0%
   513                           ;!CODE                 0      0       0       0        0.0%
   514                           ;!COMMON               E      D       D       1       92.9%
   515                           ;!BITSFR0              0      0       0       1        0.0%
   516                           ;!SFR0                 0      0       0       1        0.0%
   517                           ;!BITSFR1              0      0       0       2        0.0%
   518                           ;!SFR1                 0      0       0       2        0.0%
   519                           ;!STACK                0      0       0       2        0.0%
   520                           ;!ABS                  0      0       0       3        0.0%
   521                           ;!BITBANK0            50      0       0       4        0.0%
   522                           ;!BITSFR3              0      0       0       4        0.0%
   523                           ;!SFR3                 0      0       0       4        0.0%
   524                           ;!BANK0               50     16      16       5       27.5%
   525                           ;!BITSFR2              0      0       0       5        0.0%
   526                           ;!SFR2                 0      0       0       5        0.0%
   527                           ;!BITBANK1            50      0       0       6        0.0%
   528                           ;!BANK1               50      0       0       7        0.0%
   529                           ;!BITBANK3            60      0       0       8        0.0%
   530                           ;!BANK3               60      0       0       9        0.0%
   531                           ;!BITBANK2            60      0       0      10        0.0%
   532                           ;!BANK2               60      0       0      11        0.0%
   533                           ;!DATA                 0      0       0      12        0.0%
   534                           
   535                           	global	_main
   536                           
   537 ;; *************** function _main *****************
   538 ;; Defined at:
   539 ;;		line 52 in file "newmain.c"
   540 ;; Parameters:    Size  Location     Type
   541 ;;		None
   542 ;; Auto vars:     Size  Location     Type
   543 ;;		None
   544 ;; Return value:  Size  Location     Type
   545 ;;                  1    wreg      void 
   546 ;; Registers used:
   547 ;;		wreg, status,2, status,0, pclath, cstack
   548 ;; Tracked objects:
   549 ;;		On entry : B00/0
   550 ;;		On exit  : 0/0
   551 ;;		Unchanged: 0/0
   552 ;; Data sizes:     COMMON   BANK0   BANK1   BANK3   BANK2
   553 ;;      Params:         0       0       0       0       0
   554 ;;      Locals:         0       0       0       0       0
   555 ;;      Temps:          0       0       0       0       0
   556 ;;      Totals:         0       0       0       0       0
   557 ;;Total ram usage:        0 bytes
   558 ;; Hardware stack levels required when called:    2
   559 ;; This function calls:
   560 ;;		_UART_Init
   561 ;;		_UART_Sent
   562 ;; This function is called by:
   563 ;;		Startup code after reset
   564 ;; This function uses a non-reentrant model
   565 ;;
   566                           psect	maintext,global,class=CODE,delta=2,split=1,group=0
   567                           	file	"newmain.c"
   568                           	line	52
   569                           global __pmaintext
   570                           __pmaintext:	;psect for function _main
   571  062F                     psect	maintext
   572                           	file	"newmain.c"
   573                           	line	52
   574                           	global	__size_of_main
   575                           	__size_of_main	equ	__end_of_main-_main
   576  001F                     	
   577                           _main:	
   578  062F                     ;incstack = 0
   579                           	opt	stack 6
   580                           ; Regs used in _main: [wreg+status,2+status,0+pclath+cstack]
   581                           	line	56
   582                           	
   583                           l746:	
   584  062F                     ;newmain.c: 56:     UART_Init(9600);
   585                           	movlw	0
   586  062F  3000               	bcf	status, 5	;RP0=0, select bank0
   587  0630  1283               	bcf	status, 6	;RP1=0, select bank0
   588  0631  1303               	movwf	(UART_Init@baudrate+3)
   589  0632  00A9               	movlw	0
   590  0633  3000               	movwf	(UART_Init@baudrate+2)
   591  0634  00A8               	movlw	025h
   592  0635  3025               	movwf	(UART_Init@baudrate+1)
   593  0636  00A7               	movlw	080h
   594  0637  3080               	movwf	(UART_Init@baudrate)
   595  0638  00A6               
   596                           	fcall	_UART_Init
   597  0639  120A  118A  26F4  120A  118A  	line	57
   598                           ;newmain.c: 57:     UART_Sent('x');
   599                           	movlw	low(078h)
   600  063E  3078               	fcall	_UART_Sent
   601  063F  120A  118A  2614  120A  118A  	line	59
   602                           ;newmain.c: 59:     UART_Sent('y');
   603                           	movlw	low(079h)
   604  0644  3079               	fcall	_UART_Sent
   605  0645  120A  118A  2614  120A  118A  	line	61
   606                           ;newmain.c: 61:     while(1);
   607                           	
   608                           l36:	
   609  064A                     	
   610                           l37:	
   611  064A                     	goto	l36
   612  064A  2E4A               	
   613                           l38:	
   614  064B                     	line	62
   615                           	
   616                           l39:	
   617  064B                     	global	start
   618                           	ljmp	start
   619  064B  120A  118A  2800   	opt stack 0
   620                           GLOBAL	__end_of_main
   621                           	__end_of_main:
   622  064E                     	signat	_main,89
   623                           	global	_UART_Sent
   624                           
   625 ;; *************** function _UART_Sent *****************
   626 ;; Defined at:
   627 ;;		line 21 in file "newmain.c"
   628 ;; Parameters:    Size  Location     Type
   629 ;;  c               1    wreg     unsigned char 
   630 ;; Auto vars:     Size  Location     Type
   631 ;;  c               1    3[COMMON] unsigned char 
   632 ;; Return value:  Size  Location     Type
   633 ;;                  1    wreg      void 
   634 ;; Registers used:
   635 ;;		wreg
   636 ;; Tracked objects:
   637 ;;		On entry : 0/0
   638 ;;		On exit  : 0/0
   639 ;;		Unchanged: 0/0
   640 ;; Data sizes:     COMMON   BANK0   BANK1   BANK3   BANK2
   641 ;;      Params:         0       0       0       0       0
   642 ;;      Locals:         1       0       0       0       0
   643 ;;      Temps:          3       0       0       0       0
   644 ;;      Totals:         4       0       0       0       0
   645 ;;Total ram usage:        4 bytes
   646 ;; Hardware stack levels used:    1
   647 ;; This function calls:
   648 ;;		Nothing
   649 ;; This function is called by:
   650 ;;		_main
   651 ;; This function uses a non-reentrant model
   652 ;;
   653                           psect	text1,local,class=CODE,delta=2,merge=1,group=0
   654                           	line	21
   655                           global __ptext1
   656                           __ptext1:	;psect for function _UART_Sent
   657  0614                     psect	text1
   658                           	file	"newmain.c"
   659                           	line	21
   660                           	global	__size_of_UART_Sent
   661                           	__size_of_UART_Sent	equ	__end_of_UART_Sent-_UART_Sent
   662  001B                     	
   663                           _UART_Sent:	
   664  0614                     ;incstack = 0
   665                           	opt	stack 7
   666                           ; Regs used in _UART_Sent: [wreg]
   667                           ;UART_Sent@c stored from wreg
   668                           	movwf	(UART_Sent@c)
   669  0614  00F3               	line	23
   670                           	
   671                           l652:	
   672  0615                     ;newmain.c: 21: void UART_Sent(char c);newmain.c: 22: {;newmain.c: 23:     while(TRMT==0
                                 );
   673                           	goto	l23
   674  0615  2E16               	
   675                           l24:	
   676  0616                     	
   677                           l23:	
   678  0616                     	bsf	status, 5	;RP0=1, select bank1
   679  0616  1683               	bcf	status, 6	;RP1=0, select bank1
   680  0617  1303               	btfss	(1217/8)^080h,(1217)&7	;volatile
   681  0618  1C98               	goto	u111
   682  0619  2E1B               	goto	u110
   683  061A  2E1C               u111:
   684  061B                     	goto	l23
   685  061B  2E16               u110:
   686  061C                     	goto	l654
   687  061C  2E1D               	
   688                           l25:	
   689  061D                     	line	24
   690                           	
   691                           l654:	
   692  061D                     ;newmain.c: 24:     TXREG=c;
   693                           	movf	(UART_Sent@c),w
   694  061D  0873               	bcf	status, 5	;RP0=0, select bank0
   695  061E  1283               	bcf	status, 6	;RP1=0, select bank0
   696  061F  1303               	movwf	(25)	;volatile
   697  0620  0099               	line	25
   698                           ;newmain.c: 25:     _delay((unsigned long)((1000)*(16000000/4000.0)));
   699                           	opt asmopt_push
   700                           opt asmopt_off
   701                           movlw  21
   702  0621  3015               movwf	((??_UART_Sent+0)+0+2),f
   703  0622  00F2               movlw	75
   704  0623  304B               movwf	((??_UART_Sent+0)+0+1),f
   705  0624  00F1               	movlw	190
   706  0625  30BE               movwf	((??_UART_Sent+0)+0),f
   707  0626  00F0               	u387:
   708  0627                     decfsz	((??_UART_Sent+0)+0),f
   709  0627  0BF0               	goto	u387
   710  0628  2E27               	decfsz	((??_UART_Sent+0)+0+1),f
   711  0629  0BF1               	goto	u387
   712  062A  2E27               	decfsz	((??_UART_Sent+0)+0+2),f
   713  062B  0BF2               	goto	u387
   714  062C  2E27               	nop
   715  062D  0000               opt asmopt_pop
   716                           
   717                           	line	27
   718                           	
   719                           l26:	
   720  062E                     	return
   721  062E  0008               	opt stack 0
   722                           GLOBAL	__end_of_UART_Sent
   723                           	__end_of_UART_Sent:
   724  062F                     	signat	_UART_Sent,4217
   725                           	global	_UART_Init
   726                           
   727 ;; *************** function _UART_Init *****************
   728 ;; Defined at:
   729 ;;		line 28 in file "newmain.c"
   730 ;; Parameters:    Size  Location     Type
   731 ;;  baudrate        4    6[BANK0 ] long 
   732 ;; Auto vars:     Size  Location     Type
   733 ;;  x               4    9[COMMON] long 
   734 ;; Return value:  Size  Location     Type
   735 ;;                  2    6[BANK0 ] int 
   736 ;; Registers used:
   737 ;;		wreg, status,2, status,0, pclath, cstack
   738 ;; Tracked objects:
   739 ;;		On entry : 0/0
   740 ;;		On exit  : 0/0
   741 ;;		Unchanged: 0/0
   742 ;; Data sizes:     COMMON   BANK0   BANK1   BANK3   BANK2
   743 ;;      Params:         0       4       0       0       0
   744 ;;      Locals:         4       0       0       0       0
   745 ;;      Temps:          0      12       0       0       0
   746 ;;      Totals:         4      16       0       0       0
   747 ;;Total ram usage:       20 bytes
   748 ;; Hardware stack levels used:    1
   749 ;; Hardware stack levels required when called:    1
   750 ;; This function calls:
   751 ;;		___aldiv
   752 ;; This function is called by:
   753 ;;		_main
   754 ;; This function uses a non-reentrant model
   755 ;;
   756                           psect	text2,local,class=CODE,delta=2,merge=1,group=0
   757                           	line	28
   758                           global __ptext2
   759                           __ptext2:	;psect for function _UART_Init
   760  06F4                     psect	text2
   761                           	file	"newmain.c"
   762                           	line	28
   763                           	global	__size_of_UART_Init
   764                           	__size_of_UART_Init	equ	__end_of_UART_Init-_UART_Init
   765  0108                     	
   766                           _UART_Init:	
   767  06F4                     ;incstack = 0
   768                           	opt	stack 6
   769                           ; Regs used in _UART_Init: [wreg+status,2+status,0+pclath+cstack]
   770                           	line	31
   771                           	
   772                           l722:	
   773  06F4                     ;newmain.c: 28: int UART_Init(long int baudrate);newmain.c: 29:     {;newmain.c: 30:    
                                  long int x;;newmain.c: 31:     x=(16000000 - baudrate*64)/(baudrate*64);
   774                           	bcf	status, 5	;RP0=0, select bank0
   775  06F4  1283               	bcf	status, 6	;RP1=0, select bank0
   776  06F5  1303               	movf	(UART_Init@baudrate),w
   777  06F6  0826               	movwf	(??_UART_Init+0)+0
   778  06F7  00AA               	movf	(UART_Init@baudrate+1),w
   779  06F8  0827               	movwf	((??_UART_Init+0)+0+1)
   780  06F9  00AB               	movf	(UART_Init@baudrate+2),w
   781  06FA  0828               	movwf	((??_UART_Init+0)+0+2)
   782  06FB  00AC               	movf	(UART_Init@baudrate+3),w
   783  06FC  0829               	movwf	((??_UART_Init+0)+0+3)
   784  06FD  00AD               	movlw	06h
   785  06FE  3006               u305:
   786  06FF                     	clrc
   787  06FF  1003               	rlf	(??_UART_Init+0)+0,f
   788  0700  0DAA               	rlf	(??_UART_Init+0)+1,f
   789  0701  0DAB               	rlf	(??_UART_Init+0)+2,f
   790  0702  0DAC               	rlf	(??_UART_Init+0)+3,f
   791  0703  0DAD               u300:
   792  0704                     	addlw	-1
   793  0704  3EFF               	skipz
   794  0705  1D03               	goto	u305
   795  0706  2EFF               	movf	3+(??_UART_Init+0)+0,w
   796  0707  082D               	movwf	(___aldiv@divisor+3)
   797  0708  00F3               	movf	2+(??_UART_Init+0)+0,w
   798  0709  082C               	movwf	(___aldiv@divisor+2)
   799  070A  00F2               	movf	1+(??_UART_Init+0)+0,w
   800  070B  082B               	movwf	(___aldiv@divisor+1)
   801  070C  00F1               	movf	0+(??_UART_Init+0)+0,w
   802  070D  082A               	movwf	(___aldiv@divisor)
   803  070E  00F0               
   804                           	movlw	0
   805  070F  3000               	movwf	((??_UART_Init+4)+0)
   806  0710  00AE               	movlw	024h
   807  0711  3024               	movwf	((??_UART_Init+4)+0+1)
   808  0712  00AF               	movlw	0F4h
   809  0713  30F4               	movwf	((??_UART_Init+4)+0+2)
   810  0714  00B0               	movlw	0
   811  0715  3000               	movwf	((??_UART_Init+4)+0+3)
   812  0716  00B1               	movf	(UART_Init@baudrate),w
   813  0717  0826               	movwf	(??_UART_Init+8)+0
   814  0718  00B2               	movf	(UART_Init@baudrate+1),w
   815  0719  0827               	movwf	((??_UART_Init+8)+0+1)
   816  071A  00B3               	movf	(UART_Init@baudrate+2),w
   817  071B  0828               	movwf	((??_UART_Init+8)+0+2)
   818  071C  00B4               	movf	(UART_Init@baudrate+3),w
   819  071D  0829               	movwf	((??_UART_Init+8)+0+3)
   820  071E  00B5               	movlw	06h
   821  071F  3006               u315:
   822  0720                     	clrc
   823  0720  1003               	rlf	(??_UART_Init+8)+0,f
   824  0721  0DB2               	rlf	(??_UART_Init+8)+1,f
   825  0722  0DB3               	rlf	(??_UART_Init+8)+2,f
   826  0723  0DB4               	rlf	(??_UART_Init+8)+3,f
   827  0724  0DB5               u310:
   828  0725                     	addlw	-1
   829  0725  3EFF               	skipz
   830  0726  1D03               	goto	u315
   831  0727  2F20               	comf	(??_UART_Init+8)+0,f
   832  0728  09B2               	comf	(??_UART_Init+8)+1,f
   833  0729  09B3               	comf	(??_UART_Init+8)+2,f
   834  072A  09B4               	comf	(??_UART_Init+8)+3,f
   835  072B  09B5               	incf	(??_UART_Init+8)+0,f
   836  072C  0AB2               	skipnz
   837  072D  1903               	incf	(??_UART_Init+8)+1,f
   838  072E  0AB3               	skipnz
   839  072F  1903               	incf	(??_UART_Init+8)+2,f
   840  0730  0AB4               	skipnz
   841  0731  1903               	incf	(??_UART_Init+8)+3,f
   842  0732  0AB5               	movf	0+(??_UART_Init+8)+0,w
   843  0733  0832               	addwf	(??_UART_Init+4)+0,f
   844  0734  07AE               	movf	1+(??_UART_Init+8)+0,w
   845  0735  0833               	skipnc
   846  0736  1803               	incfsz	1+(??_UART_Init+8)+0,w
   847  0737  0F33               	goto	u320
   848  0738  2F3A               	goto	u321
   849  0739  2F3B               u320:
   850  073A                     	addwf	(??_UART_Init+4)+1,f
   851  073A  07AF               u321:
   852  073B                     	movf	2+(??_UART_Init+8)+0,w
   853  073B  0834               	skipnc
   854  073C  1803               	incfsz	2+(??_UART_Init+8)+0,w
   855  073D  0F34               	goto	u322
   856  073E  2F40               	goto	u323
   857  073F  2F41               u322:
   858  0740                     	addwf	(??_UART_Init+4)+2,f
   859  0740  07B0               u323:
   860  0741                     	movf	3+(??_UART_Init+8)+0,w
   861  0741  0835               	skipnc
   862  0742  1803               	incf	3+(??_UART_Init+8)+0,w
   863  0743  0A35               	addwf	(??_UART_Init+4)+3,f
   864  0744  07B1               	movf	3+(??_UART_Init+4)+0,w
   865  0745  0831               	movwf	(___aldiv@dividend+3)
   866  0746  00F7               	movf	2+(??_UART_Init+4)+0,w
   867  0747  0830               	movwf	(___aldiv@dividend+2)
   868  0748  00F6               	movf	1+(??_UART_Init+4)+0,w
   869  0749  082F               	movwf	(___aldiv@dividend+1)
   870  074A  00F5               	movf	0+(??_UART_Init+4)+0,w
   871  074B  082E               	movwf	(___aldiv@dividend)
   872  074C  00F4               
   873                           	fcall	___aldiv
   874  074D  120A  118A  264E  120A  118A  	movf	(3+(?___aldiv)),w
   875  0752  0873               	movwf	(UART_Init@x+3)
   876  0753  00FC               	movf	(2+(?___aldiv)),w
   877  0754  0872               	movwf	(UART_Init@x+2)
   878  0755  00FB               	movf	(1+(?___aldiv)),w
   879  0756  0871               	movwf	(UART_Init@x+1)
   880  0757  00FA               	movf	(0+(?___aldiv)),w
   881  0758  0870               	movwf	(UART_Init@x)
   882  0759  00F9               
   883                           	line	33
   884                           	
   885                           l724:	
   886  075A                     ;newmain.c: 33:     if(x>255)
   887                           	btfsc	(UART_Init@x+3),7
   888  075A  1BFC               	goto	u331
   889  075B  2F6D               	movf	(UART_Init@x+3),w
   890  075C  087C               	btfss	status,2
   891  075D  1D03               	goto	u330
   892  075E  2F6E               	movf	(UART_Init@x+2),w
   893  075F  087B               	btfss	status,2
   894  0760  1D03               	goto	u330
   895  0761  2F6E               	movlw	1
   896  0762  3001               	subwf	(UART_Init@x+1),w
   897  0763  027A               	skipz
   898  0764  1D03               	goto	u333
   899  0765  2F6A               	movlw	0
   900  0766  3000               	subwf	(UART_Init@x),w
   901  0767  0279               	skipz
   902  0768  1D03               	goto	u333
   903  0769  2F6A               u333:
   904  076A                     	btfss	status,0
   905  076A  1C03               	goto	u331
   906  076B  2F6D               	goto	u330
   907  076C  2F6E               
   908                           u331:
   909  076D                     	goto	l730
   910  076D  2FD8               u330:
   911  076E                     	line	35
   912                           	
   913                           l726:	
   914  076E                     ;newmain.c: 34:     {;newmain.c: 35:         x=(16000000 - baudrate*16)/(baudrate*16);
   915                           	bcf	status, 5	;RP0=0, select bank0
   916  076E  1283               	bcf	status, 6	;RP1=0, select bank0
   917  076F  1303               	movf	(UART_Init@baudrate),w
   918  0770  0826               	movwf	(??_UART_Init+0)+0
   919  0771  00AA               	movf	(UART_Init@baudrate+1),w
   920  0772  0827               	movwf	((??_UART_Init+0)+0+1)
   921  0773  00AB               	movf	(UART_Init@baudrate+2),w
   922  0774  0828               	movwf	((??_UART_Init+0)+0+2)
   923  0775  00AC               	movf	(UART_Init@baudrate+3),w
   924  0776  0829               	movwf	((??_UART_Init+0)+0+3)
   925  0777  00AD               	movlw	04h
   926  0778  3004               u345:
   927  0779                     	clrc
   928  0779  1003               	rlf	(??_UART_Init+0)+0,f
   929  077A  0DAA               	rlf	(??_UART_Init+0)+1,f
   930  077B  0DAB               	rlf	(??_UART_Init+0)+2,f
   931  077C  0DAC               	rlf	(??_UART_Init+0)+3,f
   932  077D  0DAD               u340:
   933  077E                     	addlw	-1
   934  077E  3EFF               	skipz
   935  077F  1D03               	goto	u345
   936  0780  2F79               	movf	3+(??_UART_Init+0)+0,w
   937  0781  082D               	movwf	(___aldiv@divisor+3)
   938  0782  00F3               	movf	2+(??_UART_Init+0)+0,w
   939  0783  082C               	movwf	(___aldiv@divisor+2)
   940  0784  00F2               	movf	1+(??_UART_Init+0)+0,w
   941  0785  082B               	movwf	(___aldiv@divisor+1)
   942  0786  00F1               	movf	0+(??_UART_Init+0)+0,w
   943  0787  082A               	movwf	(___aldiv@divisor)
   944  0788  00F0               
   945                           	movlw	0
   946  0789  3000               	movwf	((??_UART_Init+4)+0)
   947  078A  00AE               	movlw	024h
   948  078B  3024               	movwf	((??_UART_Init+4)+0+1)
   949  078C  00AF               	movlw	0F4h
   950  078D  30F4               	movwf	((??_UART_Init+4)+0+2)
   951  078E  00B0               	movlw	0
   952  078F  3000               	movwf	((??_UART_Init+4)+0+3)
   953  0790  00B1               	movf	(UART_Init@baudrate),w
   954  0791  0826               	movwf	(??_UART_Init+8)+0
   955  0792  00B2               	movf	(UART_Init@baudrate+1),w
   956  0793  0827               	movwf	((??_UART_Init+8)+0+1)
   957  0794  00B3               	movf	(UART_Init@baudrate+2),w
   958  0795  0828               	movwf	((??_UART_Init+8)+0+2)
   959  0796  00B4               	movf	(UART_Init@baudrate+3),w
   960  0797  0829               	movwf	((??_UART_Init+8)+0+3)
   961  0798  00B5               	movlw	04h
   962  0799  3004               u355:
   963  079A                     	clrc
   964  079A  1003               	rlf	(??_UART_Init+8)+0,f
   965  079B  0DB2               	rlf	(??_UART_Init+8)+1,f
   966  079C  0DB3               	rlf	(??_UART_Init+8)+2,f
   967  079D  0DB4               	rlf	(??_UART_Init+8)+3,f
   968  079E  0DB5               u350:
   969  079F                     	addlw	-1
   970  079F  3EFF               	skipz
   971  07A0  1D03               	goto	u355
   972  07A1  2F9A               	comf	(??_UART_Init+8)+0,f
   973  07A2  09B2               	comf	(??_UART_Init+8)+1,f
   974  07A3  09B3               	comf	(??_UART_Init+8)+2,f
   975  07A4  09B4               	comf	(??_UART_Init+8)+3,f
   976  07A5  09B5               	incf	(??_UART_Init+8)+0,f
   977  07A6  0AB2               	skipnz
   978  07A7  1903               	incf	(??_UART_Init+8)+1,f
   979  07A8  0AB3               	skipnz
   980  07A9  1903               	incf	(??_UART_Init+8)+2,f
   981  07AA  0AB4               	skipnz
   982  07AB  1903               	incf	(??_UART_Init+8)+3,f
   983  07AC  0AB5               	movf	0+(??_UART_Init+8)+0,w
   984  07AD  0832               	addwf	(??_UART_Init+4)+0,f
   985  07AE  07AE               	movf	1+(??_UART_Init+8)+0,w
   986  07AF  0833               	skipnc
   987  07B0  1803               	incfsz	1+(??_UART_Init+8)+0,w
   988  07B1  0F33               	goto	u360
   989  07B2  2FB4               	goto	u361
   990  07B3  2FB5               u360:
   991  07B4                     	addwf	(??_UART_Init+4)+1,f
   992  07B4  07AF               u361:
   993  07B5                     	movf	2+(??_UART_Init+8)+0,w
   994  07B5  0834               	skipnc
   995  07B6  1803               	incfsz	2+(??_UART_Init+8)+0,w
   996  07B7  0F34               	goto	u362
   997  07B8  2FBA               	goto	u363
   998  07B9  2FBB               u362:
   999  07BA                     	addwf	(??_UART_Init+4)+2,f
  1000  07BA  07B0               u363:
  1001  07BB                     	movf	3+(??_UART_Init+8)+0,w
  1002  07BB  0835               	skipnc
  1003  07BC  1803               	incf	3+(??_UART_Init+8)+0,w
  1004  07BD  0A35               	addwf	(??_UART_Init+4)+3,f
  1005  07BE  07B1               	movf	3+(??_UART_Init+4)+0,w
  1006  07BF  0831               	movwf	(___aldiv@dividend+3)
  1007  07C0  00F7               	movf	2+(??_UART_Init+4)+0,w
  1008  07C1  0830               	movwf	(___aldiv@dividend+2)
  1009  07C2  00F6               	movf	1+(??_UART_Init+4)+0,w
  1010  07C3  082F               	movwf	(___aldiv@dividend+1)
  1011  07C4  00F5               	movf	0+(??_UART_Init+4)+0,w
  1012  07C5  082E               	movwf	(___aldiv@dividend)
  1013  07C6  00F4               
  1014                           	fcall	___aldiv
  1015  07C7  120A  118A  264E  120A  118A  	movf	(3+(?___aldiv)),w
  1016  07CC  0873               	movwf	(UART_Init@x+3)
  1017  07CD  00FC               	movf	(2+(?___aldiv)),w
  1018  07CE  0872               	movwf	(UART_Init@x+2)
  1019  07CF  00FB               	movf	(1+(?___aldiv)),w
  1020  07D0  0871               	movwf	(UART_Init@x+1)
  1021  07D1  00FA               	movf	(0+(?___aldiv)),w
  1022  07D2  0870               	movwf	(UART_Init@x)
  1023  07D3  00F9               
  1024                           	line	36
  1025                           	
  1026                           l728:	
  1027  07D4                     ;newmain.c: 36:         BRGH=1;
  1028                           	bsf	status, 5	;RP0=1, select bank1
  1029  07D4  1683               	bcf	status, 6	;RP1=0, select bank1
  1030  07D5  1303               	bsf	(1218/8)^080h,(1218)&7	;volatile
  1031  07D6  1518               	goto	l730
  1032  07D7  2FD8               	line	37
  1033                           ;newmain.c: 37:     }
  1034                           	
  1035                           l29:	
  1036  07D8                     	line	38
  1037                           	
  1038                           l730:	
  1039  07D8                     ;newmain.c: 38:     if(x<256)
  1040                           	btfsc	(UART_Init@x+3),7
  1041  07D8  1BFC               	goto	u370
  1042  07D9  2FEC               	movf	(UART_Init@x+3),w
  1043  07DA  087C               	btfss	status,2
  1044  07DB  1D03               	goto	u371
  1045  07DC  2FEB               	movf	(UART_Init@x+2),w
  1046  07DD  087B               	btfss	status,2
  1047  07DE  1D03               	goto	u371
  1048  07DF  2FEB               	movlw	1
  1049  07E0  3001               	subwf	(UART_Init@x+1),w
  1050  07E1  027A               	skipz
  1051  07E2  1D03               	goto	u373
  1052  07E3  2FE8               	movlw	0
  1053  07E4  3000               	subwf	(UART_Init@x),w
  1054  07E5  0279               	skipz
  1055  07E6  1D03               	goto	u373
  1056  07E7  2FE8               u373:
  1057  07E8                     	btfsc	status,0
  1058  07E8  1803               	goto	u371
  1059  07E9  2FEB               	goto	u370
  1060  07EA  2FEC               
  1061                           u371:
  1062  07EB                     	goto	l31
  1063  07EB  2FFB               u370:
  1064  07EC                     	line	40
  1065                           	
  1066                           l732:	
  1067  07EC                     ;newmain.c: 39:     {;newmain.c: 40:     SPBRG=x;
  1068                           	movf	(UART_Init@x),w
  1069  07EC  0879               	bsf	status, 5	;RP0=1, select bank1
  1070  07ED  1683               	bcf	status, 6	;RP1=0, select bank1
  1071  07EE  1303               	movwf	(153)^080h	;volatile
  1072  07EF  0099               	line	42
  1073                           	
  1074                           l734:	
  1075  07F0                     ;newmain.c: 42:     TXEN=1;
  1076                           	bsf	(1221/8)^080h,(1221)&7	;volatile
  1077  07F0  1698               	line	43
  1078                           	
  1079                           l736:	
  1080  07F1                     ;newmain.c: 43:     SPEN=1;
  1081                           	bcf	status, 5	;RP0=0, select bank0
  1082  07F1  1283               	bcf	status, 6	;RP1=0, select bank0
  1083  07F2  1303               	bsf	(199/8),(199)&7	;volatile
  1084  07F3  1798               	line	44
  1085                           	
  1086                           l738:	
  1087  07F4                     ;newmain.c: 44:     CREN=1;
  1088                           	bsf	(196/8),(196)&7	;volatile
  1089  07F4  1618               	line	45
  1090                           	
  1091                           l740:	
  1092  07F5                     ;newmain.c: 45:     TRISC6=0;
  1093                           	bsf	status, 5	;RP0=1, select bank1
  1094  07F5  1683               	bcf	status, 6	;RP1=0, select bank1
  1095  07F6  1303               	bcf	(1086/8)^080h,(1086)&7	;volatile
  1096  07F7  1307               	line	46
  1097                           	
  1098                           l742:	
  1099  07F8                     ;newmain.c: 46:     TRISC7=1;
  1100                           	bsf	(1087/8)^080h,(1087)&7	;volatile
  1101  07F8  1787               	goto	l31
  1102  07F9  2FFB               	line	47
  1103                           	
  1104                           l744:	
  1105  07FA                     ;newmain.c: 47:     return 1;;	Return value of _UART_Init is never used
  1106                           	goto	l31
  1107  07FA  2FFB               	line	48
  1108                           ;newmain.c: 48:     }
  1109                           	
  1110                           l30:	
  1111  07FB                     	line	51
  1112                           ;newmain.c: 50:     return 0;;	Return value of _UART_Init is never used
  1113                           	
  1114                           l31:	
  1115  07FB                     	return
  1116  07FB  0008               	opt stack 0
  1117                           GLOBAL	__end_of_UART_Init
  1118                           	__end_of_UART_Init:
  1119  07FC                     	signat	_UART_Init,4218
  1120                           	global	___aldiv
  1121                           
  1122 ;; *************** function ___aldiv *****************
  1123 ;; Defined at:
  1124 ;;		line 5 in file "C:\Program Files (x86)\Microchip\xc8\v2.00\pic\sources\c90\common\aldiv.c"
  1125 ;; Parameters:    Size  Location     Type
  1126 ;;  divisor         4    0[COMMON] long 
  1127 ;;  dividend        4    4[COMMON] long 
  1128 ;; Auto vars:     Size  Location     Type
  1129 ;;  quotient        4    2[BANK0 ] long 
  1130 ;;  sign            1    1[BANK0 ] unsigned char 
  1131 ;;  counter         1    0[BANK0 ] unsigned char 
  1132 ;; Return value:  Size  Location     Type
  1133 ;;                  4    0[COMMON] long 
  1134 ;; Registers used:
  1135 ;;		wreg, status,2, status,0
  1136 ;; Tracked objects:
  1137 ;;		On entry : 0/0
  1138 ;;		On exit  : 0/0
  1139 ;;		Unchanged: 0/0
  1140 ;; Data sizes:     COMMON   BANK0   BANK1   BANK3   BANK2
  1141 ;;      Params:         8       0       0       0       0
  1142 ;;      Locals:         0       6       0       0       0
  1143 ;;      Temps:          1       0       0       0       0
  1144 ;;      Totals:         9       6       0       0       0
  1145 ;;Total ram usage:       15 bytes
  1146 ;; Hardware stack levels used:    1
  1147 ;; This function calls:
  1148 ;;		Nothing
  1149 ;; This function is called by:
  1150 ;;		_UART_Init
  1151 ;; This function uses a non-reentrant model
  1152 ;;
  1153                           psect	text3,local,class=CODE,delta=2,merge=1,group=1
  1154                           	file	"C:\Program Files (x86)\Microchip\xc8\v2.00\pic\sources\c90\common\aldiv.c"
  1155                           	line	5
  1156                           global __ptext3
  1157                           __ptext3:	;psect for function ___aldiv
  1158  064E                     psect	text3
  1159                           	file	"C:\Program Files (x86)\Microchip\xc8\v2.00\pic\sources\c90\common\aldiv.c"
  1160                           	line	5
  1161                           	global	__size_of___aldiv
  1162                           	__size_of___aldiv	equ	__end_of___aldiv-___aldiv
  1163  00A6                     	
  1164                           ___aldiv:	
  1165  064E                     ;incstack = 0
  1166                           	opt	stack 6
  1167                           ; Regs used in ___aldiv: [wreg+status,2+status,0]
  1168                           	line	13
  1169                           	
  1170                           l682:	
  1171  064E                     	bcf	status, 5	;RP0=0, select bank0
  1172  064E  1283               	bcf	status, 6	;RP1=0, select bank0
  1173  064F  1303               	clrf	(___aldiv@sign)
  1174  0650  01A1               	line	14
  1175                           	
  1176                           l684:	
  1177  0651                     	btfss	(___aldiv@divisor+3),7
  1178  0651  1FF3               	goto	u201
  1179  0652  2E54               	goto	u200
  1180  0653  2E55               u201:
  1181  0654                     	goto	l190
  1182  0654  2E62               u200:
  1183  0655                     	line	15
  1184                           	
  1185                           l686:	
  1186  0655                     	comf	(___aldiv@divisor),f
  1187  0655  09F0               	comf	(___aldiv@divisor+1),f
  1188  0656  09F1               	comf	(___aldiv@divisor+2),f
  1189  0657  09F2               	comf	(___aldiv@divisor+3),f
  1190  0658  09F3               	incf	(___aldiv@divisor),f
  1191  0659  0AF0               	skipnz
  1192  065A  1903               	incf	(___aldiv@divisor+1),f
  1193  065B  0AF1               	skipnz
  1194  065C  1903               	incf	(___aldiv@divisor+2),f
  1195  065D  0AF2               	skipnz
  1196  065E  1903               	incf	(___aldiv@divisor+3),f
  1197  065F  0AF3               	line	16
  1198                           	clrf	(___aldiv@sign)
  1199  0660  01A1               	incf	(___aldiv@sign),f
  1200  0661  0AA1               	line	17
  1201                           	
  1202                           l190:	
  1203  0662                     	line	18
  1204                           	btfss	(___aldiv@dividend+3),7
  1205  0662  1FF7               	goto	u211
  1206  0663  2E65               	goto	u210
  1207  0664  2E66               u211:
  1208  0665                     	goto	l692
  1209  0665  2E76               u210:
  1210  0666                     	line	19
  1211                           	
  1212                           l688:	
  1213  0666                     	comf	(___aldiv@dividend),f
  1214  0666  09F4               	comf	(___aldiv@dividend+1),f
  1215  0667  09F5               	comf	(___aldiv@dividend+2),f
  1216  0668  09F6               	comf	(___aldiv@dividend+3),f
  1217  0669  09F7               	incf	(___aldiv@dividend),f
  1218  066A  0AF4               	skipnz
  1219  066B  1903               	incf	(___aldiv@dividend+1),f
  1220  066C  0AF5               	skipnz
  1221  066D  1903               	incf	(___aldiv@dividend+2),f
  1222  066E  0AF6               	skipnz
  1223  066F  1903               	incf	(___aldiv@dividend+3),f
  1224  0670  0AF7               	line	20
  1225                           	
  1226                           l690:	
  1227  0671                     	movlw	low(01h)
  1228  0671  3001               	movwf	(??___aldiv+0)+0
  1229  0672  00F8               	movf	(??___aldiv+0)+0,w
  1230  0673  0878               	xorwf	(___aldiv@sign),f
  1231  0674  06A1               	goto	l692
  1232  0675  2E76               	line	21
  1233                           	
  1234                           l191:	
  1235  0676                     	line	22
  1236                           	
  1237                           l692:	
  1238  0676                     	movlw	high highword(0)
  1239  0676  3000               	movwf	(___aldiv@quotient+3)
  1240  0677  00A5               	movlw	low highword(0)
  1241  0678  3000               	movwf	(___aldiv@quotient+2)
  1242  0679  00A4               	movlw	high(0)
  1243  067A  3000               	movwf	(___aldiv@quotient+1)
  1244  067B  00A3               	movlw	low(0)
  1245  067C  3000               	movwf	(___aldiv@quotient)
  1246  067D  00A2               
  1247                           	line	23
  1248                           	
  1249                           l694:	
  1250  067E                     	movf	(___aldiv@divisor+3),w
  1251  067E  0873               	iorwf	(___aldiv@divisor+2),w
  1252  067F  0472               	iorwf	(___aldiv@divisor+1),w
  1253  0680  0471               	iorwf	(___aldiv@divisor),w
  1254  0681  0470               	skipnz
  1255  0682  1903               	goto	u221
  1256  0683  2E85               	goto	u220
  1257  0684  2E86               u221:
  1258  0685                     	goto	l714
  1259  0685  2ED9               u220:
  1260  0686                     	line	24
  1261                           	
  1262                           l696:	
  1263  0686                     	clrf	(___aldiv@counter)
  1264  0686  01A0               	incf	(___aldiv@counter),f
  1265  0687  0AA0               	line	25
  1266                           	goto	l700
  1267  0688  2E97               	
  1268                           l194:	
  1269  0689                     	line	26
  1270                           	
  1271                           l698:	
  1272  0689                     	movlw	01h
  1273  0689  3001               	movwf	(??___aldiv+0)+0
  1274  068A  00F8               u235:
  1275  068B                     	clrc
  1276  068B  1003               	rlf	(___aldiv@divisor),f
  1277  068C  0DF0               	rlf	(___aldiv@divisor+1),f
  1278  068D  0DF1               	rlf	(___aldiv@divisor+2),f
  1279  068E  0DF2               	rlf	(___aldiv@divisor+3),f
  1280  068F  0DF3               	decfsz	(??___aldiv+0)+0
  1281  0690  0BF8               	goto	u235
  1282  0691  2E8B               	line	27
  1283                           	movlw	low(01h)
  1284  0692  3001               	movwf	(??___aldiv+0)+0
  1285  0693  00F8               	movf	(??___aldiv+0)+0,w
  1286  0694  0878               	addwf	(___aldiv@counter),f
  1287  0695  07A0               	goto	l700
  1288  0696  2E97               	line	28
  1289                           	
  1290                           l193:	
  1291  0697                     	line	25
  1292                           	
  1293                           l700:	
  1294  0697                     	btfss	(___aldiv@divisor+3),(31)&7
  1295  0697  1FF3               	goto	u241
  1296  0698  2E9A               	goto	u240
  1297  0699  2E9B               u241:
  1298  069A                     	goto	l698
  1299  069A  2E89               u240:
  1300  069B                     	goto	l702
  1301  069B  2E9D               	
  1302                           l195:	
  1303  069C                     	goto	l702
  1304  069C  2E9D               	line	29
  1305                           	
  1306                           l196:	
  1307  069D                     	line	30
  1308                           	
  1309                           l702:	
  1310  069D                     	movlw	01h
  1311  069D  3001               	movwf	(??___aldiv+0)+0
  1312  069E  00F8               u255:
  1313  069F                     	clrc
  1314  069F  1003               	rlf	(___aldiv@quotient),f
  1315  06A0  0DA2               	rlf	(___aldiv@quotient+1),f
  1316  06A1  0DA3               	rlf	(___aldiv@quotient+2),f
  1317  06A2  0DA4               	rlf	(___aldiv@quotient+3),f
  1318  06A3  0DA5               	decfsz	(??___aldiv+0)+0
  1319  06A4  0BF8               	goto	u255
  1320  06A5  2E9F               	line	31
  1321                           	
  1322                           l704:	
  1323  06A6                     	movf	(___aldiv@divisor+3),w
  1324  06A6  0873               	subwf	(___aldiv@dividend+3),w
  1325  06A7  0277               	skipz
  1326  06A8  1D03               	goto	u265
  1327  06A9  2EB4               	movf	(___aldiv@divisor+2),w
  1328  06AA  0872               	subwf	(___aldiv@dividend+2),w
  1329  06AB  0276               	skipz
  1330  06AC  1D03               	goto	u265
  1331  06AD  2EB4               	movf	(___aldiv@divisor+1),w
  1332  06AE  0871               	subwf	(___aldiv@dividend+1),w
  1333  06AF  0275               	skipz
  1334  06B0  1D03               	goto	u265
  1335  06B1  2EB4               	movf	(___aldiv@divisor),w
  1336  06B2  0870               	subwf	(___aldiv@dividend),w
  1337  06B3  0274               u265:
  1338  06B4                     	skipc
  1339  06B4  1C03               	goto	u261
  1340  06B5  2EB7               	goto	u260
  1341  06B6  2EB8               u261:
  1342  06B7                     	goto	l710
  1343  06B7  2EC8               u260:
  1344  06B8                     	line	32
  1345                           	
  1346                           l706:	
  1347  06B8                     	movf	(___aldiv@divisor),w
  1348  06B8  0870               	subwf	(___aldiv@dividend),f
  1349  06B9  02F4               	movf	(___aldiv@divisor+1),w
  1350  06BA  0871               	skipc
  1351  06BB  1C03               	incfsz	(___aldiv@divisor+1),w
  1352  06BC  0F71               	subwf	(___aldiv@dividend+1),f
  1353  06BD  02F5               	movf	(___aldiv@divisor+2),w
  1354  06BE  0872               	skipc
  1355  06BF  1C03               	incfsz	(___aldiv@divisor+2),w
  1356  06C0  0F72               	subwf	(___aldiv@dividend+2),f
  1357  06C1  02F6               	movf	(___aldiv@divisor+3),w
  1358  06C2  0873               	skipc
  1359  06C3  1C03               	incfsz	(___aldiv@divisor+3),w
  1360  06C4  0F73               	subwf	(___aldiv@dividend+3),f
  1361  06C5  02F7               	line	33
  1362                           	
  1363                           l708:	
  1364  06C6                     	bsf	(___aldiv@quotient)+(0/8),(0)&7
  1365  06C6  1422               	goto	l710
  1366  06C7  2EC8               	line	34
  1367                           	
  1368                           l197:	
  1369  06C8                     	line	35
  1370                           	
  1371                           l710:	
  1372  06C8                     	movlw	01h
  1373  06C8  3001               u275:
  1374  06C9                     	clrc
  1375  06C9  1003               	rrf	(___aldiv@divisor+3),f
  1376  06CA  0CF3               	rrf	(___aldiv@divisor+2),f
  1377  06CB  0CF2               	rrf	(___aldiv@divisor+1),f
  1378  06CC  0CF1               	rrf	(___aldiv@divisor),f
  1379  06CD  0CF0               	addlw	-1
  1380  06CE  3EFF               	skipz
  1381  06CF  1D03               	goto	u275
  1382  06D0  2EC9               
  1383                           	line	36
  1384                           	
  1385                           l712:	
  1386  06D1                     	movlw	01h
  1387  06D1  3001               	subwf	(___aldiv@counter),f
  1388  06D2  02A0               	btfss	status,2
  1389  06D3  1D03               	goto	u281
  1390  06D4  2ED6               	goto	u280
  1391  06D5  2ED7               u281:
  1392  06D6                     	goto	l702
  1393  06D6  2E9D               u280:
  1394  06D7                     	goto	l714
  1395  06D7  2ED9               	
  1396                           l198:	
  1397  06D8                     	goto	l714
  1398  06D8  2ED9               	line	37
  1399                           	
  1400                           l192:	
  1401  06D9                     	line	38
  1402                           	
  1403                           l714:	
  1404  06D9                     	movf	((___aldiv@sign)),w
  1405  06D9  0821               	btfsc	status,2
  1406  06DA  1903               	goto	u291
  1407  06DB  2EDD               	goto	u290
  1408  06DC  2EDE               u291:
  1409  06DD                     	goto	l718
  1410  06DD  2EEA               u290:
  1411  06DE                     	line	39
  1412                           	
  1413                           l716:	
  1414  06DE                     	comf	(___aldiv@quotient),f
  1415  06DE  09A2               	comf	(___aldiv@quotient+1),f
  1416  06DF  09A3               	comf	(___aldiv@quotient+2),f
  1417  06E0  09A4               	comf	(___aldiv@quotient+3),f
  1418  06E1  09A5               	incf	(___aldiv@quotient),f
  1419  06E2  0AA2               	skipnz
  1420  06E3  1903               	incf	(___aldiv@quotient+1),f
  1421  06E4  0AA3               	skipnz
  1422  06E5  1903               	incf	(___aldiv@quotient+2),f
  1423  06E6  0AA4               	skipnz
  1424  06E7  1903               	incf	(___aldiv@quotient+3),f
  1425  06E8  0AA5               	goto	l718
  1426  06E9  2EEA               	
  1427                           l199:	
  1428  06EA                     	line	40
  1429                           	
  1430                           l718:	
  1431  06EA                     	movf	(___aldiv@quotient+3),w
  1432  06EA  0825               	movwf	(?___aldiv+3)
  1433  06EB  00F3               	movf	(___aldiv@quotient+2),w
  1434  06EC  0824               	movwf	(?___aldiv+2)
  1435  06ED  00F2               	movf	(___aldiv@quotient+1),w
  1436  06EE  0823               	movwf	(?___aldiv+1)
  1437  06EF  00F1               	movf	(___aldiv@quotient),w
  1438  06F0  0822               	movwf	(?___aldiv)
  1439  06F1  00F0               
  1440                           	goto	l200
  1441  06F2  2EF3               	
  1442                           l720:	
  1443  06F3                     	line	41
  1444                           	
  1445                           l200:	
  1446  06F3                     	return
  1447  06F3  0008               	opt stack 0
  1448                           GLOBAL	__end_of___aldiv
  1449                           	__end_of___aldiv:
  1450  06F4                     	signat	___aldiv,8316
  1451                           global	___latbits
  1452                           ___latbits	equ	2
  1453  0002                     	global	btemp
  1454                           	btemp set 07Eh
  1455  007E                     
  1456                           	DABS	1,126,2	;btemp
  1457                           	global	wtemp0
  1458                           	wtemp0 set btemp+0
  1459  007E                     	end


Data Sizes:
    Strings     0
    Constant    0
    Data        0
    BSS         0
    Persistent  0
    Stack       0

Auto Spaces:
    Space          Size  Autos    Used
    COMMON           14     13      13
    BANK0            80     22      22
    BANK1            80      0       0
    BANK3            96      0       0
    BANK2            96      0       0

Pointer List with Targets:

    None.

Critical Paths under _main in COMMON

    _main->_UART_Init
    _UART_Init->___aldiv

Critical Paths under _main in BANK0

    _main->_UART_Init
    _UART_Init->___aldiv

Critical Paths under _main in BANK1

    None.

Critical Paths under _main in BANK3

    None.

Critical Paths under _main in BANK2

    None.

Call Graph Tables:

 ---------------------------------------------------------------------------------
 (Depth) Function   	        Calls       Base Space   Used Autos Params    Refs
 ---------------------------------------------------------------------------------
 (0) _main                                                 0     0      0     851
                          _UART_Init
                          _UART_Sent
 ---------------------------------------------------------------------------------
 (1) _UART_Sent                                            4     4      0      15
                                              0 COMMON     4     4      0
 ---------------------------------------------------------------------------------
 (1) _UART_Init                                           20    16      4     836
                                              9 COMMON     4     4      0
                                              6 BANK0     16    12      4
                            ___aldiv
 ---------------------------------------------------------------------------------
 (2) ___aldiv                                             15     7      8     604
                                              0 COMMON     9     1      8
                                              0 BANK0      6     6      0
 ---------------------------------------------------------------------------------
 Estimated maximum stack depth 2
 ---------------------------------------------------------------------------------

 Call Graph Graphs:

 _main (ROOT)
   _UART_Init
     ___aldiv
   _UART_Sent

 Address spaces:
Name               Size   Autos  Total    Cost      Usage
BITCOMMON            E      0       0       0        0.0%
EEDATA             100      0       0       0        0.0%
NULL                 0      0       0       0        0.0%
CODE                 0      0       0       0        0.0%
COMMON               E      D       D       1       92.9%
BITSFR0              0      0       0       1        0.0%
SFR0                 0      0       0       1        0.0%
BITSFR1              0      0       0       2        0.0%
SFR1                 0      0       0       2        0.0%
STACK                0      0       0       2        0.0%
ABS                  0      0       0       3        0.0%
BITBANK0            50      0       0       4        0.0%
BITSFR3              0      0       0       4        0.0%
SFR3                 0      0       0       4        0.0%
BANK0               50     16      16       5       27.5%
BITSFR2              0      0       0       5        0.0%
SFR2                 0      0       0       5        0.0%
BITBANK1            50      0       0       6        0.0%
BANK1               50      0       0       7        0.0%
BITBANK3            60      0       0       8        0.0%
BANK3               60      0       0       9        0.0%
BITBANK2            60      0       0      10        0.0%
BANK2               60      0       0      11        0.0%
DATA                 0      0       0      12        0.0%


Microchip Technology PIC Macro Assembler V2.00 build -1524193055 
Symbol Table                                                                                   Thu Oct 25 15:38:24 2018

            __CFG_CP$OFF 0000                       l30 07FB                       l31 07FB  
                     l23 0616                       l24 0616                       l25 061D  
                     l26 062E                       l36 064A                       l29 07D8  
                     l37 064A                       l38 064B                       l39 064B  
                    l200 06F3                      l190 0662                      l191 0676  
                    l192 06D9                      l193 0697                      l194 0689  
                    l195 069C                      l196 069D                      l700 0697  
                    l197 06C8                      l198 06D8                      l710 06C8  
                    l702 069D                      l199 06EA                      l720 06F3  
                    l712 06D1                      l704 06A6                      l706 06B8  
                    l714 06D9                      l730 07D8                      l722 06F4  
                    l716 06DE                      l708 06C6                      l740 07F5  
                    l732 07EC                      l724 075A                      l652 0615  
                    l718 06EA                      l742 07F8                      l734 07F0  
                    l726 076E                      l654 061D                      l744 07FA  
                    l736 07F1                      l728 07D4                      l690 0671  
                    l682 064E                      l738 07F4                      l746 062F  
                    l692 0676                      l684 0651                      l694 067E  
                    l686 0655                      l696 0686                      l688 0666  
                    l698 0689                      u110 061C                      u111 061B  
                    u200 0655                      u201 0654                      u210 0666  
                    u211 0665                      u220 0686                      u300 0704  
                    u221 0685                      u310 0725                      u240 069B  
                    u320 073A                      u241 069A                      u321 073B  
                    u305 06FF                      u330 076E                      u322 0740  
                    u235 068B                      u331 076D                      u323 0741  
                    u315 0720                      u260 06B8                      u340 077E  
                    u261 06B7                      u333 076A                      u350 079F  
                    u255 069F                      u280 06D7                      u360 07B4  
                    u281 06D6                      u265 06B4                      u361 07B5  
                    u345 0779                      u290 06DE                      u370 07EC  
                    u362 07BA             __CFG_CPD$OFF 0000                      u291 06DD  
                    u275 06C9                      u371 07EB                      u363 07BB  
                    u355 079A                      u373 07E8                      u387 0627  
           __CFG_LVP$OFF 0000                     _BRGH 04C2                     _CREN 00C4  
                   _SPEN 00C7                     _TRMT 04C1                     _TXEN 04C5  
           __CFG_WRT$OFF 0000                     _main 062F                     btemp 007E  
                   start 0000          __end_of___aldiv 06F4                    ?_main 0070  
          __CFG_WDTE$OFF 0000                    _SPBRG 0099                    _TXREG 0019  
     __size_of_UART_Init 0108       __size_of_UART_Sent 001B           __CFG_BOREN$OFF 0000  
                  status 0003                    wtemp0 007E          __initialization 07FC  
           __end_of_main 064E                   ??_main 007D                   _TRISC6 043E  
                 _TRISC7 043F           __CFG_PWRTE$OFF 0000        __end_of_UART_Init 07FC  
      __end_of_UART_Sent 062F                ??___aldiv 0078          __CFG_FOSC$EXTRC 0000  
__end_of__initialization 07FC           __pcstackCOMMON 0070               __pmaintext 062F  
                ___aldiv 064E                  __ptext1 0614                  __ptext2 06F4  
                __ptext3 064E         ___aldiv@dividend 0074     end_of_initialization 07FC  
       ___aldiv@quotient 0022                _UART_Init 06F4                _UART_Sent 0614  
             ?_UART_Init 0026               ?_UART_Sent 0070      start_initialization 07FC  
              ___latbits 0002            __pcstackBANK0 0020                 ?___aldiv 0070  
            ??_UART_Init 002A              ??_UART_Sent 0070               UART_Init@x 0079  
             UART_Sent@c 0073          ___aldiv@divisor 0070          ___aldiv@counter 0020  
      UART_Init@baudrate 0026         __size_of___aldiv 00A6            __size_of_main 001F  
           ___aldiv@sign 0021  
