

Microchip Technology PIC LITE Macro Assembler V2.00 build -1524193055 
                                                                                               Sat Oct 20 13:13:26 2018

Microchip Technology Omniscient Code Generator v2.00 (Free mode) build 20180527130849
     1  0000                     
      + 0000                     
     2                           ; Version 2.00
     3                           ; Generated 27/05/2018 GMT
     4                           
     5                           ; 
     6                           ; Copyright © 2018, Microchip Technology Inc. and its subsidiaries ("Microchip")
     7                           ; All rights reserved.
     8                           ; 
     9                           ; This software is developed by Microchip Technology Inc. and its subsidiaries ("Microch
                                 ip").
    10                           ; 
    11                           ; Redistribution and use in source and binary forms, with or without modification, are
    12                           ; permitted provided that the following conditions are met:
    13                           ; 
    14                           ;     1. Redistributions of source code must retain the above copyright notice, this lis
                                 t of
    15                           ;        conditions and the following disclaimer.
    16                           ; 
    17                           ;     2. Redistributions in binary form must reproduce the above copyright notice, this 
                                 list
    18                           ;        of conditions and the following disclaimer in the documentation and/or other
    19                           ;        materials provided with the distribution.
    20                           ; 
    21                           ;     3. Microchip's name may not be used to endorse or promote products derived from th
                                 is
    22                           ;        software without specific prior written permission.
    23                           ; 
    24                           ; THIS SOFTWARE IS PROVIDED BY MICROCHIP "AS IS" AND ANY EXPRESS OR IMPLIED WARRANTIES,

    25                           ; INCLUDING, BUT NOT LIMITED TO, THE IMPLIED WARRANTIES OF MERCHANTABILITY AND FITNESS F
                                 OR
    26                           ; PURPOSE ARE DISCLAIMED.  IN NO EVENT SHALL MICROCHIP BE LIABLE FOR ANY DIRECT, INDIREC
                                 T,
    27                           ; INCIDENTAL, SPECIAL, EXEMPLARY, OR CONSEQUENTIAL DAMAGES (INCLUDING BUT NOT LIMITED TO
                                 
    28                           ; PROCUREMENT OF SUBSTITUTE GOODS OR SERVICES; LOSS OF USE, DATA OR PROFITS; OR BUSINESS
                                 
    29                           ; INTERRUPTION) HOWSOEVER CAUSED AND ON ANY THEORY OF LIABILITY, WHETHER IN CONTRACT, ST
                                 RICT
    30                           ; LIABILITY, OR TORT (INCLUDING NEGLIGENCE OR OTHERWISE) ARISING IN ANY WAY OUT OF THE U
                                 SE OF
    31                           ; THIS SOFTWARE, EVEN IF ADVISED OF THE POSSIBILITY OF SUCH DAMAGE.
    32                           ; 
    33                           
    34                           
    35                           ; 
    36                           ; Code-generator required, PIC16F877A Definitions
    37                           ; 
    38  0004                     fsr0 equ 04h
    39  0004                     indf equ 00h
    40  0000                     indf0 equ 00h
    41  0000                     pc equ 02h
    42  0002                     pcl equ 02h
    43  0002                     pclath equ 0Ah
    44  000A                     status equ 03h
    45  0003                     
     2                           opt pagewidth 120
     3  0000                     byte0	macro	val
     4                           	(getbyte(val,0))
     5                           endm
     6  0000                     byte1	macro	val
     7                           	(getbyte(val,1))
     8                           endm
     9  0000                     byte2	macro	val
    10                           	(getbyte(val,2))
    11                           endm
    12  0000                     byte3	macro	val
    13                           	(getbyte(val,3))
    14                           endm
    15  0000                     byte4	macro	val
    16                           	(getbyte(val,4))
    17                           endm
    18  0000                     byte5	macro	val
    19                           	(getbyte(val,5))
    20                           endm
    21  0000                     byte6	macro	val
    22                           	(getbyte(val,6))
    23                           endm
    24  0000                     byte7	macro	val
    25                           	(getbyte(val,7))
    26                           endm
    27  0000                     getword	macro	val,pos
    28                           	(((val) >> (8 * pos)) and 0xffff)
    29                           endm
    30  0000                     word0	macro	val
    31                           	(getword(val,0))
    32                           endm
    33  0000                     word1	macro	val
    34                           	(getword(val,2))
    35                           endm
    36  0000                     word2	macro	val
    37                           	(getword(val,4))
    38                           endm
    39  0000                     word3	macro	val
    40                           	(getword(val,6))
    41                           endm
    42  0000                     gettword	macro	val,pos
    43                           	(((val) >> (8 * pos)) and 0xffffff)
    44                           endm
    45  0000                     tword0	macro	val
    46                           	(gettword(val,0))
    47                           endm
    48  0000                     tword1	macro	val
    49                           	(gettword(val,3))
    50                           endm
    51  0000                     tword2	macro	val
    52                           	(gettword(val,6))
    53                           endm
    54  0000                     getdword	macro	val,pos
    55                           	(((val) >> (8 * pos)) and 0xffffffff)
    56                           endm
    57  0000                     dword0	macro	val
    58                           	(getdword(val,0))
    59                           endm
    60  0000                     dword1	macro	val
    61                           	(getdword(val,4))
    62                           endm
    63  0000                     clrc	macro
    64                           	bcf	3,0
    65                           	endm
    66  0000                     clrz	macro
    67                           	bcf	3,2
    68                           	endm
    69  0000                     setc	macro
    70                           	bsf	3,0
    71                           	endm
    72  0000                     setz	macro
    73                           	bsf	3,2
    74                           	endm
    75  0000                     skipc	macro
    76                           	btfss	3,0
    77                           	endm
    78  0000                     skipz	macro
    79                           	btfss	3,2
    80                           	endm
    81  0000                     skipnc	macro
    82                           	btfsc	3,0
    83                           	endm
    84  0000                     skipnz	macro
    85                           	btfsc	3,2
    86                           	endm
    87  0000                     # 54 "C:\Program Files (x86)\Microchip\xc8\v2.00\pic\include\pic16f877a.h"
    88                           INDF equ 00h ;# 
    89  0000                     # 61 "C:\Program Files (x86)\Microchip\xc8\v2.00\pic\include\pic16f877a.h"
    90                           TMR0 equ 01h ;# 
    91  0001                     # 68 "C:\Program Files (x86)\Microchip\xc8\v2.00\pic\include\pic16f877a.h"
    92                           PCL equ 02h ;# 
    93  0002                     # 75 "C:\Program Files (x86)\Microchip\xc8\v2.00\pic\include\pic16f877a.h"
    94                           STATUS equ 03h ;# 
    95  0003                     # 161 "C:\Program Files (x86)\Microchip\xc8\v2.00\pic\include\pic16f877a.h"
    96                           FSR equ 04h ;# 
    97  0004                     # 168 "C:\Program Files (x86)\Microchip\xc8\v2.00\pic\include\pic16f877a.h"
    98                           PORTA equ 05h ;# 
    99  0005                     # 218 "C:\Program Files (x86)\Microchip\xc8\v2.00\pic\include\pic16f877a.h"
   100                           PORTB equ 06h ;# 
   101  0006                     # 280 "C:\Program Files (x86)\Microchip\xc8\v2.00\pic\include\pic16f877a.h"
   102                           PORTC equ 07h ;# 
   103  0007                     # 342 "C:\Program Files (x86)\Microchip\xc8\v2.00\pic\include\pic16f877a.h"
   104                           PORTD equ 08h ;# 
   105  0008                     # 404 "C:\Program Files (x86)\Microchip\xc8\v2.00\pic\include\pic16f877a.h"
   106                           PORTE equ 09h ;# 
   107  0009                     # 436 "C:\Program Files (x86)\Microchip\xc8\v2.00\pic\include\pic16f877a.h"
   108                           PCLATH equ 0Ah ;# 
   109  000A                     # 456 "C:\Program Files (x86)\Microchip\xc8\v2.00\pic\include\pic16f877a.h"
   110                           INTCON equ 0Bh ;# 
   111  000B                     # 534 "C:\Program Files (x86)\Microchip\xc8\v2.00\pic\include\pic16f877a.h"
   112                           PIR1 equ 0Ch ;# 
   113  000C                     # 596 "C:\Program Files (x86)\Microchip\xc8\v2.00\pic\include\pic16f877a.h"
   114                           PIR2 equ 0Dh ;# 
   115  000D                     # 636 "C:\Program Files (x86)\Microchip\xc8\v2.00\pic\include\pic16f877a.h"
   116                           TMR1 equ 0Eh ;# 
   117  000E                     # 643 "C:\Program Files (x86)\Microchip\xc8\v2.00\pic\include\pic16f877a.h"
   118                           TMR1L equ 0Eh ;# 
   119  000E                     # 650 "C:\Program Files (x86)\Microchip\xc8\v2.00\pic\include\pic16f877a.h"
   120                           TMR1H equ 0Fh ;# 
   121  000F                     # 657 "C:\Program Files (x86)\Microchip\xc8\v2.00\pic\include\pic16f877a.h"
   122                           T1CON equ 010h ;# 
   123  0010                     # 732 "C:\Program Files (x86)\Microchip\xc8\v2.00\pic\include\pic16f877a.h"
   124                           TMR2 equ 011h ;# 
   125  0011                     # 739 "C:\Program Files (x86)\Microchip\xc8\v2.00\pic\include\pic16f877a.h"
   126                           T2CON equ 012h ;# 
   127  0012                     # 810 "C:\Program Files (x86)\Microchip\xc8\v2.00\pic\include\pic16f877a.h"
   128                           SSPBUF equ 013h ;# 
   129  0013                     # 817 "C:\Program Files (x86)\Microchip\xc8\v2.00\pic\include\pic16f877a.h"
   130                           SSPCON equ 014h ;# 
   131  0014                     # 887 "C:\Program Files (x86)\Microchip\xc8\v2.00\pic\include\pic16f877a.h"
   132                           CCPR1 equ 015h ;# 
   133  0015                     # 894 "C:\Program Files (x86)\Microchip\xc8\v2.00\pic\include\pic16f877a.h"
   134                           CCPR1L equ 015h ;# 
   135  0015                     # 901 "C:\Program Files (x86)\Microchip\xc8\v2.00\pic\include\pic16f877a.h"
   136                           CCPR1H equ 016h ;# 
   137  0016                     # 908 "C:\Program Files (x86)\Microchip\xc8\v2.00\pic\include\pic16f877a.h"
   138                           CCP1CON equ 017h ;# 
   139  0017                     # 966 "C:\Program Files (x86)\Microchip\xc8\v2.00\pic\include\pic16f877a.h"
   140                           RCSTA equ 018h ;# 
   141  0018                     # 1061 "C:\Program Files (x86)\Microchip\xc8\v2.00\pic\include\pic16f877a.h"
   142                           TXREG equ 019h ;# 
   143  0019                     # 1068 "C:\Program Files (x86)\Microchip\xc8\v2.00\pic\include\pic16f877a.h"
   144                           RCREG equ 01Ah ;# 
   145  001A                     # 1075 "C:\Program Files (x86)\Microchip\xc8\v2.00\pic\include\pic16f877a.h"
   146                           CCPR2 equ 01Bh ;# 
   147  001B                     # 1082 "C:\Program Files (x86)\Microchip\xc8\v2.00\pic\include\pic16f877a.h"
   148                           CCPR2L equ 01Bh ;# 
   149  001B                     # 1089 "C:\Program Files (x86)\Microchip\xc8\v2.00\pic\include\pic16f877a.h"
   150                           CCPR2H equ 01Ch ;# 
   151  001C                     # 1096 "C:\Program Files (x86)\Microchip\xc8\v2.00\pic\include\pic16f877a.h"
   152                           CCP2CON equ 01Dh ;# 
   153  001D                     # 1154 "C:\Program Files (x86)\Microchip\xc8\v2.00\pic\include\pic16f877a.h"
   154                           ADRESH equ 01Eh ;# 
   155  001E                     # 1161 "C:\Program Files (x86)\Microchip\xc8\v2.00\pic\include\pic16f877a.h"
   156                           ADCON0 equ 01Fh ;# 
   157  001F                     # 1257 "C:\Program Files (x86)\Microchip\xc8\v2.00\pic\include\pic16f877a.h"
   158                           OPTION_REG equ 081h ;# 
   159  0081                     # 1327 "C:\Program Files (x86)\Microchip\xc8\v2.00\pic\include\pic16f877a.h"
   160                           TRISA equ 085h ;# 
   161  0085                     # 1377 "C:\Program Files (x86)\Microchip\xc8\v2.00\pic\include\pic16f877a.h"
   162                           TRISB equ 086h ;# 
   163  0086                     # 1439 "C:\Program Files (x86)\Microchip\xc8\v2.00\pic\include\pic16f877a.h"
   164                           TRISC equ 087h ;# 
   165  0087                     # 1501 "C:\Program Files (x86)\Microchip\xc8\v2.00\pic\include\pic16f877a.h"
   166                           TRISD equ 088h ;# 
   167  0088                     # 1563 "C:\Program Files (x86)\Microchip\xc8\v2.00\pic\include\pic16f877a.h"
   168                           TRISE equ 089h ;# 
   169  0089                     # 1620 "C:\Program Files (x86)\Microchip\xc8\v2.00\pic\include\pic16f877a.h"
   170                           PIE1 equ 08Ch ;# 
   171  008C                     # 1682 "C:\Program Files (x86)\Microchip\xc8\v2.00\pic\include\pic16f877a.h"
   172                           PIE2 equ 08Dh ;# 
   173  008D                     # 1722 "C:\Program Files (x86)\Microchip\xc8\v2.00\pic\include\pic16f877a.h"
   174                           PCON equ 08Eh ;# 
   175  008E                     # 1756 "C:\Program Files (x86)\Microchip\xc8\v2.00\pic\include\pic16f877a.h"
   176                           SSPCON2 equ 091h ;# 
   177  0091                     # 1818 "C:\Program Files (x86)\Microchip\xc8\v2.00\pic\include\pic16f877a.h"
   178                           PR2 equ 092h ;# 
   179  0092                     # 1825 "C:\Program Files (x86)\Microchip\xc8\v2.00\pic\include\pic16f877a.h"
   180                           SSPADD equ 093h ;# 
   181  0093                     # 1832 "C:\Program Files (x86)\Microchip\xc8\v2.00\pic\include\pic16f877a.h"
   182                           SSPSTAT equ 094h ;# 
   183  0094                     # 2001 "C:\Program Files (x86)\Microchip\xc8\v2.00\pic\include\pic16f877a.h"
   184                           TXSTA equ 098h ;# 
   185  0098                     # 2082 "C:\Program Files (x86)\Microchip\xc8\v2.00\pic\include\pic16f877a.h"
   186                           SPBRG equ 099h ;# 
   187  0099                     # 2089 "C:\Program Files (x86)\Microchip\xc8\v2.00\pic\include\pic16f877a.h"
   188                           CMCON equ 09Ch ;# 
   189  009C                     # 2159 "C:\Program Files (x86)\Microchip\xc8\v2.00\pic\include\pic16f877a.h"
   190                           CVRCON equ 09Dh ;# 
   191  009D                     # 2224 "C:\Program Files (x86)\Microchip\xc8\v2.00\pic\include\pic16f877a.h"
   192                           ADRESL equ 09Eh ;# 
   193  009E                     # 2231 "C:\Program Files (x86)\Microchip\xc8\v2.00\pic\include\pic16f877a.h"
   194                           ADCON1 equ 09Fh ;# 
   195  009F                     # 2290 "C:\Program Files (x86)\Microchip\xc8\v2.00\pic\include\pic16f877a.h"
   196                           EEDATA equ 010Ch ;# 
   197  010C                     # 2297 "C:\Program Files (x86)\Microchip\xc8\v2.00\pic\include\pic16f877a.h"
   198                           EEADR equ 010Dh ;# 
   199  010D                     # 2304 "C:\Program Files (x86)\Microchip\xc8\v2.00\pic\include\pic16f877a.h"
   200                           EEDATH equ 010Eh ;# 
   201  010E                     # 2311 "C:\Program Files (x86)\Microchip\xc8\v2.00\pic\include\pic16f877a.h"
   202                           EEADRH equ 010Fh ;# 
   203  010F                     # 2318 "C:\Program Files (x86)\Microchip\xc8\v2.00\pic\include\pic16f877a.h"
   204                           EECON1 equ 018Ch ;# 
   205  018C                     # 2363 "C:\Program Files (x86)\Microchip\xc8\v2.00\pic\include\pic16f877a.h"
   206                           EECON2 equ 018Dh ;# 
   207  018D                     # 11 "main.c"
   208                           GLOBAL nosup@@$_$_CONFIG ;# 
   209                           # 11 "main.c"
   210                           nosup@@$_$_CONFIG SET 0 ;# 
   211  0000                     # 54 "C:\Program Files (x86)\Microchip\xc8\v2.00\pic\include\pic16f877a.h"
   212                           INDF equ 00h ;# 
   213  0000                     # 61 "C:\Program Files (x86)\Microchip\xc8\v2.00\pic\include\pic16f877a.h"
   214                           TMR0 equ 01h ;# 
   215  0001                     # 68 "C:\Program Files (x86)\Microchip\xc8\v2.00\pic\include\pic16f877a.h"
   216                           PCL equ 02h ;# 
   217  0002                     # 75 "C:\Program Files (x86)\Microchip\xc8\v2.00\pic\include\pic16f877a.h"
   218                           STATUS equ 03h ;# 
   219  0003                     # 161 "C:\Program Files (x86)\Microchip\xc8\v2.00\pic\include\pic16f877a.h"
   220                           FSR equ 04h ;# 
   221  0004                     # 168 "C:\Program Files (x86)\Microchip\xc8\v2.00\pic\include\pic16f877a.h"
   222                           PORTA equ 05h ;# 
   223  0005                     # 218 "C:\Program Files (x86)\Microchip\xc8\v2.00\pic\include\pic16f877a.h"
   224                           PORTB equ 06h ;# 
   225  0006                     # 280 "C:\Program Files (x86)\Microchip\xc8\v2.00\pic\include\pic16f877a.h"
   226                           PORTC equ 07h ;# 
   227  0007                     # 342 "C:\Program Files (x86)\Microchip\xc8\v2.00\pic\include\pic16f877a.h"
   228                           PORTD equ 08h ;# 
   229  0008                     # 404 "C:\Program Files (x86)\Microchip\xc8\v2.00\pic\include\pic16f877a.h"
   230                           PORTE equ 09h ;# 
   231  0009                     # 436 "C:\Program Files (x86)\Microchip\xc8\v2.00\pic\include\pic16f877a.h"
   232                           PCLATH equ 0Ah ;# 
   233  000A                     # 456 "C:\Program Files (x86)\Microchip\xc8\v2.00\pic\include\pic16f877a.h"
   234                           INTCON equ 0Bh ;# 
   235  000B                     # 534 "C:\Program Files (x86)\Microchip\xc8\v2.00\pic\include\pic16f877a.h"
   236                           PIR1 equ 0Ch ;# 
   237  000C                     # 596 "C:\Program Files (x86)\Microchip\xc8\v2.00\pic\include\pic16f877a.h"
   238                           PIR2 equ 0Dh ;# 
   239  000D                     # 636 "C:\Program Files (x86)\Microchip\xc8\v2.00\pic\include\pic16f877a.h"
   240                           TMR1 equ 0Eh ;# 
   241  000E                     # 643 "C:\Program Files (x86)\Microchip\xc8\v2.00\pic\include\pic16f877a.h"
   242                           TMR1L equ 0Eh ;# 
   243  000E                     # 650 "C:\Program Files (x86)\Microchip\xc8\v2.00\pic\include\pic16f877a.h"
   244                           TMR1H equ 0Fh ;# 
   245  000F                     # 657 "C:\Program Files (x86)\Microchip\xc8\v2.00\pic\include\pic16f877a.h"
   246                           T1CON equ 010h ;# 
   247  0010                     # 732 "C:\Program Files (x86)\Microchip\xc8\v2.00\pic\include\pic16f877a.h"
   248                           TMR2 equ 011h ;# 
   249  0011                     # 739 "C:\Program Files (x86)\Microchip\xc8\v2.00\pic\include\pic16f877a.h"
   250                           T2CON equ 012h ;# 
   251  0012                     # 810 "C:\Program Files (x86)\Microchip\xc8\v2.00\pic\include\pic16f877a.h"
   252                           SSPBUF equ 013h ;# 
   253  0013                     # 817 "C:\Program Files (x86)\Microchip\xc8\v2.00\pic\include\pic16f877a.h"
   254                           SSPCON equ 014h ;# 
   255  0014                     # 887 "C:\Program Files (x86)\Microchip\xc8\v2.00\pic\include\pic16f877a.h"
   256                           CCPR1 equ 015h ;# 
   257  0015                     # 894 "C:\Program Files (x86)\Microchip\xc8\v2.00\pic\include\pic16f877a.h"
   258                           CCPR1L equ 015h ;# 
   259  0015                     # 901 "C:\Program Files (x86)\Microchip\xc8\v2.00\pic\include\pic16f877a.h"
   260                           CCPR1H equ 016h ;# 
   261  0016                     # 908 "C:\Program Files (x86)\Microchip\xc8\v2.00\pic\include\pic16f877a.h"
   262                           CCP1CON equ 017h ;# 
   263  0017                     # 966 "C:\Program Files (x86)\Microchip\xc8\v2.00\pic\include\pic16f877a.h"
   264                           RCSTA equ 018h ;# 
   265  0018                     # 1061 "C:\Program Files (x86)\Microchip\xc8\v2.00\pic\include\pic16f877a.h"
   266                           TXREG equ 019h ;# 
   267  0019                     # 1068 "C:\Program Files (x86)\Microchip\xc8\v2.00\pic\include\pic16f877a.h"
   268                           RCREG equ 01Ah ;# 
   269  001A                     # 1075 "C:\Program Files (x86)\Microchip\xc8\v2.00\pic\include\pic16f877a.h"
   270                           CCPR2 equ 01Bh ;# 
   271  001B                     # 1082 "C:\Program Files (x86)\Microchip\xc8\v2.00\pic\include\pic16f877a.h"
   272                           CCPR2L equ 01Bh ;# 
   273  001B                     # 1089 "C:\Program Files (x86)\Microchip\xc8\v2.00\pic\include\pic16f877a.h"
   274                           CCPR2H equ 01Ch ;# 
   275  001C                     # 1096 "C:\Program Files (x86)\Microchip\xc8\v2.00\pic\include\pic16f877a.h"
   276                           CCP2CON equ 01Dh ;# 
   277  001D                     # 1154 "C:\Program Files (x86)\Microchip\xc8\v2.00\pic\include\pic16f877a.h"
   278                           ADRESH equ 01Eh ;# 
   279  001E                     # 1161 "C:\Program Files (x86)\Microchip\xc8\v2.00\pic\include\pic16f877a.h"
   280                           ADCON0 equ 01Fh ;# 
   281  001F                     # 1257 "C:\Program Files (x86)\Microchip\xc8\v2.00\pic\include\pic16f877a.h"
   282                           OPTION_REG equ 081h ;# 
   283  0081                     # 1327 "C:\Program Files (x86)\Microchip\xc8\v2.00\pic\include\pic16f877a.h"
   284                           TRISA equ 085h ;# 
   285  0085                     # 1377 "C:\Program Files (x86)\Microchip\xc8\v2.00\pic\include\pic16f877a.h"
   286                           TRISB equ 086h ;# 
   287  0086                     # 1439 "C:\Program Files (x86)\Microchip\xc8\v2.00\pic\include\pic16f877a.h"
   288                           TRISC equ 087h ;# 
   289  0087                     # 1501 "C:\Program Files (x86)\Microchip\xc8\v2.00\pic\include\pic16f877a.h"
   290                           TRISD equ 088h ;# 
   291  0088                     # 1563 "C:\Program Files (x86)\Microchip\xc8\v2.00\pic\include\pic16f877a.h"
   292                           TRISE equ 089h ;# 
   293  0089                     # 1620 "C:\Program Files (x86)\Microchip\xc8\v2.00\pic\include\pic16f877a.h"
   294                           PIE1 equ 08Ch ;# 
   295  008C                     # 1682 "C:\Program Files (x86)\Microchip\xc8\v2.00\pic\include\pic16f877a.h"
   296                           PIE2 equ 08Dh ;# 
   297  008D                     # 1722 "C:\Program Files (x86)\Microchip\xc8\v2.00\pic\include\pic16f877a.h"
   298                           PCON equ 08Eh ;# 
   299  008E                     # 1756 "C:\Program Files (x86)\Microchip\xc8\v2.00\pic\include\pic16f877a.h"
   300                           SSPCON2 equ 091h ;# 
   301  0091                     # 1818 "C:\Program Files (x86)\Microchip\xc8\v2.00\pic\include\pic16f877a.h"
   302                           PR2 equ 092h ;# 
   303  0092                     # 1825 "C:\Program Files (x86)\Microchip\xc8\v2.00\pic\include\pic16f877a.h"
   304                           SSPADD equ 093h ;# 
   305  0093                     # 1832 "C:\Program Files (x86)\Microchip\xc8\v2.00\pic\include\pic16f877a.h"
   306                           SSPSTAT equ 094h ;# 
   307  0094                     # 2001 "C:\Program Files (x86)\Microchip\xc8\v2.00\pic\include\pic16f877a.h"
   308                           TXSTA equ 098h ;# 
   309  0098                     # 2082 "C:\Program Files (x86)\Microchip\xc8\v2.00\pic\include\pic16f877a.h"
   310                           SPBRG equ 099h ;# 
   311  0099                     # 2089 "C:\Program Files (x86)\Microchip\xc8\v2.00\pic\include\pic16f877a.h"
   312                           CMCON equ 09Ch ;# 
   313  009C                     # 2159 "C:\Program Files (x86)\Microchip\xc8\v2.00\pic\include\pic16f877a.h"
   314                           CVRCON equ 09Dh ;# 
   315  009D                     # 2224 "C:\Program Files (x86)\Microchip\xc8\v2.00\pic\include\pic16f877a.h"
   316                           ADRESL equ 09Eh ;# 
   317  009E                     # 2231 "C:\Program Files (x86)\Microchip\xc8\v2.00\pic\include\pic16f877a.h"
   318                           ADCON1 equ 09Fh ;# 
   319  009F                     # 2290 "C:\Program Files (x86)\Microchip\xc8\v2.00\pic\include\pic16f877a.h"
   320                           EEDATA equ 010Ch ;# 
   321  010C                     # 2297 "C:\Program Files (x86)\Microchip\xc8\v2.00\pic\include\pic16f877a.h"
   322                           EEADR equ 010Dh ;# 
   323  010D                     # 2304 "C:\Program Files (x86)\Microchip\xc8\v2.00\pic\include\pic16f877a.h"
   324                           EEDATH equ 010Eh ;# 
   325  010E                     # 2311 "C:\Program Files (x86)\Microchip\xc8\v2.00\pic\include\pic16f877a.h"
   326                           EEADRH equ 010Fh ;# 
   327  010F                     # 2318 "C:\Program Files (x86)\Microchip\xc8\v2.00\pic\include\pic16f877a.h"
   328                           EECON1 equ 018Ch ;# 
   329  018C                     # 2363 "C:\Program Files (x86)\Microchip\xc8\v2.00\pic\include\pic16f877a.h"
   330                           EECON2 equ 018Dh ;# 
   331  018D                     	FNROOT	_main
   332                           	global	_RB1
   333                           _RB1	set	0x31
   334  0031                     	global	_RB2
   335                           _RB2	set	0x32
   336  0032                     	global	_TRISB2
   337                           _TRISB2	set	0x432
   338  0432                     	global	_TRISB1
   339                           _TRISB1	set	0x431
   340  0431                     ; #config settings
   341                           	file	"C:\Users\AJAY\AppData\Local\Temp\s4tc."
   342                           	line	#
   343                           psect cinit,class=CODE,delta=2
   344                           global start_initialization
   345                           start_initialization:
   346  07FC                     
   347                           global __initialization
   348                           __initialization:
   349  07FC                     psect cinit,class=CODE,delta=2,merge=1
   350                           global end_of_initialization,__end_of__initialization
   351                           
   352                           ;End of C runtime variable initialization code
   353                           
   354                           end_of_initialization:
   355  07FC                     __end_of__initialization:
   356  07FC                     clrf status
   357  07FC  0183               ljmp _main	;jump to C main() function
   358  07FD  120A  118A  2FEA   psect	cstackCOMMON,class=COMMON,space=1,noexec
   359                           global __pcstackCOMMON
   360                           __pcstackCOMMON:
   361  0000                     ?_main:	; 1 bytes @ 0x0
   362  0000                     ??_main:	; 1 bytes @ 0x0
   363  0000                     ;!
   364                           ;!Data Sizes:
   365                           ;!    Strings     0
   366                           ;!    Constant    0
   367                           ;!    Data        0
   368                           ;!    BSS         0
   369                           ;!    Persistent  0
   370                           ;!    Stack       0
   371                           ;!
   372                           ;!Auto Spaces:
   373                           ;!    Space          Size  Autos    Used
   374                           ;!    COMMON           14      0       0
   375                           ;!    BANK0            80      0       0
   376                           ;!    BANK1            80      0       0
   377                           ;!    BANK3            96      0       0
   378                           ;!    BANK2            96      0       0
   379                           
   380                           ;!
   381                           ;!Pointer List with Targets:
   382                           ;!
   383                           ;!    None.
   384                           
   385                           
   386                           ;!
   387                           ;!Critical Paths under _main in COMMON
   388                           ;!
   389                           ;!    None.
   390                           ;!
   391                           ;!Critical Paths under _main in BANK0
   392                           ;!
   393                           ;!    None.
   394                           ;!
   395                           ;!Critical Paths under _main in BANK1
   396                           ;!
   397                           ;!    None.
   398                           ;!
   399                           ;!Critical Paths under _main in BANK3
   400                           ;!
   401                           ;!    None.
   402                           ;!
   403                           ;!Critical Paths under _main in BANK2
   404                           ;!
   405                           ;!    None.
   406                           
   407 ;;
   408 ;;Main: autosize = 0, tempsize = 0, incstack = 0, save=0
   409 ;;
   410                           
   411                           ;!
   412                           ;!Call Graph Tables:
   413                           ;!
   414                           ;! ---------------------------------------------------------------------------------
   415                           ;! (Depth) Function   	        Calls       Base Space   Used Autos Params    Refs
   416                           ;! ---------------------------------------------------------------------------------
   417                           ;! (0) _main                                                 0     0      0       0
   418                           ;! ---------------------------------------------------------------------------------
   419                           ;! Estimated maximum stack depth 0
   420                           ;! ---------------------------------------------------------------------------------
   421                           ;!
   422                           ;! Call Graph Graphs:
   423                           ;!
   424                           ;! _main (ROOT)
   425                           ;!
   426                           
   427                           ;! Address spaces:
   428                           
   429                           ;!Name               Size   Autos  Total    Cost      Usage
   430                           ;!BITCOMMON            E      0       0       0        0.0%
   431                           ;!EEDATA             100      0       0       0        0.0%
   432                           ;!NULL                 0      0       0       0        0.0%
   433                           ;!CODE                 0      0       0       0        0.0%
   434                           ;!COMMON               E      0       0       1        0.0%
   435                           ;!BITSFR0              0      0       0       1        0.0%
   436                           ;!SFR0                 0      0       0       1        0.0%
   437                           ;!BITSFR1              0      0       0       2        0.0%
   438                           ;!SFR1                 0      0       0       2        0.0%
   439                           ;!STACK                0      0       0       2        0.0%
   440                           ;!ABS                  0      0       0       3        0.0%
   441                           ;!BITBANK0            50      0       0       4        0.0%
   442                           ;!BITSFR3              0      0       0       4        0.0%
   443                           ;!SFR3                 0      0       0       4        0.0%
   444                           ;!BANK0               50      0       0       5        0.0%
   445                           ;!BITSFR2              0      0       0       5        0.0%
   446                           ;!SFR2                 0      0       0       5        0.0%
   447                           ;!BITBANK1            50      0       0       6        0.0%
   448                           ;!BANK1               50      0       0       7        0.0%
   449                           ;!BITBANK3            60      0       0       8        0.0%
   450                           ;!BANK3               60      0       0       9        0.0%
   451                           ;!BITBANK2            60      0       0      10        0.0%
   452                           ;!BANK2               60      0       0      11        0.0%
   453                           ;!DATA                 0      0       0      12        0.0%
   454                           
   455                           	global	_main
   456                           
   457 ;; *************** function _main *****************
   458 ;; Defined at:
   459 ;;		line 13 in file "main.c"
   460 ;; Parameters:    Size  Location     Type
   461 ;;		None
   462 ;; Auto vars:     Size  Location     Type
   463 ;;		None
   464 ;; Return value:  Size  Location     Type
   465 ;;                  1    wreg      void 
   466 ;; Registers used:
   467 ;;		None
   468 ;; Tracked objects:
   469 ;;		On entry : B00/0
   470 ;;		On exit  : 0/0
   471 ;;		Unchanged: 0/0
   472 ;; Data sizes:     COMMON   BANK0   BANK1   BANK3   BANK2
   473 ;;      Params:         0       0       0       0       0
   474 ;;      Locals:         0       0       0       0       0
   475 ;;      Temps:          0       0       0       0       0
   476 ;;      Totals:         0       0       0       0       0
   477 ;;Total ram usage:        0 bytes
   478 ;; This function calls:
   479 ;;		Nothing
   480 ;; This function is called by:
   481 ;;		Startup code after reset
   482 ;; This function uses a non-reentrant model
   483 ;;
   484                           psect	maintext,global,class=CODE,delta=2,split=1,group=0
   485                           	file	"main.c"
   486                           	line	13
   487                           global __pmaintext
   488                           __pmaintext:	;psect for function _main
   489  07EA                     psect	maintext
   490                           	file	"main.c"
   491                           	line	13
   492                           	global	__size_of_main
   493                           	__size_of_main	equ	__end_of_main-_main
   494  0012                     	
   495                           _main:	
   496  07EA                     ;incstack = 0
   497                           	opt	stack 8
   498                           ; Regs used in _main: []
   499                           	line	14
   500                           	
   501                           l591:	
   502  07EA                     ;main.c: 14:     TRISB1=0;
   503                           	bsf	status, 5	;RP0=1, select bank1
   504  07EA  1683               	bcf	status, 6	;RP1=0, select bank1
   505  07EB  1303               	bcf	(1073/8)^080h,(1073)&7	;volatile
   506  07EC  1086               	line	15
   507                           ;main.c: 15:     TRISB2=1;
   508                           	bsf	(1074/8)^080h,(1074)&7	;volatile
   509  07ED  1506               	line	16
   510                           ;main.c: 16:     while(1)
   511                           	
   512                           l13:	
   513  07EE                     	line	18
   514                           ;main.c: 17:     {;main.c: 18:     if(RB2==0)
   515                           	bcf	status, 5	;RP0=0, select bank0
   516  07EE  1283               	btfsc	(50/8),(50)&7	;volatile
   517  07EF  1906               	goto	u11
   518  07F0  2FF2               	goto	u10
   519  07F1  2FF3               u11:
   520  07F2                     	goto	l14
   521  07F2  2FF5               u10:
   522  07F3                     	line	21
   523                           	
   524                           l593:	
   525  07F3                     ;main.c: 20:     {;main.c: 21:         RB1=1;
   526                           	bsf	(49/8),(49)&7	;volatile
   527  07F3  1486               	line	22
   528                           ;main.c: 22:     }
   529                           	goto	l13
   530  07F4  2FEE               	line	23
   531                           ;main.c: 23:     else
   532                           	
   533                           l14:	
   534  07F5                     	line	25
   535                           ;main.c: 24:     {;main.c: 25:         RB1=0;
   536                           	bcf	(49/8),(49)&7	;volatile
   537  07F5  1086               	goto	l13
   538  07F6  2FEE               	line	26
   539                           ;main.c: 26:     }
   540                           	
   541                           l15:	
   542  07F7                     	goto	l13
   543  07F7  2FEE               	line	28
   544                           ;main.c: 28:     }
   545                           	
   546                           l16:	
   547  07F8                     	goto	l13
   548  07F8  2FEE               	
   549                           l17:	
   550  07F9                     	line	30
   551                           ;main.c: 29:     return;
   552                           	
   553                           l18:	
   554  07F9                     	global	start
   555                           	ljmp	start
   556  07F9  120A  118A  2800   	opt stack 0
   557                           GLOBAL	__end_of_main
   558                           	__end_of_main:
   559  07FC                     	signat	_main,89
   560                           global	___latbits
   561                           ___latbits	equ	2
   562  0002                     	global	btemp
   563                           	btemp set 07Eh
   564  007E                     
   565                           	DABS	1,126,2	;btemp
   566                           	global	wtemp0
   567                           	wtemp0 set btemp+0
   568  007E                     	end


Data Sizes:
    Strings     0
    Constant    0
    Data        0
    BSS         0
    Persistent  0
    Stack       0

Auto Spaces:
    Space          Size  Autos    Used
    COMMON           14      0       0
    BANK0            80      0       0
    BANK1            80      0       0
    BANK3            96      0       0
    BANK2            96      0       0

Pointer List with Targets:

    None.

Critical Paths under _main in COMMON

    None.

Critical Paths under _main in BANK0

    None.

Critical Paths under _main in BANK1

    None.

Critical Paths under _main in BANK3

    None.

Critical Paths under _main in BANK2

    None.

Call Graph Tables:

 ---------------------------------------------------------------------------------
 (Depth) Function   	        Calls       Base Space   Used Autos Params    Refs
 ---------------------------------------------------------------------------------
 (0) _main                                                 0     0      0       0
 ---------------------------------------------------------------------------------
 Estimated maximum stack depth 0
 ---------------------------------------------------------------------------------

 Call Graph Graphs:

 _main (ROOT)

 Address spaces:
Name               Size   Autos  Total    Cost      Usage
BITCOMMON            E      0       0       0        0.0%
EEDATA             100      0       0       0        0.0%
NULL                 0      0       0       0        0.0%
CODE                 0      0       0       0        0.0%
COMMON               E      0       0       1        0.0%
BITSFR0              0      0       0       1        0.0%
SFR0                 0      0       0       1        0.0%
BITSFR1              0      0       0       2        0.0%
SFR1                 0      0       0       2        0.0%
STACK                0      0       0       2        0.0%
ABS                  0      0       0       3        0.0%
BITBANK0            50      0       0       4        0.0%
BITSFR3              0      0       0       4        0.0%
SFR3                 0      0       0       4        0.0%
BANK0               50      0       0       5        0.0%
BITSFR2              0      0       0       5        0.0%
SFR2                 0      0       0       5        0.0%
BITBANK1            50      0       0       6        0.0%
BANK1               50      0       0       7        0.0%
BITBANK3            60      0       0       8        0.0%
BANK3               60      0       0       9        0.0%
BITBANK2            60      0       0      10        0.0%
BANK2               60      0       0      11        0.0%
DATA                 0      0       0      12        0.0%


Microchip Technology PIC Macro Assembler V2.00 build -1524193055 
Symbol Table                                                                                   Sat Oct 20 13:13:26 2018

                     l13 07EE                       l14 07F5                       l15 07F7  
                     l16 07F8                       l17 07F9                       l18 07F9  
                     u10 07F3                       u11 07F2                      l591 07EA  
                    l593 07F3                      _RB1 0031                      _RB2 0032  
                   _main 07EA                     btemp 007E                     start 0000  
       nosup@@$_$_CONFIG 0000                    ?_main 0000                    status 0003  
                  wtemp0 007E          __initialization 07FC             __end_of_main 07FC  
                 ??_main 0000                   _TRISB1 0431                   _TRISB2 0432  
__end_of__initialization 07FC           __pcstackCOMMON 0000               __pmaintext 07EA  
   end_of_initialization 07FC      start_initialization 07FC                ___latbits 0002  
          __size_of_main 0012  
