

Microchip Technology PIC LITE Macro Assembler V1.45 build -152302408 
                                                                                               Sat Dec 15 16:07:20 2018

Microchip Technology Omniscient Code Generator v1.45 (Free mode) build 201711160504
     1                           	processor	16F877A
     2                           	opt	pw 120
     3                           	opt	lm
     4                           	psect	cinit,global,class=CODE,merge=1,delta=2
     5                           	psect	bssCOMMON,global,class=COMMON,space=1,delta=1
     6                           	psect	cstackCOMMON,global,class=COMMON,space=1,delta=1
     7                           	psect	maintext,global,class=CODE,split=1,delta=2
     8                           	psect	text1,local,class=CODE,merge=1,delta=2
     9                           	psect	intentry,global,class=CODE,delta=2
    10                           	dabs	1,0x7E,2
    11  0000                     
    12                           ; Version 1.45
    13                           ; Generated 16/11/2017 GMT
    14                           ; 
    15                           ; Copyright © 2017, Microchip Technology Inc. and its subsidiaries ("Microchip")
    16                           ; All rights reserved.
    17                           ; 
    18                           ; This software is developed by Microchip Technology Inc. and its subsidiaries ("Microch
      +                          ip").
    19                           ; 
    20                           ; Redistribution and use in source and binary forms, with or without modification, are
    21                           ; permitted provided that the following conditions are met:
    22                           ; 
    23                           ;     1. Redistributions of source code must retain the above copyright notice, this lis
      +                          t of
    24                           ;        conditions and the following disclaimer.
    25                           ; 
    26                           ;     2. Redistributions in binary form must reproduce the above copyright notice, this 
      +                          list
    27                           ;        of conditions and the following disclaimer in the documentation and/or other
    28                           ;        materials provided with the distribution.
    29                           ; 
    30                           ;     3. Microchip's name may not be used to endorse or promote products derived from th
      +                          is
    31                           ;        software without specific prior written permission.
    32                           ; 
    33                           ; THIS SOFTWARE IS PROVIDED BY MICROCHIP "AS IS" AND ANY EXPRESS OR IMPLIED WARRANTIES,
    34                           ; INCLUDING, BUT NOT LIMITED TO, THE IMPLIED WARRANTIES OF MERCHANTABILITY AND FITNESS F
      +                          OR
    35                           ; PURPOSE ARE DISCLAIMED.  IN NO EVENT SHALL MICROCHIP BE LIABLE FOR ANY DIRECT, INDIREC
      +                          T,
    36                           ; INCIDENTAL, SPECIAL, EXEMPLARY, OR CONSEQUENTIAL DAMAGES (INCLUDING BUT NOT LIMITED TO
    37                           ; PROCUREMENT OF SUBSTITUTE GOODS OR SERVICES; LOSS OF USE, DATA OR PROFITS; OR BUSINESS
    38                           ; INTERRUPTION) HOWSOEVER CAUSED AND ON ANY THEORY OF LIABILITY, WHETHER IN CONTRACT, ST
      +                          RICT
    39                           ; LIABILITY, OR TORT (INCLUDING NEGLIGENCE OR OTHERWISE) ARISING IN ANY WAY OUT OF THE U
      +                          SE OF
    40                           ; THIS SOFTWARE, EVEN IF ADVISED OF THE POSSIBILITY OF SUCH DAMAGE.
    41                           ; 
    42                           ; 
    43                           ; Code-generator required, PIC16F877A Definitions
    44                           ; 
    45                           ; SFR Addresses
    46  0000                     	;# 
    47  0001                     	;# 
    48  0002                     	;# 
    49  0003                     	;# 
    50  0004                     	;# 
    51  0005                     	;# 
    52  0006                     	;# 
    53  0007                     	;# 
    54  0008                     	;# 
    55  0009                     	;# 
    56  000A                     	;# 
    57  000B                     	;# 
    58  000C                     	;# 
    59  000D                     	;# 
    60  000E                     	;# 
    61  000E                     	;# 
    62  000F                     	;# 
    63  0010                     	;# 
    64  0011                     	;# 
    65  0012                     	;# 
    66  0013                     	;# 
    67  0014                     	;# 
    68  0015                     	;# 
    69  0015                     	;# 
    70  0016                     	;# 
    71  0017                     	;# 
    72  0018                     	;# 
    73  0019                     	;# 
    74  001A                     	;# 
    75  001B                     	;# 
    76  001B                     	;# 
    77  001C                     	;# 
    78  001D                     	;# 
    79  001E                     	;# 
    80  001F                     	;# 
    81  0081                     	;# 
    82  0085                     	;# 
    83  0086                     	;# 
    84  0087                     	;# 
    85  0088                     	;# 
    86  0089                     	;# 
    87  008C                     	;# 
    88  008D                     	;# 
    89  008E                     	;# 
    90  0091                     	;# 
    91  0092                     	;# 
    92  0093                     	;# 
    93  0094                     	;# 
    94  0098                     	;# 
    95  0099                     	;# 
    96  009C                     	;# 
    97  009D                     	;# 
    98  009E                     	;# 
    99  009F                     	;# 
   100  010C                     	;# 
   101  010D                     	;# 
   102  010E                     	;# 
   103  010F                     	;# 
   104  018C                     	;# 
   105  018D                     	;# 
   106  0008                     _PORTD	set	8
   107  0010                     _T1CON	set	16
   108  000E                     _TMR1L	set	14
   109  000F                     _TMR1H	set	15
   110  0080                     _TMR1ON	set	128
   111  005E                     _PEIE	set	94
   112  005F                     _GIE	set	95
   113  0060                     _TMR1IF	set	96
   114  0088                     _TRISD	set	136
   115  0460                     _TMR1IE	set	1120
   116                           
   117                           	psect	cinit
   118  0015                     start_initialization:	
   119                           ; #config settings
   120                           
   121  0015                     __initialization:	
   122                           
   123                           ; Clear objects allocated to COMMON
   124  0015  01F4               	clrf	__pbssCOMMON& (0+127)
   125  0016                     end_of_initialization:	
   126                           ;End of C runtime variable initialization code
   127                           
   128  0016                     __end_of__initialization:	
   129  0016  0183               	clrf	3
   130  0017  120A  118A  281A   	ljmp	_main	;jump to C main() function
   131                           
   132                           	psect	bssCOMMON
   133  0074                     __pbssCOMMON:	
   134  0074                     _value:	
   135  0074                     	ds	1
   136                           
   137                           	psect	cstackCOMMON
   138  0070                     __pcstackCOMMON:	
   139  0070                     ?_timer_isr:	
   140  0070                     ??_timer_isr:	
   141                           ; 1 bytes @ 0x0
   142                           
   143  0070                     ?_main:	
   144                           ; 1 bytes @ 0x0
   145                           
   146                           
   147                           ; 1 bytes @ 0x0
   148  0070                     	ds	4
   149  0074                     ??_main:	
   150                           
   151                           	psect	maintext
   152  001A                     __pmaintext:	
   153                           ; 1 bytes @ 0x4
   154 ;;
   155 ;;Main: autosize = 0, tempsize = 0, incstack = 0, save=0
   156 ;;
   157 ;; *************** function _main *****************
   158 ;; Defined at:
   159 ;;		line 26 in file "newmain.c"
   160 ;; Parameters:    Size  Location     Type
   161 ;;		None
   162 ;; Auto vars:     Size  Location     Type
   163 ;;		None
   164 ;; Return value:  Size  Location     Type
   165 ;;                  1    wreg      void 
   166 ;; Registers used:
   167 ;;		wreg, status,2
   168 ;; Tracked objects:
   169 ;;		On entry : B00/0
   170 ;;		On exit  : 0/0
   171 ;;		Unchanged: 0/0
   172 ;; Data sizes:     COMMON   BANK0   BANK1   BANK3   BANK2
   173 ;;      Params:         0       0       0       0       0
   174 ;;      Locals:         0       0       0       0       0
   175 ;;      Temps:          0       0       0       0       0
   176 ;;      Totals:         0       0       0       0       0
   177 ;;Total ram usage:        0 bytes
   178 ;; Hardware stack levels required when called:    1
   179 ;; This function calls:
   180 ;;		Nothing
   181 ;; This function is called by:
   182 ;;		Startup code after reset
   183 ;; This function uses a non-reentrant model
   184 ;;
   185                           
   186                           
   187                           ;psect for function _main
   188  001A                     _main:	
   189                           
   190                           ;newmain.c: 28: TRISD=0x00;
   191                           
   192                           ;incstack = 0
   193                           ; Regs used in _main: [wreg+status,2]
   194  001A  1683               	bsf	3,5	;RP0=1, select bank1
   195  001B  1303               	bcf	3,6	;RP1=0, select bank1
   196  001C  0188               	clrf	8	;volatile
   197                           
   198                           ;newmain.c: 31: T1CON=0b00111101;
   199  001D  303D               	movlw	61
   200  001E  1283               	bcf	3,5	;RP0=0, select bank0
   201  001F  1303               	bcf	3,6	;RP1=0, select bank0
   202  0020  0090               	movwf	16	;volatile
   203                           
   204                           ;newmain.c: 32: TMR1H=0x0B;
   205  0021  300B               	movlw	11
   206  0022  008F               	movwf	15	;volatile
   207                           
   208                           ;newmain.c: 33: TMR1L=0xDC;
   209  0023  30DC               	movlw	220
   210  0024  008E               	movwf	14	;volatile
   211                           
   212                           ;newmain.c: 34: TMR1IE=1;
   213  0025  1683               	bsf	3,5	;RP0=1, select bank1
   214  0026  1303               	bcf	3,6	;RP1=0, select bank1
   215  0027  140C               	bsf	12,0	;volatile
   216                           
   217                           ;newmain.c: 35: GIE=1;
   218  0028  178B               	bsf	11,7	;volatile
   219                           
   220                           ;newmain.c: 36: PEIE=1;
   221  0029  170B               	bsf	11,6	;volatile
   222                           
   223                           ;newmain.c: 37: TMR1ON = 1;
   224  002A  1283               	bcf	3,5	;RP0=0, select bank0
   225  002B  1303               	bcf	3,6	;RP1=0, select bank0
   226  002C  1410               	bsf	16,0	;volatile
   227  002D                     l520:	
   228                           ;newmain.c: 39: while(1)
   229                           
   230                           
   231                           ;newmain.c: 40: {
   232                           ;newmain.c: 41: PORTD = value;
   233  002D  0874               	movf	_value,w
   234  002E  0088               	movwf	8	;volatile
   235  002F  282D               	goto	l520
   236  0030                     __end_of_main:	
   237                           
   238                           	psect	text1
   239  0030                     __ptext1:	
   240 ;; *************** function _timer_isr *****************
   241 ;; Defined at:
   242 ;;		line 14 in file "newmain.c"
   243 ;; Parameters:    Size  Location     Type
   244 ;;		None
   245 ;; Auto vars:     Size  Location     Type
   246 ;;		None
   247 ;; Return value:  Size  Location     Type
   248 ;;                  1    wreg      void 
   249 ;; Registers used:
   250 ;;		wreg
   251 ;; Tracked objects:
   252 ;;		On entry : 0/0
   253 ;;		On exit  : 0/0
   254 ;;		Unchanged: 0/0
   255 ;; Data sizes:     COMMON   BANK0   BANK1   BANK3   BANK2
   256 ;;      Params:         0       0       0       0       0
   257 ;;      Locals:         0       0       0       0       0
   258 ;;      Temps:          4       0       0       0       0
   259 ;;      Totals:         4       0       0       0       0
   260 ;;Total ram usage:        4 bytes
   261 ;; Hardware stack levels used:    1
   262 ;; This function calls:
   263 ;;		Nothing
   264 ;; This function is called by:
   265 ;;		Interrupt level 1
   266 ;; This function uses a non-reentrant model
   267 ;;
   268                           
   269                           
   270                           ;psect for function _timer_isr
   271  0030                     _timer_isr:	
   272                           
   273                           ;newmain.c: 16: if(TMR1IF==1)
   274  0030  1C0C               	btfss	12,0	;volatile
   275  0031  2838               	goto	i1l28
   276                           
   277                           ;newmain.c: 17: {
   278                           ;newmain.c: 18: value=~value;
   279  0032  09F4               	comf	_value,f
   280                           
   281                           ;newmain.c: 19: TMR1H=0x0B;
   282  0033  300B               	movlw	11
   283  0034  008F               	movwf	15	;volatile
   284                           
   285                           ;newmain.c: 20: TMR1L=0xDC;
   286  0035  30DC               	movlw	220
   287  0036  008E               	movwf	14	;volatile
   288                           
   289                           ;newmain.c: 21: TMR1IF=0;
   290  0037  100C               	bcf	12,0	;volatile
   291  0038                     i1l28:	
   292  0038  0873               	movf	??_timer_isr+3,w
   293  0039  00FF               	movwf	127
   294  003A  0872               	movf	??_timer_isr+2,w
   295  003B  008A               	movwf	10
   296  003C  0871               	movf	??_timer_isr+1,w
   297  003D  0084               	movwf	4
   298  003E  0E70               	swapf	??_timer_isr^(0+-128),w
   299  003F  0083               	movwf	3
   300  0040  0EFE               	swapf	126,f
   301  0041  0E7E               	swapf	126,w
   302  0042  0009               	retfie
   303  0043                     __end_of_timer_isr:	
   304  007E                     btemp	set	126	;btemp
   305  007E                     wtemp0	set	126
   306                           
   307                           	psect	intentry
   308  0004                     __pintentry:	
   309                           ;incstack = 0
   310                           ; Regs used in _timer_isr: [wreg]
   311                           
   312  0004                     interrupt_function:	
   313  007E                     saved_w	set	btemp
   314  0004  00FE               	movwf	btemp
   315  0005  0E03               	swapf	3,w
   316  0006  00F0               	movwf	??_timer_isr
   317  0007  0804               	movf	4,w
   318  0008  00F1               	movwf	??_timer_isr+1
   319  0009  080A               	movf	10,w
   320  000A  00F2               	movwf	??_timer_isr+2
   321  000B  1283               	bcf	3,5	;RP0=0, select bank0
   322  000C  1303               	bcf	3,6	;RP1=0, select bank0
   323  000D  087F               	movf	btemp+1,w
   324  000E  00F3               	movwf	??_timer_isr+3
   325  000F  120A  118A  2830   	ljmp	_timer_isr


Data Sizes:
    Strings     0
    Constant    0
    Data        0
    BSS         1
    Persistent  0
    Stack       0

Auto Spaces:
    Space          Size  Autos    Used
    COMMON           14      4       5
    BANK0            80      0       0
    BANK1            80      0       0
    BANK3            96      0       0
    BANK2            96      0       0

Pointer List with Targets:

    None.

Critical Paths under _main in COMMON

    None.

Critical Paths under _timer_isr in COMMON

    None.

Critical Paths under _main in BANK0

    None.

Critical Paths under _timer_isr in BANK0

    None.

Critical Paths under _main in BANK1

    None.

Critical Paths under _timer_isr in BANK1

    None.

Critical Paths under _main in BANK3

    None.

Critical Paths under _timer_isr in BANK3

    None.

Critical Paths under _main in BANK2

    None.

Critical Paths under _timer_isr in BANK2

    None.

Call Graph Tables:

 ---------------------------------------------------------------------------------
 (Depth) Function   	        Calls       Base Space   Used Autos Params    Refs
 ---------------------------------------------------------------------------------
 (0) _main                                                 0     0      0       0
 ---------------------------------------------------------------------------------
 Estimated maximum stack depth 0
 ---------------------------------------------------------------------------------
 (Depth) Function   	        Calls       Base Space   Used Autos Params    Refs
 ---------------------------------------------------------------------------------
 (1) _timer_isr                                            4     4      0       0
                                              0 COMMON     4     4      0
 ---------------------------------------------------------------------------------
 Estimated maximum stack depth 1
 ---------------------------------------------------------------------------------

 Call Graph Graphs:

 _main (ROOT)

 _timer_isr (ROOT)

 Address spaces:
Name               Size   Autos  Total    Cost      Usage
BITCOMMON            E      0       0       0        0.0%
EEDATA             100      0       0       0        0.0%
NULL                 0      0       0       0        0.0%
CODE                 0      0       0       0        0.0%
COMMON               E      4       5       1       35.7%
BITSFR0              0      0       0       1        0.0%
SFR0                 0      0       0       1        0.0%
BITSFR1              0      0       0       2        0.0%
SFR1                 0      0       0       2        0.0%
STACK                0      0       0       2        0.0%
ABS                  0      0       5       3        0.0%
BITBANK0            50      0       0       4        0.0%
BITSFR3              0      0       0       4        0.0%
SFR3                 0      0       0       4        0.0%
BANK0               50      0       0       5        0.0%
BITSFR2              0      0       0       5        0.0%
SFR2                 0      0       0       5        0.0%
BITBANK1            50      0       0       6        0.0%
BANK1               50      0       0       7        0.0%
BITBANK3            60      0       0       8        0.0%
BANK3               60      0       0       9        0.0%
BITBANK2            60      0       0      10        0.0%
BANK2               60      0       0      11        0.0%
DATA                 0      0       5      12        0.0%


Microchip Technology PIC Macro Assembler V1.45 build -152302408 
Symbol Table                                                                                   Sat Dec 15 16:07:20 2018

                    l520 002D                      _GIE 005F                      fsr0 0004  
                   _PEIE 005E                     i1l28 0038                     _main 001A  
                   btemp 007E                     start 0012                    ?_main 0070  
                  _T1CON 0010                    _TMR1H 000F                    _TMR1L 000E  
                  _PORTD 0008                    _TRISD 0088                    _value 0074  
                  pclath 000A                    status 0003                    wtemp0 007E  
        __initialization 0015             __end_of_main 0030                   ??_main 0074  
                 _TMR1IE 0460                   _TMR1IF 0060                   _TMR1ON 0080  
                 saved_w 007E  __end_of__initialization 0016           __pcstackCOMMON 0070  
             __pmaintext 001A               __pintentry 0004       __size_of_timer_isr 0013  
                __ptext1 0030     end_of_initialization 0016        __end_of_timer_isr 0043  
    start_initialization 0015              __pbssCOMMON 0074                ___latbits 0002  
      interrupt_function 0004                _timer_isr 0030               ?_timer_isr 0070  
          __size_of_main 0016                 intlevel1 0000              ??_timer_isr 0070  
