

Microchip Technology PIC LITE Macro Assembler V2.00 build -1524193055 
                                                                                               Wed Oct 23 10:34:42 2019

Microchip Technology Omniscient Code Generator v2.00 (Free mode) build 20180527130849
     1  0000                     
      + 0000                     
     2                           ; Version 2.00
     3                           ; Generated 27/05/2018 GMT
     4                           
     5                           ; 
     6                           ; Copyright © 2018, Microchip Technology Inc. and its subsidiaries ("Microchip")
     7                           ; All rights reserved.
     8                           ; 
     9                           ; This software is developed by Microchip Technology Inc. and its subsidiaries ("Microch
                                 ip").
    10                           ; 
    11                           ; Redistribution and use in source and binary forms, with or without modification, are
    12                           ; permitted provided that the following conditions are met:
    13                           ; 
    14                           ;     1. Redistributions of source code must retain the above copyright notice, this lis
                                 t of
    15                           ;        conditions and the following disclaimer.
    16                           ; 
    17                           ;     2. Redistributions in binary form must reproduce the above copyright notice, this 
                                 list
    18                           ;        of conditions and the following disclaimer in the documentation and/or other
    19                           ;        materials provided with the distribution.
    20                           ; 
    21                           ;     3. Microchip's name may not be used to endorse or promote products derived from th
                                 is
    22                           ;        software without specific prior written permission.
    23                           ; 
    24                           ; THIS SOFTWARE IS PROVIDED BY MICROCHIP "AS IS" AND ANY EXPRESS OR IMPLIED WARRANTIES,

    25                           ; INCLUDING, BUT NOT LIMITED TO, THE IMPLIED WARRANTIES OF MERCHANTABILITY AND FITNESS F
                                 OR
    26                           ; PURPOSE ARE DISCLAIMED.  IN NO EVENT SHALL MICROCHIP BE LIABLE FOR ANY DIRECT, INDIREC
                                 T,
    27                           ; INCIDENTAL, SPECIAL, EXEMPLARY, OR CONSEQUENTIAL DAMAGES (INCLUDING BUT NOT LIMITED TO
                                 
    28                           ; PROCUREMENT OF SUBSTITUTE GOODS OR SERVICES; LOSS OF USE, DATA OR PROFITS; OR BUSINESS
                                 
    29                           ; INTERRUPTION) HOWSOEVER CAUSED AND ON ANY THEORY OF LIABILITY, WHETHER IN CONTRACT, ST
                                 RICT
    30                           ; LIABILITY, OR TORT (INCLUDING NEGLIGENCE OR OTHERWISE) ARISING IN ANY WAY OUT OF THE U
                                 SE OF
    31                           ; THIS SOFTWARE, EVEN IF ADVISED OF THE POSSIBILITY OF SUCH DAMAGE.
    32                           ; 
    33                           
    34                           
    35                           ; 
    36                           ; Code-generator required, PIC16F877A Definitions
    37                           ; 
    38  0004                     fsr0 equ 04h
    39  0004                     indf equ 00h
    40  0000                     indf0 equ 00h
    41  0000                     pc equ 02h
    42  0002                     pcl equ 02h
    43  0002                     pclath equ 0Ah
    44  000A                     status equ 03h
    45  0003                     
     2                           opt pagewidth 120
     3  0000                     byte0	macro	val
     4                           	(getbyte(val,0))
     5                           endm
     6  0000                     byte1	macro	val
     7                           	(getbyte(val,1))
     8                           endm
     9  0000                     byte2	macro	val
    10                           	(getbyte(val,2))
    11                           endm
    12  0000                     byte3	macro	val
    13                           	(getbyte(val,3))
    14                           endm
    15  0000                     byte4	macro	val
    16                           	(getbyte(val,4))
    17                           endm
    18  0000                     byte5	macro	val
    19                           	(getbyte(val,5))
    20                           endm
    21  0000                     byte6	macro	val
    22                           	(getbyte(val,6))
    23                           endm
    24  0000                     byte7	macro	val
    25                           	(getbyte(val,7))
    26                           endm
    27  0000                     getword	macro	val,pos
    28                           	(((val) >> (8 * pos)) and 0xffff)
    29                           endm
    30  0000                     word0	macro	val
    31                           	(getword(val,0))
    32                           endm
    33  0000                     word1	macro	val
    34                           	(getword(val,2))
    35                           endm
    36  0000                     word2	macro	val
    37                           	(getword(val,4))
    38                           endm
    39  0000                     word3	macro	val
    40                           	(getword(val,6))
    41                           endm
    42  0000                     gettword	macro	val,pos
    43                           	(((val) >> (8 * pos)) and 0xffffff)
    44                           endm
    45  0000                     tword0	macro	val
    46                           	(gettword(val,0))
    47                           endm
    48  0000                     tword1	macro	val
    49                           	(gettword(val,3))
    50                           endm
    51  0000                     tword2	macro	val
    52                           	(gettword(val,6))
    53                           endm
    54  0000                     getdword	macro	val,pos
    55                           	(((val) >> (8 * pos)) and 0xffffffff)
    56                           endm
    57  0000                     dword0	macro	val
    58                           	(getdword(val,0))
    59                           endm
    60  0000                     dword1	macro	val
    61                           	(getdword(val,4))
    62                           endm
    63  0000                     clrc	macro
    64                           	bcf	3,0
    65                           	endm
    66  0000                     clrz	macro
    67                           	bcf	3,2
    68                           	endm
    69  0000                     setc	macro
    70                           	bsf	3,0
    71                           	endm
    72  0000                     setz	macro
    73                           	bsf	3,2
    74                           	endm
    75  0000                     skipc	macro
    76                           	btfss	3,0
    77                           	endm
    78  0000                     skipz	macro
    79                           	btfss	3,2
    80                           	endm
    81  0000                     skipnc	macro
    82                           	btfsc	3,0
    83                           	endm
    84  0000                     skipnz	macro
    85                           	btfsc	3,2
    86                           	endm
    87  0000                     # 54 "C:\Program Files (x86)\Microchip\xc8\v2.00\pic\include\pic16f877a.h"
    88                           INDF equ 00h ;# 
    89  0000                     # 61 "C:\Program Files (x86)\Microchip\xc8\v2.00\pic\include\pic16f877a.h"
    90                           TMR0 equ 01h ;# 
    91  0001                     # 68 "C:\Program Files (x86)\Microchip\xc8\v2.00\pic\include\pic16f877a.h"
    92                           PCL equ 02h ;# 
    93  0002                     # 75 "C:\Program Files (x86)\Microchip\xc8\v2.00\pic\include\pic16f877a.h"
    94                           STATUS equ 03h ;# 
    95  0003                     # 161 "C:\Program Files (x86)\Microchip\xc8\v2.00\pic\include\pic16f877a.h"
    96                           FSR equ 04h ;# 
    97  0004                     # 168 "C:\Program Files (x86)\Microchip\xc8\v2.00\pic\include\pic16f877a.h"
    98                           PORTA equ 05h ;# 
    99  0005                     # 218 "C:\Program Files (x86)\Microchip\xc8\v2.00\pic\include\pic16f877a.h"
   100                           PORTB equ 06h ;# 
   101  0006                     # 280 "C:\Program Files (x86)\Microchip\xc8\v2.00\pic\include\pic16f877a.h"
   102                           PORTC equ 07h ;# 
   103  0007                     # 342 "C:\Program Files (x86)\Microchip\xc8\v2.00\pic\include\pic16f877a.h"
   104                           PORTD equ 08h ;# 
   105  0008                     # 404 "C:\Program Files (x86)\Microchip\xc8\v2.00\pic\include\pic16f877a.h"
   106                           PORTE equ 09h ;# 
   107  0009                     # 436 "C:\Program Files (x86)\Microchip\xc8\v2.00\pic\include\pic16f877a.h"
   108                           PCLATH equ 0Ah ;# 
   109  000A                     # 456 "C:\Program Files (x86)\Microchip\xc8\v2.00\pic\include\pic16f877a.h"
   110                           INTCON equ 0Bh ;# 
   111  000B                     # 534 "C:\Program Files (x86)\Microchip\xc8\v2.00\pic\include\pic16f877a.h"
   112                           PIR1 equ 0Ch ;# 
   113  000C                     # 596 "C:\Program Files (x86)\Microchip\xc8\v2.00\pic\include\pic16f877a.h"
   114                           PIR2 equ 0Dh ;# 
   115  000D                     # 636 "C:\Program Files (x86)\Microchip\xc8\v2.00\pic\include\pic16f877a.h"
   116                           TMR1 equ 0Eh ;# 
   117  000E                     # 643 "C:\Program Files (x86)\Microchip\xc8\v2.00\pic\include\pic16f877a.h"
   118                           TMR1L equ 0Eh ;# 
   119  000E                     # 650 "C:\Program Files (x86)\Microchip\xc8\v2.00\pic\include\pic16f877a.h"
   120                           TMR1H equ 0Fh ;# 
   121  000F                     # 657 "C:\Program Files (x86)\Microchip\xc8\v2.00\pic\include\pic16f877a.h"
   122                           T1CON equ 010h ;# 
   123  0010                     # 732 "C:\Program Files (x86)\Microchip\xc8\v2.00\pic\include\pic16f877a.h"
   124                           TMR2 equ 011h ;# 
   125  0011                     # 739 "C:\Program Files (x86)\Microchip\xc8\v2.00\pic\include\pic16f877a.h"
   126                           T2CON equ 012h ;# 
   127  0012                     # 810 "C:\Program Files (x86)\Microchip\xc8\v2.00\pic\include\pic16f877a.h"
   128                           SSPBUF equ 013h ;# 
   129  0013                     # 817 "C:\Program Files (x86)\Microchip\xc8\v2.00\pic\include\pic16f877a.h"
   130                           SSPCON equ 014h ;# 
   131  0014                     # 887 "C:\Program Files (x86)\Microchip\xc8\v2.00\pic\include\pic16f877a.h"
   132                           CCPR1 equ 015h ;# 
   133  0015                     # 894 "C:\Program Files (x86)\Microchip\xc8\v2.00\pic\include\pic16f877a.h"
   134                           CCPR1L equ 015h ;# 
   135  0015                     # 901 "C:\Program Files (x86)\Microchip\xc8\v2.00\pic\include\pic16f877a.h"
   136                           CCPR1H equ 016h ;# 
   137  0016                     # 908 "C:\Program Files (x86)\Microchip\xc8\v2.00\pic\include\pic16f877a.h"
   138                           CCP1CON equ 017h ;# 
   139  0017                     # 966 "C:\Program Files (x86)\Microchip\xc8\v2.00\pic\include\pic16f877a.h"
   140                           RCSTA equ 018h ;# 
   141  0018                     # 1061 "C:\Program Files (x86)\Microchip\xc8\v2.00\pic\include\pic16f877a.h"
   142                           TXREG equ 019h ;# 
   143  0019                     # 1068 "C:\Program Files (x86)\Microchip\xc8\v2.00\pic\include\pic16f877a.h"
   144                           RCREG equ 01Ah ;# 
   145  001A                     # 1075 "C:\Program Files (x86)\Microchip\xc8\v2.00\pic\include\pic16f877a.h"
   146                           CCPR2 equ 01Bh ;# 
   147  001B                     # 1082 "C:\Program Files (x86)\Microchip\xc8\v2.00\pic\include\pic16f877a.h"
   148                           CCPR2L equ 01Bh ;# 
   149  001B                     # 1089 "C:\Program Files (x86)\Microchip\xc8\v2.00\pic\include\pic16f877a.h"
   150                           CCPR2H equ 01Ch ;# 
   151  001C                     # 1096 "C:\Program Files (x86)\Microchip\xc8\v2.00\pic\include\pic16f877a.h"
   152                           CCP2CON equ 01Dh ;# 
   153  001D                     # 1154 "C:\Program Files (x86)\Microchip\xc8\v2.00\pic\include\pic16f877a.h"
   154                           ADRESH equ 01Eh ;# 
   155  001E                     # 1161 "C:\Program Files (x86)\Microchip\xc8\v2.00\pic\include\pic16f877a.h"
   156                           ADCON0 equ 01Fh ;# 
   157  001F                     # 1257 "C:\Program Files (x86)\Microchip\xc8\v2.00\pic\include\pic16f877a.h"
   158                           OPTION_REG equ 081h ;# 
   159  0081                     # 1327 "C:\Program Files (x86)\Microchip\xc8\v2.00\pic\include\pic16f877a.h"
   160                           TRISA equ 085h ;# 
   161  0085                     # 1377 "C:\Program Files (x86)\Microchip\xc8\v2.00\pic\include\pic16f877a.h"
   162                           TRISB equ 086h ;# 
   163  0086                     # 1439 "C:\Program Files (x86)\Microchip\xc8\v2.00\pic\include\pic16f877a.h"
   164                           TRISC equ 087h ;# 
   165  0087                     # 1501 "C:\Program Files (x86)\Microchip\xc8\v2.00\pic\include\pic16f877a.h"
   166                           TRISD equ 088h ;# 
   167  0088                     # 1563 "C:\Program Files (x86)\Microchip\xc8\v2.00\pic\include\pic16f877a.h"
   168                           TRISE equ 089h ;# 
   169  0089                     # 1620 "C:\Program Files (x86)\Microchip\xc8\v2.00\pic\include\pic16f877a.h"
   170                           PIE1 equ 08Ch ;# 
   171  008C                     # 1682 "C:\Program Files (x86)\Microchip\xc8\v2.00\pic\include\pic16f877a.h"
   172                           PIE2 equ 08Dh ;# 
   173  008D                     # 1722 "C:\Program Files (x86)\Microchip\xc8\v2.00\pic\include\pic16f877a.h"
   174                           PCON equ 08Eh ;# 
   175  008E                     # 1756 "C:\Program Files (x86)\Microchip\xc8\v2.00\pic\include\pic16f877a.h"
   176                           SSPCON2 equ 091h ;# 
   177  0091                     # 1818 "C:\Program Files (x86)\Microchip\xc8\v2.00\pic\include\pic16f877a.h"
   178                           PR2 equ 092h ;# 
   179  0092                     # 1825 "C:\Program Files (x86)\Microchip\xc8\v2.00\pic\include\pic16f877a.h"
   180                           SSPADD equ 093h ;# 
   181  0093                     # 1832 "C:\Program Files (x86)\Microchip\xc8\v2.00\pic\include\pic16f877a.h"
   182                           SSPSTAT equ 094h ;# 
   183  0094                     # 2001 "C:\Program Files (x86)\Microchip\xc8\v2.00\pic\include\pic16f877a.h"
   184                           TXSTA equ 098h ;# 
   185  0098                     # 2082 "C:\Program Files (x86)\Microchip\xc8\v2.00\pic\include\pic16f877a.h"
   186                           SPBRG equ 099h ;# 
   187  0099                     # 2089 "C:\Program Files (x86)\Microchip\xc8\v2.00\pic\include\pic16f877a.h"
   188                           CMCON equ 09Ch ;# 
   189  009C                     # 2159 "C:\Program Files (x86)\Microchip\xc8\v2.00\pic\include\pic16f877a.h"
   190                           CVRCON equ 09Dh ;# 
   191  009D                     # 2224 "C:\Program Files (x86)\Microchip\xc8\v2.00\pic\include\pic16f877a.h"
   192                           ADRESL equ 09Eh ;# 
   193  009E                     # 2231 "C:\Program Files (x86)\Microchip\xc8\v2.00\pic\include\pic16f877a.h"
   194                           ADCON1 equ 09Fh ;# 
   195  009F                     # 2290 "C:\Program Files (x86)\Microchip\xc8\v2.00\pic\include\pic16f877a.h"
   196                           EEDATA equ 010Ch ;# 
   197  010C                     # 2297 "C:\Program Files (x86)\Microchip\xc8\v2.00\pic\include\pic16f877a.h"
   198                           EEADR equ 010Dh ;# 
   199  010D                     # 2304 "C:\Program Files (x86)\Microchip\xc8\v2.00\pic\include\pic16f877a.h"
   200                           EEDATH equ 010Eh ;# 
   201  010E                     # 2311 "C:\Program Files (x86)\Microchip\xc8\v2.00\pic\include\pic16f877a.h"
   202                           EEADRH equ 010Fh ;# 
   203  010F                     # 2318 "C:\Program Files (x86)\Microchip\xc8\v2.00\pic\include\pic16f877a.h"
   204                           EECON1 equ 018Ch ;# 
   205  018C                     # 2363 "C:\Program Files (x86)\Microchip\xc8\v2.00\pic\include\pic16f877a.h"
   206                           EECON2 equ 018Dh ;# 
   207  018D                     # 54 "C:\Program Files (x86)\Microchip\xc8\v2.00\pic\include\pic16f877a.h"
   208                           INDF equ 00h ;# 
   209  0000                     # 61 "C:\Program Files (x86)\Microchip\xc8\v2.00\pic\include\pic16f877a.h"
   210                           TMR0 equ 01h ;# 
   211  0001                     # 68 "C:\Program Files (x86)\Microchip\xc8\v2.00\pic\include\pic16f877a.h"
   212                           PCL equ 02h ;# 
   213  0002                     # 75 "C:\Program Files (x86)\Microchip\xc8\v2.00\pic\include\pic16f877a.h"
   214                           STATUS equ 03h ;# 
   215  0003                     # 161 "C:\Program Files (x86)\Microchip\xc8\v2.00\pic\include\pic16f877a.h"
   216                           FSR equ 04h ;# 
   217  0004                     # 168 "C:\Program Files (x86)\Microchip\xc8\v2.00\pic\include\pic16f877a.h"
   218                           PORTA equ 05h ;# 
   219  0005                     # 218 "C:\Program Files (x86)\Microchip\xc8\v2.00\pic\include\pic16f877a.h"
   220                           PORTB equ 06h ;# 
   221  0006                     # 280 "C:\Program Files (x86)\Microchip\xc8\v2.00\pic\include\pic16f877a.h"
   222                           PORTC equ 07h ;# 
   223  0007                     # 342 "C:\Program Files (x86)\Microchip\xc8\v2.00\pic\include\pic16f877a.h"
   224                           PORTD equ 08h ;# 
   225  0008                     # 404 "C:\Program Files (x86)\Microchip\xc8\v2.00\pic\include\pic16f877a.h"
   226                           PORTE equ 09h ;# 
   227  0009                     # 436 "C:\Program Files (x86)\Microchip\xc8\v2.00\pic\include\pic16f877a.h"
   228                           PCLATH equ 0Ah ;# 
   229  000A                     # 456 "C:\Program Files (x86)\Microchip\xc8\v2.00\pic\include\pic16f877a.h"
   230                           INTCON equ 0Bh ;# 
   231  000B                     # 534 "C:\Program Files (x86)\Microchip\xc8\v2.00\pic\include\pic16f877a.h"
   232                           PIR1 equ 0Ch ;# 
   233  000C                     # 596 "C:\Program Files (x86)\Microchip\xc8\v2.00\pic\include\pic16f877a.h"
   234                           PIR2 equ 0Dh ;# 
   235  000D                     # 636 "C:\Program Files (x86)\Microchip\xc8\v2.00\pic\include\pic16f877a.h"
   236                           TMR1 equ 0Eh ;# 
   237  000E                     # 643 "C:\Program Files (x86)\Microchip\xc8\v2.00\pic\include\pic16f877a.h"
   238                           TMR1L equ 0Eh ;# 
   239  000E                     # 650 "C:\Program Files (x86)\Microchip\xc8\v2.00\pic\include\pic16f877a.h"
   240                           TMR1H equ 0Fh ;# 
   241  000F                     # 657 "C:\Program Files (x86)\Microchip\xc8\v2.00\pic\include\pic16f877a.h"
   242                           T1CON equ 010h ;# 
   243  0010                     # 732 "C:\Program Files (x86)\Microchip\xc8\v2.00\pic\include\pic16f877a.h"
   244                           TMR2 equ 011h ;# 
   245  0011                     # 739 "C:\Program Files (x86)\Microchip\xc8\v2.00\pic\include\pic16f877a.h"
   246                           T2CON equ 012h ;# 
   247  0012                     # 810 "C:\Program Files (x86)\Microchip\xc8\v2.00\pic\include\pic16f877a.h"
   248                           SSPBUF equ 013h ;# 
   249  0013                     # 817 "C:\Program Files (x86)\Microchip\xc8\v2.00\pic\include\pic16f877a.h"
   250                           SSPCON equ 014h ;# 
   251  0014                     # 887 "C:\Program Files (x86)\Microchip\xc8\v2.00\pic\include\pic16f877a.h"
   252                           CCPR1 equ 015h ;# 
   253  0015                     # 894 "C:\Program Files (x86)\Microchip\xc8\v2.00\pic\include\pic16f877a.h"
   254                           CCPR1L equ 015h ;# 
   255  0015                     # 901 "C:\Program Files (x86)\Microchip\xc8\v2.00\pic\include\pic16f877a.h"
   256                           CCPR1H equ 016h ;# 
   257  0016                     # 908 "C:\Program Files (x86)\Microchip\xc8\v2.00\pic\include\pic16f877a.h"
   258                           CCP1CON equ 017h ;# 
   259  0017                     # 966 "C:\Program Files (x86)\Microchip\xc8\v2.00\pic\include\pic16f877a.h"
   260                           RCSTA equ 018h ;# 
   261  0018                     # 1061 "C:\Program Files (x86)\Microchip\xc8\v2.00\pic\include\pic16f877a.h"
   262                           TXREG equ 019h ;# 
   263  0019                     # 1068 "C:\Program Files (x86)\Microchip\xc8\v2.00\pic\include\pic16f877a.h"
   264                           RCREG equ 01Ah ;# 
   265  001A                     # 1075 "C:\Program Files (x86)\Microchip\xc8\v2.00\pic\include\pic16f877a.h"
   266                           CCPR2 equ 01Bh ;# 
   267  001B                     # 1082 "C:\Program Files (x86)\Microchip\xc8\v2.00\pic\include\pic16f877a.h"
   268                           CCPR2L equ 01Bh ;# 
   269  001B                     # 1089 "C:\Program Files (x86)\Microchip\xc8\v2.00\pic\include\pic16f877a.h"
   270                           CCPR2H equ 01Ch ;# 
   271  001C                     # 1096 "C:\Program Files (x86)\Microchip\xc8\v2.00\pic\include\pic16f877a.h"
   272                           CCP2CON equ 01Dh ;# 
   273  001D                     # 1154 "C:\Program Files (x86)\Microchip\xc8\v2.00\pic\include\pic16f877a.h"
   274                           ADRESH equ 01Eh ;# 
   275  001E                     # 1161 "C:\Program Files (x86)\Microchip\xc8\v2.00\pic\include\pic16f877a.h"
   276                           ADCON0 equ 01Fh ;# 
   277  001F                     # 1257 "C:\Program Files (x86)\Microchip\xc8\v2.00\pic\include\pic16f877a.h"
   278                           OPTION_REG equ 081h ;# 
   279  0081                     # 1327 "C:\Program Files (x86)\Microchip\xc8\v2.00\pic\include\pic16f877a.h"
   280                           TRISA equ 085h ;# 
   281  0085                     # 1377 "C:\Program Files (x86)\Microchip\xc8\v2.00\pic\include\pic16f877a.h"
   282                           TRISB equ 086h ;# 
   283  0086                     # 1439 "C:\Program Files (x86)\Microchip\xc8\v2.00\pic\include\pic16f877a.h"
   284                           TRISC equ 087h ;# 
   285  0087                     # 1501 "C:\Program Files (x86)\Microchip\xc8\v2.00\pic\include\pic16f877a.h"
   286                           TRISD equ 088h ;# 
   287  0088                     # 1563 "C:\Program Files (x86)\Microchip\xc8\v2.00\pic\include\pic16f877a.h"
   288                           TRISE equ 089h ;# 
   289  0089                     # 1620 "C:\Program Files (x86)\Microchip\xc8\v2.00\pic\include\pic16f877a.h"
   290                           PIE1 equ 08Ch ;# 
   291  008C                     # 1682 "C:\Program Files (x86)\Microchip\xc8\v2.00\pic\include\pic16f877a.h"
   292                           PIE2 equ 08Dh ;# 
   293  008D                     # 1722 "C:\Program Files (x86)\Microchip\xc8\v2.00\pic\include\pic16f877a.h"
   294                           PCON equ 08Eh ;# 
   295  008E                     # 1756 "C:\Program Files (x86)\Microchip\xc8\v2.00\pic\include\pic16f877a.h"
   296                           SSPCON2 equ 091h ;# 
   297  0091                     # 1818 "C:\Program Files (x86)\Microchip\xc8\v2.00\pic\include\pic16f877a.h"
   298                           PR2 equ 092h ;# 
   299  0092                     # 1825 "C:\Program Files (x86)\Microchip\xc8\v2.00\pic\include\pic16f877a.h"
   300                           SSPADD equ 093h ;# 
   301  0093                     # 1832 "C:\Program Files (x86)\Microchip\xc8\v2.00\pic\include\pic16f877a.h"
   302                           SSPSTAT equ 094h ;# 
   303  0094                     # 2001 "C:\Program Files (x86)\Microchip\xc8\v2.00\pic\include\pic16f877a.h"
   304                           TXSTA equ 098h ;# 
   305  0098                     # 2082 "C:\Program Files (x86)\Microchip\xc8\v2.00\pic\include\pic16f877a.h"
   306                           SPBRG equ 099h ;# 
   307  0099                     # 2089 "C:\Program Files (x86)\Microchip\xc8\v2.00\pic\include\pic16f877a.h"
   308                           CMCON equ 09Ch ;# 
   309  009C                     # 2159 "C:\Program Files (x86)\Microchip\xc8\v2.00\pic\include\pic16f877a.h"
   310                           CVRCON equ 09Dh ;# 
   311  009D                     # 2224 "C:\Program Files (x86)\Microchip\xc8\v2.00\pic\include\pic16f877a.h"
   312                           ADRESL equ 09Eh ;# 
   313  009E                     # 2231 "C:\Program Files (x86)\Microchip\xc8\v2.00\pic\include\pic16f877a.h"
   314                           ADCON1 equ 09Fh ;# 
   315  009F                     # 2290 "C:\Program Files (x86)\Microchip\xc8\v2.00\pic\include\pic16f877a.h"
   316                           EEDATA equ 010Ch ;# 
   317  010C                     # 2297 "C:\Program Files (x86)\Microchip\xc8\v2.00\pic\include\pic16f877a.h"
   318                           EEADR equ 010Dh ;# 
   319  010D                     # 2304 "C:\Program Files (x86)\Microchip\xc8\v2.00\pic\include\pic16f877a.h"
   320                           EEDATH equ 010Eh ;# 
   321  010E                     # 2311 "C:\Program Files (x86)\Microchip\xc8\v2.00\pic\include\pic16f877a.h"
   322                           EEADRH equ 010Fh ;# 
   323  010F                     # 2318 "C:\Program Files (x86)\Microchip\xc8\v2.00\pic\include\pic16f877a.h"
   324                           EECON1 equ 018Ch ;# 
   325  018C                     # 2363 "C:\Program Files (x86)\Microchip\xc8\v2.00\pic\include\pic16f877a.h"
   326                           EECON2 equ 018Dh ;# 
   327  018D                     	FNCALL	_main,_str_receive
   328                           	FNCALL	_main,_uart_init
   329                           	FNCALL	_str_receive,_receive
   330                           	FNCALL	_str_receive,_str_transmit
   331                           	FNCALL	_str_transmit,_transmit
   332                           	FNROOT	_main
   333                           	global	_TXREG
   334                           _TXREG	set	0x19
   335  0019                     	global	_RCREG
   336                           _RCREG	set	0x1A
   337  001A                     	global	_RCSTA
   338                           _RCSTA	set	0x18
   339  0018                     	global	_RCIF
   340                           _RCIF	set	0x65
   341  0065                     	global	_SPBRG
   342                           _SPBRG	set	0x99
   343  0099                     	global	_TXSTA
   344                           _TXSTA	set	0x98
   345  0098                     	global	_TRISC7
   346                           _TRISC7	set	0x43F
   347  043F                     	global	_TRISC6
   348                           _TRISC6	set	0x43E
   349  043E                     	global	_TRMT
   350                           _TRMT	set	0x4C1
   351  04C1                     ; #config settings
   352                           	file	"C:\Users\AJAY\AppData\Local\Temp\s6ro."
   353                           	line	#
   354                           psect cinit,class=CODE,delta=2
   355                           global start_initialization
   356                           start_initialization:
   357  07FC                     
   358                           global __initialization
   359                           __initialization:
   360  07FC                     psect cinit,class=CODE,delta=2,merge=1
   361                           global end_of_initialization,__end_of__initialization
   362                           
   363                           ;End of C runtime variable initialization code
   364                           
   365                           end_of_initialization:
   366  07FC                     __end_of__initialization:
   367  07FC                     clrf status
   368  07FC  0183               ljmp _main	;jump to C main() function
   369  07FD  120A  118A  2F94   psect	cstackCOMMON,class=COMMON,space=1,noexec
   370                           global __pcstackCOMMON
   371                           __pcstackCOMMON:
   372  0070                     ?_uart_init:	; 1 bytes @ 0x0
   373  0070                     ??_uart_init:	; 1 bytes @ 0x0
   374  0070                     ?_receive:	; 1 bytes @ 0x0
   375  0070                     ??_receive:	; 1 bytes @ 0x0
   376  0070                     ?_transmit:	; 1 bytes @ 0x0
   377  0070                     ??_transmit:	; 1 bytes @ 0x0
   378  0070                     ?_str_transmit:	; 1 bytes @ 0x0
   379  0070                     ?_str_receive:	; 1 bytes @ 0x0
   380  0070                     ?_main:	; 1 bytes @ 0x0
   381  0070                     	global	transmit@b
   382                           transmit@b:	; 1 bytes @ 0x0
   383  0070                     	ds	1
   384  0070                     ??_str_transmit:	; 1 bytes @ 0x1
   385  0071                     	global	receive@b
   386                           receive@b:	; 1 bytes @ 0x1
   387  0071                     	ds	1
   388  0071                     	global	str_transmit@p
   389                           str_transmit@p:	; 1 bytes @ 0x2
   390  0072                     	ds	1
   391  0072                     ??_str_receive:	; 1 bytes @ 0x3
   392  0073                     	ds	1
   393  0073                     	global	str_receive@c
   394                           str_receive@c:	; 7 bytes @ 0x4
   395  0074                     	ds	7
   396  0074                     	global	str_receive@i
   397                           str_receive@i:	; 2 bytes @ 0xB
   398  007B                     	ds	2
   399  007B                     psect	cstackBANK0,class=BANK0,space=1,noexec
   400                           global __pcstackBANK0
   401                           __pcstackBANK0:
   402  0020                     ??_main:	; 1 bytes @ 0x0
   403  0020                     	ds	3
   404  0020                     ;!
   405                           ;!Data Sizes:
   406                           ;!    Strings     0
   407                           ;!    Constant    0
   408                           ;!    Data        0
   409                           ;!    BSS         0
   410                           ;!    Persistent  0
   411                           ;!    Stack       0
   412                           ;!
   413                           ;!Auto Spaces:
   414                           ;!    Space          Size  Autos    Used
   415                           ;!    COMMON           14     13      13
   416                           ;!    BANK0            80      3       3
   417                           ;!    BANK1            80      0       0
   418                           ;!    BANK3            96      0       0
   419                           ;!    BANK2            96      0       0
   420                           
   421                           ;!
   422                           ;!Pointer List with Targets:
   423                           ;!
   424                           ;!    str_transmit@p	PTR unsigned char  size(1) Largest target is 7
   425                           ;!		 -> str_receive@c(COMMON[7]), 
   426                           ;!
   427                           
   428                           
   429                           ;!
   430                           ;!Critical Paths under _main in COMMON
   431                           ;!
   432                           ;!    _main->_str_receive
   433                           ;!    _str_receive->_str_transmit
   434                           ;!    _str_transmit->_transmit
   435                           ;!
   436                           ;!Critical Paths under _main in BANK0
   437                           ;!
   438                           ;!    None.
   439                           ;!
   440                           ;!Critical Paths under _main in BANK1
   441                           ;!
   442                           ;!    None.
   443                           ;!
   444                           ;!Critical Paths under _main in BANK3
   445                           ;!
   446                           ;!    None.
   447                           ;!
   448                           ;!Critical Paths under _main in BANK2
   449                           ;!
   450                           ;!    None.
   451                           
   452 ;;
   453 ;;Main: autosize = 0, tempsize = 3, incstack = 0, save=0
   454 ;;
   455                           
   456                           ;!
   457                           ;!Call Graph Tables:
   458                           ;!
   459                           ;! ---------------------------------------------------------------------------------
   460                           ;! (Depth) Function   	        Calls       Base Space   Used Autos Params    Refs
   461                           ;! ---------------------------------------------------------------------------------
   462                           ;! (0) _main                                                 3     3      0     225
   463                           ;!                                              0 BANK0      3     3      0
   464                           ;!                        _str_receive
   465                           ;!                          _uart_init
   466                           ;! ---------------------------------------------------------------------------------
   467                           ;! (1) _uart_init                                            0     0      0       0
   468                           ;! ---------------------------------------------------------------------------------
   469                           ;! (1) _str_receive                                         10    10      0     225
   470                           ;!                                              3 COMMON    10    10      0
   471                           ;!                            _receive
   472                           ;!                       _str_transmit
   473                           ;! ---------------------------------------------------------------------------------
   474                           ;! (2) _str_transmit                                         2     2      0      75
   475                           ;!                                              1 COMMON     2     2      0
   476                           ;!                           _transmit
   477                           ;! ---------------------------------------------------------------------------------
   478                           ;! (3) _transmit                                             1     1      0      15
   479                           ;!                                              0 COMMON     1     1      0
   480                           ;! ---------------------------------------------------------------------------------
   481                           ;! (2) _receive                                              2     2      0      15
   482                           ;!                                              0 COMMON     2     2      0
   483                           ;! ---------------------------------------------------------------------------------
   484                           ;! Estimated maximum stack depth 3
   485                           ;! ---------------------------------------------------------------------------------
   486                           ;!
   487                           ;! Call Graph Graphs:
   488                           ;!
   489                           ;! _main (ROOT)
   490                           ;!   _str_receive
   491                           ;!     _receive
   492                           ;!     _str_transmit
   493                           ;!       _transmit
   494                           ;!   _uart_init
   495                           ;!
   496                           
   497                           ;! Address spaces:
   498                           
   499                           ;!Name               Size   Autos  Total    Cost      Usage
   500                           ;!BITCOMMON            E      0       0       0        0.0%
   501                           ;!EEDATA             100      0       0       0        0.0%
   502                           ;!NULL                 0      0       0       0        0.0%
   503                           ;!CODE                 0      0       0       0        0.0%
   504                           ;!COMMON               E      D       D       1       92.9%
   505                           ;!BITSFR0              0      0       0       1        0.0%
   506                           ;!SFR0                 0      0       0       1        0.0%
   507                           ;!BITSFR1              0      0       0       2        0.0%
   508                           ;!SFR1                 0      0       0       2        0.0%
   509                           ;!STACK                0      0       0       2        0.0%
   510                           ;!ABS                  0      0       0       3        0.0%
   511                           ;!BITBANK0            50      0       0       4        0.0%
   512                           ;!BITSFR3              0      0       0       4        0.0%
   513                           ;!SFR3                 0      0       0       4        0.0%
   514                           ;!BANK0               50      3       3       5        3.8%
   515                           ;!BITSFR2              0      0       0       5        0.0%
   516                           ;!SFR2                 0      0       0       5        0.0%
   517                           ;!BITBANK1            50      0       0       6        0.0%
   518                           ;!BANK1               50      0       0       7        0.0%
   519                           ;!BITBANK3            60      0       0       8        0.0%
   520                           ;!BANK3               60      0       0       9        0.0%
   521                           ;!BITBANK2            60      0       0      10        0.0%
   522                           ;!BANK2               60      0       0      11        0.0%
   523                           ;!DATA                 0      0       0      12        0.0%
   524                           
   525                           	global	_main
   526                           
   527 ;; *************** function _main *****************
   528 ;; Defined at:
   529 ;;		line 59 in file "newmain.c"
   530 ;; Parameters:    Size  Location     Type
   531 ;;		None
   532 ;; Auto vars:     Size  Location     Type
   533 ;;		None
   534 ;; Return value:  Size  Location     Type
   535 ;;                  1    wreg      void 
   536 ;; Registers used:
   537 ;;		wreg, fsr0l, fsr0h, status,2, status,0, btemp+1, pclath, cstack
   538 ;; Tracked objects:
   539 ;;		On entry : B00/0
   540 ;;		On exit  : 0/0
   541 ;;		Unchanged: 0/0
   542 ;; Data sizes:     COMMON   BANK0   BANK1   BANK3   BANK2
   543 ;;      Params:         0       0       0       0       0
   544 ;;      Locals:         0       0       0       0       0
   545 ;;      Temps:          0       3       0       0       0
   546 ;;      Totals:         0       3       0       0       0
   547 ;;Total ram usage:        3 bytes
   548 ;; Hardware stack levels required when called:    3
   549 ;; This function calls:
   550 ;;		_str_receive
   551 ;;		_uart_init
   552 ;; This function is called by:
   553 ;;		Startup code after reset
   554 ;; This function uses a non-reentrant model
   555 ;;
   556                           psect	maintext,global,class=CODE,delta=2,split=1,group=0
   557                           	file	"newmain.c"
   558                           	line	59
   559                           global __pmaintext
   560                           __pmaintext:	;psect for function _main
   561  0794                     psect	maintext
   562                           	file	"newmain.c"
   563                           	line	59
   564                           	global	__size_of_main
   565                           	__size_of_main	equ	__end_of_main-_main
   566  0023                     	
   567                           _main:	
   568  0794                     ;incstack = 0
   569                           	opt	stack 5
   570                           ; Regs used in _main: [wreg-fsr0h+status,2+status,0+btemp+1+pclath+cstack]
   571                           	line	61
   572                           	
   573                           l672:	
   574  0794                     ;newmain.c: 61:  TRISC6=0;
   575                           	bsf	status, 5	;RP0=1, select bank1
   576  0794  1683               	bcf	status, 6	;RP1=0, select bank1
   577  0795  1303               	bcf	(1086/8)^080h,(1086)&7	;volatile
   578  0796  1307               	line	62
   579                           ;newmain.c: 62:  TRISC7=1;
   580                           	bsf	(1087/8)^080h,(1087)&7	;volatile
   581  0797  1787               	line	63
   582                           	
   583                           l674:	
   584  0798                     ;newmain.c: 63:  uart_init();
   585                           	fcall	_uart_init
   586  0798  120A  118A  2752  120A  118A  	goto	l676
   587  079D  2F9E               	line	64
   588                           ;newmain.c: 64: while(1)
   589                           	
   590                           l52:	
   591  079E                     	line	66
   592                           	
   593                           l676:	
   594  079E                     ;newmain.c: 65: {;newmain.c: 66:  str_receive();
   595                           	fcall	_str_receive
   596  079E  120A  118A  27B7  120A  118A  	line	67
   597                           	
   598                           l678:	
   599  07A3                     ;newmain.c: 67:  _delay((unsigned long)((100)*(16000000/4000.0)));
   600                           	opt asmopt_push
   601                           opt asmopt_off
   602                           movlw  3
   603  07A3  3003               	bcf	status, 5	;RP0=0, select bank0
   604  07A4  1283               	bcf	status, 6	;RP1=0, select bank0
   605  07A5  1303               movwf	((??_main+0)+0+2),f
   606  07A6  00A2               movlw	8
   607  07A7  3008               movwf	((??_main+0)+0+1),f
   608  07A8  00A1               	movlw	118
   609  07A9  3076               movwf	((??_main+0)+0),f
   610  07AA  00A0               	u77:
   611  07AB                     decfsz	((??_main+0)+0),f
   612  07AB  0BA0               	goto	u77
   613  07AC  2FAB               	decfsz	((??_main+0)+0+1),f
   614  07AD  0BA1               	goto	u77
   615  07AE  2FAB               	decfsz	((??_main+0)+0+2),f
   616  07AF  0BA2               	goto	u77
   617  07B0  2FAB               	nop
   618  07B1  0000               opt asmopt_pop
   619                           
   620                           	goto	l676
   621  07B2  2F9E               	line	68
   622                           ;newmain.c: 68: }
   623                           	
   624                           l53:	
   625  07B3                     	goto	l676
   626  07B3  2F9E               	
   627                           l54:	
   628  07B4                     	line	69
   629                           	
   630                           l55:	
   631  07B4                     	global	start
   632                           	ljmp	start
   633  07B4  120A  118A  2800   	opt stack 0
   634                           GLOBAL	__end_of_main
   635                           	__end_of_main:
   636  07B7                     	signat	_main,89
   637                           	global	_uart_init
   638                           
   639 ;; *************** function _uart_init *****************
   640 ;; Defined at:
   641 ;;		line 12 in file "newmain.c"
   642 ;; Parameters:    Size  Location     Type
   643 ;;		None
   644 ;; Auto vars:     Size  Location     Type
   645 ;;		None
   646 ;; Return value:  Size  Location     Type
   647 ;;                  1    wreg      void 
   648 ;; Registers used:
   649 ;;		wreg
   650 ;; Tracked objects:
   651 ;;		On entry : 0/0
   652 ;;		On exit  : 0/0
   653 ;;		Unchanged: 0/0
   654 ;; Data sizes:     COMMON   BANK0   BANK1   BANK3   BANK2
   655 ;;      Params:         0       0       0       0       0
   656 ;;      Locals:         0       0       0       0       0
   657 ;;      Temps:          0       0       0       0       0
   658 ;;      Totals:         0       0       0       0       0
   659 ;;Total ram usage:        0 bytes
   660 ;; Hardware stack levels used:    1
   661 ;; This function calls:
   662 ;;		Nothing
   663 ;; This function is called by:
   664 ;;		_main
   665 ;; This function uses a non-reentrant model
   666 ;;
   667                           psect	text1,local,class=CODE,delta=2,merge=1,group=0
   668                           	line	12
   669                           global __ptext1
   670                           __ptext1:	;psect for function _uart_init
   671  0752                     psect	text1
   672                           	file	"newmain.c"
   673                           	line	12
   674                           	global	__size_of_uart_init
   675                           	__size_of_uart_init	equ	__end_of_uart_init-_uart_init
   676  000D                     	
   677                           _uart_init:	
   678  0752                     ;incstack = 0
   679                           	opt	stack 7
   680                           ; Regs used in _uart_init: [wreg]
   681                           	line	14
   682                           	
   683                           l644:	
   684  0752                     ;newmain.c: 14:  TXSTA=0x24;
   685                           	movlw	low(024h)
   686  0752  3024               	bsf	status, 5	;RP0=1, select bank1
   687  0753  1683               	bcf	status, 6	;RP1=0, select bank1
   688  0754  1303               	movwf	(152)^080h	;volatile
   689  0755  0098               	line	15
   690                           ;newmain.c: 15:  RCSTA=0x90;
   691                           	movlw	low(090h)
   692  0756  3090               	bcf	status, 5	;RP0=0, select bank0
   693  0757  1283               	bcf	status, 6	;RP1=0, select bank0
   694  0758  1303               	movwf	(24)	;volatile
   695  0759  0098               	line	16
   696                           ;newmain.c: 16:  SPBRG=103;
   697                           	movlw	low(067h)
   698  075A  3067               	bsf	status, 5	;RP0=1, select bank1
   699  075B  1683               	bcf	status, 6	;RP1=0, select bank1
   700  075C  1303               	movwf	(153)^080h	;volatile
   701  075D  0099               	line	17
   702                           	
   703                           l23:	
   704  075E                     	return
   705  075E  0008               	opt stack 0
   706                           GLOBAL	__end_of_uart_init
   707                           	__end_of_uart_init:
   708  075F                     	signat	_uart_init,89
   709                           	global	_str_receive
   710                           
   711 ;; *************** function _str_receive *****************
   712 ;; Defined at:
   713 ;;		line 41 in file "newmain.c"
   714 ;; Parameters:    Size  Location     Type
   715 ;;		None
   716 ;; Auto vars:     Size  Location     Type
   717 ;;  c               7    4[COMMON] unsigned char [7]
   718 ;;  i               2   11[COMMON] int 
   719 ;; Return value:  Size  Location     Type
   720 ;;                  1    wreg      void 
   721 ;; Registers used:
   722 ;;		wreg, fsr0l, fsr0h, status,2, status,0, btemp+1, pclath, cstack
   723 ;; Tracked objects:
   724 ;;		On entry : 0/0
   725 ;;		On exit  : 0/0
   726 ;;		Unchanged: 0/0
   727 ;; Data sizes:     COMMON   BANK0   BANK1   BANK3   BANK2
   728 ;;      Params:         0       0       0       0       0
   729 ;;      Locals:         9       0       0       0       0
   730 ;;      Temps:          1       0       0       0       0
   731 ;;      Totals:        10       0       0       0       0
   732 ;;Total ram usage:       10 bytes
   733 ;; Hardware stack levels used:    1
   734 ;; Hardware stack levels required when called:    2
   735 ;; This function calls:
   736 ;;		_receive
   737 ;;		_str_transmit
   738 ;; This function is called by:
   739 ;;		_main
   740 ;; This function uses a non-reentrant model
   741 ;;
   742                           psect	text2,local,class=CODE,delta=2,merge=1,group=0
   743                           	line	41
   744                           global __ptext2
   745                           __ptext2:	;psect for function _str_receive
   746  07B7                     psect	text2
   747                           	file	"newmain.c"
   748                           	line	41
   749                           	global	__size_of_str_receive
   750                           	__size_of_str_receive	equ	__end_of_str_receive-_str_receive
   751  0045                     	
   752                           _str_receive:	
   753  07B7                     ;incstack = 0
   754                           	opt	stack 5
   755                           ; Regs used in _str_receive: [wreg-fsr0h+status,2+status,0+btemp+1+pclath+cstack]
   756                           	line	45
   757                           	
   758                           l646:	
   759  07B7                     ;newmain.c: 43:  char c[7];;newmain.c: 44:  int i;;newmain.c: 45:  for(i=0;i<7;i++)
   760                           	clrf	(str_receive@i)
   761  07B7  01FB               	clrf	(str_receive@i+1)
   762  07B8  01FC               	
   763                           l648:	
   764  07B9                     	movf	(str_receive@i+1),w
   765  07B9  087C               	xorlw	80h
   766  07BA  3A80               	movwf	btemp+1
   767  07BB  00FF               	movlw	(0)^80h
   768  07BC  3080               	subwf	btemp+1,w
   769  07BD  027F               	skipz
   770  07BE  1D03               	goto	u45
   771  07BF  2FC2               	movlw	07h
   772  07C0  3007               	subwf	(str_receive@i),w
   773  07C1  027B               u45:
   774  07C2                     
   775                           	skipc
   776  07C2  1C03               	goto	u41
   777  07C3  2FC5               	goto	u40
   778  07C4  2FC6               u41:
   779  07C5                     	goto	l652
   780  07C5  2FC8               u40:
   781  07C6                     	goto	l662
   782  07C6  2FF5               	
   783                           l650:	
   784  07C7                     	goto	l662
   785  07C7  2FF5               	
   786                           l44:	
   787  07C8                     	line	47
   788                           	
   789                           l652:	
   790  07C8                     ;newmain.c: 46:  {;newmain.c: 47:  c[i]=receive();
   791                           	fcall	_receive
   792  07C8  120A  118A  276D  120A  118A  	movwf	(??_str_receive+0)+0
   793  07CD  00F3               	movf	(str_receive@i),w
   794  07CE  087B               	addlw	low(str_receive@c|((0x00)<<8))&0ffh
   795  07CF  3E74               	movwf	fsr0
   796  07D0  0084               	movf	(??_str_receive+0)+0,w
   797  07D1  0873               	movwf	indf
   798  07D2  0080               	line	48
   799                           	
   800                           l654:	
   801  07D3                     ;newmain.c: 48:  if(c[i]==' ')
   802                           	movf	(str_receive@i),w
   803  07D3  087B               	addlw	low(str_receive@c|((0x00)<<8))&0ffh
   804  07D4  3E74               	movwf	fsr0
   805  07D5  0084               		movlw	32
   806  07D6  3020               	xorwf	(indf),w
   807  07D7  0600               	btfss	status,2
   808  07D8  1D03               	goto	u51
   809  07D9  2FDB               	goto	u50
   810  07DA  2FDC               u51:
   811  07DB                     	goto	l658
   812  07DB  2FE1               u50:
   813  07DC                     	line	50
   814                           	
   815                           l656:	
   816  07DC                     ;newmain.c: 49:  {;newmain.c: 50:   c[i]='\0';
   817                           	movf	(str_receive@i),w
   818  07DC  087B               	addlw	low(str_receive@c|((0x00)<<8))&0ffh
   819  07DD  3E74               	movwf	fsr0
   820  07DE  0084               	clrf	indf
   821  07DF  0180               	line	51
   822                           ;newmain.c: 51:   break;
   823                           	goto	l662
   824  07E0  2FF5               	line	52
   825                           ;newmain.c: 52:     }
   826                           	
   827                           l46:	
   828  07E1                     	line	53
   829                           	
   830                           l658:	
   831  07E1                     ;newmain.c: 53: }
   832                           	movlw	01h
   833  07E1  3001               	addwf	(str_receive@i),f
   834  07E2  07FB               	skipnc
   835  07E3  1803               	incf	(str_receive@i+1),f
   836  07E4  0AFC               	movlw	0
   837  07E5  3000               	addwf	(str_receive@i+1),f
   838  07E6  07FC               	
   839                           l660:	
   840  07E7                     	movf	(str_receive@i+1),w
   841  07E7  087C               	xorlw	80h
   842  07E8  3A80               	movwf	btemp+1
   843  07E9  00FF               	movlw	(0)^80h
   844  07EA  3080               	subwf	btemp+1,w
   845  07EB  027F               	skipz
   846  07EC  1D03               	goto	u65
   847  07ED  2FF0               	movlw	07h
   848  07EE  3007               	subwf	(str_receive@i),w
   849  07EF  027B               u65:
   850  07F0                     
   851                           	skipc
   852  07F0  1C03               	goto	u61
   853  07F1  2FF3               	goto	u60
   854  07F2  2FF4               u61:
   855  07F3                     	goto	l652
   856  07F3  2FC8               u60:
   857  07F4                     	goto	l662
   858  07F4  2FF5               	
   859                           l45:	
   860  07F5                     	line	54
   861                           	
   862                           l662:	
   863  07F5                     ;newmain.c: 54: str_transmit(c);
   864                           	movlw	(low(str_receive@c|((0x00)<<8)))&0ffh
   865  07F5  3074               	fcall	_str_transmit
   866  07F6  120A  118A  277C  120A  118A  	line	56
   867                           	
   868                           l47:	
   869  07FB                     	return
   870  07FB  0008               	opt stack 0
   871                           GLOBAL	__end_of_str_receive
   872                           	__end_of_str_receive:
   873  07FC                     	signat	_str_receive,89
   874                           	global	_str_transmit
   875                           
   876 ;; *************** function _str_transmit *****************
   877 ;; Defined at:
   878 ;;		line 32 in file "newmain.c"
   879 ;; Parameters:    Size  Location     Type
   880 ;;  p               1    wreg     PTR unsigned char 
   881 ;;		 -> str_receive@c(7), 
   882 ;; Auto vars:     Size  Location     Type
   883 ;;  p               1    2[COMMON] PTR unsigned char 
   884 ;;		 -> str_receive@c(7), 
   885 ;; Return value:  Size  Location     Type
   886 ;;                  1    wreg      void 
   887 ;; Registers used:
   888 ;;		wreg, fsr0l, fsr0h, status,2, status,0, pclath, cstack
   889 ;; Tracked objects:
   890 ;;		On entry : 0/0
   891 ;;		On exit  : 0/0
   892 ;;		Unchanged: 0/0
   893 ;; Data sizes:     COMMON   BANK0   BANK1   BANK3   BANK2
   894 ;;      Params:         0       0       0       0       0
   895 ;;      Locals:         1       0       0       0       0
   896 ;;      Temps:          1       0       0       0       0
   897 ;;      Totals:         2       0       0       0       0
   898 ;;Total ram usage:        2 bytes
   899 ;; Hardware stack levels used:    1
   900 ;; Hardware stack levels required when called:    1
   901 ;; This function calls:
   902 ;;		_transmit
   903 ;; This function is called by:
   904 ;;		_str_receive
   905 ;; This function uses a non-reentrant model
   906 ;;
   907                           psect	text3,local,class=CODE,delta=2,merge=1,group=0
   908                           	line	32
   909                           global __ptext3
   910                           __ptext3:	;psect for function _str_transmit
   911  077C                     psect	text3
   912                           	file	"newmain.c"
   913                           	line	32
   914                           	global	__size_of_str_transmit
   915                           	__size_of_str_transmit	equ	__end_of_str_transmit-_str_transmit
   916  0018                     	
   917                           _str_transmit:	
   918  077C                     ;incstack = 0
   919                           	opt	stack 5
   920                           ; Regs used in _str_transmit: [wreg-fsr0h+status,2+status,0+pclath+cstack]
   921                           ;str_transmit@p stored from wreg
   922                           	movwf	(str_transmit@p)
   923  077C  00F2               	line	34
   924                           	
   925                           l636:	
   926  077D                     ;newmain.c: 32: void str_transmit(char *p);newmain.c: 33: {;newmain.c: 34:  while(*p!='\
                                 0')
   927                           	goto	l642
   928  077D  2F8B               	
   929                           l39:	
   930  077E                     	line	36
   931                           	
   932                           l638:	
   933  077E                     ;newmain.c: 35:   {;newmain.c: 36:    transmit(*p);
   934                           	movf	(str_transmit@p),w
   935  077E  0872               	movwf	fsr0
   936  077F  0084               	movf	indf,w
   937  0780  0800               	fcall	_transmit
   938  0781  120A  118A  275F  120A  118A  	line	37
   939                           	
   940                           l640:	
   941  0786                     ;newmain.c: 37:    p++;
   942                           	movlw	low(01h)
   943  0786  3001               	movwf	(??_str_transmit+0)+0
   944  0787  00F1               	movf	(??_str_transmit+0)+0,w
   945  0788  0871               	addwf	(str_transmit@p),f
   946  0789  07F2               	goto	l642
   947  078A  2F8B               	line	38
   948                           ;newmain.c: 38:    }
   949                           	
   950                           l38:	
   951  078B                     	line	34
   952                           	
   953                           l642:	
   954  078B                     ;newmain.c: 34:  while(*p!='\0')
   955                           	movf	(str_transmit@p),w
   956  078B  0872               	movwf	fsr0
   957  078C  0084               	movf	(indf),w
   958  078D  0800               	btfss	status,2
   959  078E  1D03               	goto	u31
   960  078F  2F91               	goto	u30
   961  0790  2F92               u31:
   962  0791                     	goto	l638
   963  0791  2F7E               u30:
   964  0792                     	goto	l41
   965  0792  2F93               	
   966                           l40:	
   967  0793                     	line	39
   968                           	
   969                           l41:	
   970  0793                     	return
   971  0793  0008               	opt stack 0
   972                           GLOBAL	__end_of_str_transmit
   973                           	__end_of_str_transmit:
   974  0794                     	signat	_str_transmit,4217
   975                           	global	_transmit
   976                           
   977 ;; *************** function _transmit *****************
   978 ;; Defined at:
   979 ;;		line 26 in file "newmain.c"
   980 ;; Parameters:    Size  Location     Type
   981 ;;  b               1    wreg     unsigned char 
   982 ;; Auto vars:     Size  Location     Type
   983 ;;  b               1    0[COMMON] unsigned char 
   984 ;; Return value:  Size  Location     Type
   985 ;;                  1    wreg      void 
   986 ;; Registers used:
   987 ;;		wreg
   988 ;; Tracked objects:
   989 ;;		On entry : 0/0
   990 ;;		On exit  : 0/0
   991 ;;		Unchanged: 0/0
   992 ;; Data sizes:     COMMON   BANK0   BANK1   BANK3   BANK2
   993 ;;      Params:         0       0       0       0       0
   994 ;;      Locals:         1       0       0       0       0
   995 ;;      Temps:          0       0       0       0       0
   996 ;;      Totals:         1       0       0       0       0
   997 ;;Total ram usage:        1 bytes
   998 ;; Hardware stack levels used:    1
   999 ;; This function calls:
  1000 ;;		Nothing
  1001 ;; This function is called by:
  1002 ;;		_str_transmit
  1003 ;; This function uses a non-reentrant model
  1004 ;;
  1005                           psect	text4,local,class=CODE,delta=2,merge=1,group=0
  1006                           	line	26
  1007                           global __ptext4
  1008                           __ptext4:	;psect for function _transmit
  1009  075F                     psect	text4
  1010                           	file	"newmain.c"
  1011                           	line	26
  1012                           	global	__size_of_transmit
  1013                           	__size_of_transmit	equ	__end_of_transmit-_transmit
  1014  000E                     	
  1015                           _transmit:	
  1016  075F                     ;incstack = 0
  1017                           	opt	stack 5
  1018                           ; Regs used in _transmit: [wreg]
  1019                           ;transmit@b stored from wreg
  1020                           	movwf	(transmit@b)
  1021  075F  00F0               	line	28
  1022                           	
  1023                           l628:	
  1024  0760                     ;newmain.c: 26: void transmit(char b);newmain.c: 27: {;newmain.c: 28:  TXREG=b;
  1025                           	movf	(transmit@b),w
  1026  0760  0870               	bcf	status, 5	;RP0=0, select bank0
  1027  0761  1283               	bcf	status, 6	;RP1=0, select bank0
  1028  0762  1303               	movwf	(25)	;volatile
  1029  0763  0099               	line	29
  1030                           ;newmain.c: 29:  while(!TRMT);
  1031                           	goto	l32
  1032  0764  2F65               	
  1033                           l33:	
  1034  0765                     	
  1035                           l32:	
  1036  0765                     	bsf	status, 5	;RP0=1, select bank1
  1037  0765  1683               	bcf	status, 6	;RP1=0, select bank1
  1038  0766  1303               	btfss	(1217/8)^080h,(1217)&7	;volatile
  1039  0767  1C98               	goto	u11
  1040  0768  2F6A               	goto	u10
  1041  0769  2F6B               u11:
  1042  076A                     	goto	l32
  1043  076A  2F65               u10:
  1044  076B                     	goto	l35
  1045  076B  2F6C               	
  1046                           l34:	
  1047  076C                     	line	30
  1048                           	
  1049                           l35:	
  1050  076C                     	return
  1051  076C  0008               	opt stack 0
  1052                           GLOBAL	__end_of_transmit
  1053                           	__end_of_transmit:
  1054  076D                     	signat	_transmit,4217
  1055                           	global	_receive
  1056                           
  1057 ;; *************** function _receive *****************
  1058 ;; Defined at:
  1059 ;;		line 19 in file "newmain.c"
  1060 ;; Parameters:    Size  Location     Type
  1061 ;;		None
  1062 ;; Auto vars:     Size  Location     Type
  1063 ;;  b               1    1[COMMON] unsigned char 
  1064 ;; Return value:  Size  Location     Type
  1065 ;;                  1    wreg      unsigned char 
  1066 ;; Registers used:
  1067 ;;		wreg
  1068 ;; Tracked objects:
  1069 ;;		On entry : 0/0
  1070 ;;		On exit  : 0/0
  1071 ;;		Unchanged: 0/0
  1072 ;; Data sizes:     COMMON   BANK0   BANK1   BANK3   BANK2
  1073 ;;      Params:         0       0       0       0       0
  1074 ;;      Locals:         1       0       0       0       0
  1075 ;;      Temps:          1       0       0       0       0
  1076 ;;      Totals:         2       0       0       0       0
  1077 ;;Total ram usage:        2 bytes
  1078 ;; Hardware stack levels used:    1
  1079 ;; This function calls:
  1080 ;;		Nothing
  1081 ;; This function is called by:
  1082 ;;		_str_receive
  1083 ;; This function uses a non-reentrant model
  1084 ;;
  1085                           psect	text5,local,class=CODE,delta=2,merge=1,group=0
  1086                           	line	19
  1087                           global __ptext5
  1088                           __ptext5:	;psect for function _receive
  1089  076D                     psect	text5
  1090                           	file	"newmain.c"
  1091                           	line	19
  1092                           	global	__size_of_receive
  1093                           	__size_of_receive	equ	__end_of_receive-_receive
  1094  000F                     	
  1095                           _receive:	
  1096  076D                     ;incstack = 0
  1097                           	opt	stack 6
  1098                           ; Regs used in _receive: [wreg]
  1099                           	line	21
  1100                           	
  1101                           l630:	
  1102  076D                     ;newmain.c: 21:  while(!RCIF);
  1103                           	goto	l26
  1104  076D  2F6E               	
  1105                           l27:	
  1106  076E                     	
  1107                           l26:	
  1108  076E                     	bcf	status, 5	;RP0=0, select bank0
  1109  076E  1283               	bcf	status, 6	;RP1=0, select bank0
  1110  076F  1303               	btfss	(101/8),(101)&7	;volatile
  1111  0770  1E8C               	goto	u21
  1112  0771  2F73               	goto	u20
  1113  0772  2F74               u21:
  1114  0773                     	goto	l26
  1115  0773  2F6E               u20:
  1116  0774                     	goto	l632
  1117  0774  2F75               	
  1118                           l28:	
  1119  0775                     	line	22
  1120                           	
  1121                           l632:	
  1122  0775                     ;newmain.c: 22:  char b=RCREG;
  1123                           	movf	(26),w	;volatile
  1124  0775  081A               	movwf	(??_receive+0)+0
  1125  0776  00F0               	movf	(??_receive+0)+0,w
  1126  0777  0870               	movwf	(receive@b)
  1127  0778  00F1               	line	23
  1128                           ;newmain.c: 23:  return b;
  1129                           	movf	(receive@b),w
  1130  0779  0871               	goto	l29
  1131  077A  2F7B               	
  1132                           l634:	
  1133  077B                     	line	24
  1134                           	
  1135                           l29:	
  1136  077B                     	return
  1137  077B  0008               	opt stack 0
  1138                           GLOBAL	__end_of_receive
  1139                           	__end_of_receive:
  1140  077C                     	signat	_receive,89
  1141                           global	___latbits
  1142                           ___latbits	equ	2
  1143  0002                     	global	btemp
  1144                           	btemp set 07Eh
  1145  007E                     
  1146                           	DABS	1,126,2	;btemp
  1147                           	global	wtemp0
  1148                           	wtemp0 set btemp+0
  1149  007E                     	end


Data Sizes:
    Strings     0
    Constant    0
    Data        0
    BSS         0
    Persistent  0
    Stack       0

Auto Spaces:
    Space          Size  Autos    Used
    COMMON           14     13      13
    BANK0            80      3       3
    BANK1            80      0       0
    BANK3            96      0       0
    BANK2            96      0       0

Pointer List with Targets:

    str_transmit@p	PTR unsigned char  size(1) Largest target is 7
		 -> str_receive@c(COMMON[7]), 


Critical Paths under _main in COMMON

    _main->_str_receive
    _str_receive->_str_transmit
    _str_transmit->_transmit

Critical Paths under _main in BANK0

    None.

Critical Paths under _main in BANK1

    None.

Critical Paths under _main in BANK3

    None.

Critical Paths under _main in BANK2

    None.

Call Graph Tables:

 ---------------------------------------------------------------------------------
 (Depth) Function   	        Calls       Base Space   Used Autos Params    Refs
 ---------------------------------------------------------------------------------
 (0) _main                                                 3     3      0     225
                                              0 BANK0      3     3      0
                        _str_receive
                          _uart_init
 ---------------------------------------------------------------------------------
 (1) _uart_init                                            0     0      0       0
 ---------------------------------------------------------------------------------
 (1) _str_receive                                         10    10      0     225
                                              3 COMMON    10    10      0
                            _receive
                       _str_transmit
 ---------------------------------------------------------------------------------
 (2) _str_transmit                                         2     2      0      75
                                              1 COMMON     2     2      0
                           _transmit
 ---------------------------------------------------------------------------------
 (3) _transmit                                             1     1      0      15
                                              0 COMMON     1     1      0
 ---------------------------------------------------------------------------------
 (2) _receive                                              2     2      0      15
                                              0 COMMON     2     2      0
 ---------------------------------------------------------------------------------
 Estimated maximum stack depth 3
 ---------------------------------------------------------------------------------

 Call Graph Graphs:

 _main (ROOT)
   _str_receive
     _receive
     _str_transmit
       _transmit
   _uart_init

 Address spaces:
Name               Size   Autos  Total    Cost      Usage
BITCOMMON            E      0       0       0        0.0%
EEDATA             100      0       0       0        0.0%
NULL                 0      0       0       0        0.0%
CODE                 0      0       0       0        0.0%
COMMON               E      D       D       1       92.9%
BITSFR0              0      0       0       1        0.0%
SFR0                 0      0       0       1        0.0%
BITSFR1              0      0       0       2        0.0%
SFR1                 0      0       0       2        0.0%
STACK                0      0       0       2        0.0%
ABS                  0      0       0       3        0.0%
BITBANK0            50      0       0       4        0.0%
BITSFR3              0      0       0       4        0.0%
SFR3                 0      0       0       4        0.0%
BANK0               50      3       3       5        3.8%
BITSFR2              0      0       0       5        0.0%
SFR2                 0      0       0       5        0.0%
BITBANK1            50      0       0       6        0.0%
BANK1               50      0       0       7        0.0%
BITBANK3            60      0       0       8        0.0%
BANK3               60      0       0       9        0.0%
BITBANK2            60      0       0      10        0.0%
BANK2               60      0       0      11        0.0%
DATA                 0      0       0      12        0.0%


Microchip Technology PIC Macro Assembler V2.00 build -1524193055 
Symbol Table                                                                                   Wed Oct 23 10:34:42 2019

                     l23 075E                       l32 0765                       l40 0793  
                     l33 0765                       l41 0793                       l26 076E  
                     l34 076C                       l27 076E                       l35 076C  
                     l28 0775                       l44 07C8                       l52 079E  
                     l29 077B                       l45 07F5                       l53 07B3  
                     l38 078B                       l46 07E1                       l54 07B4  
                     l39 077E                       l47 07FB                       l55 07B4  
                     u10 076B                       u11 076A                       u20 0774  
                     u21 0773                       u30 0792                       u31 0791  
                     u40 07C6                       u41 07C5                       u50 07DC  
                     u51 07DB                       u60 07F4                       u61 07F3  
                     u45 07C2                       u65 07F0                       u77 07AB  
                    l630 076D                      l632 0775                      l640 0786  
                    l634 077B                      l642 078B                      l650 07C7  
                    l628 0760                      l636 077D                      l660 07E7  
                    l652 07C8                      l644 0752                      l638 077E  
                    l654 07D3                      l662 07F5                      l646 07B7  
                    l656 07DC                      l648 07B9                      l672 0794  
                    l658 07E1                      l674 0798                      l676 079E  
                    l678 07A3                      fsr0 0004                      indf 0000  
                   _RCIF 0065                     _TRMT 04C1                     _main 0794  
                   btemp 007E              _str_receive 07B7                     start 0000  
  __size_of_str_transmit 0018                    ?_main 0070                    _RCREG 001A  
                  _RCSTA 0018                    _SPBRG 0099                    _TXREG 0019  
                  _TXSTA 0098          __end_of_receive 077C                    status 0003  
                  wtemp0 007E             _str_transmit 077C          __initialization 07FC  
           __end_of_main 07B7                   ??_main 0020                   _TRISC6 043E  
                 _TRISC7 043F                ??_receive 0070         __end_of_transmit 076D  
__end_of__initialization 07FC           __pcstackCOMMON 0070             ?_str_receive 0070  
             __pmaintext 0794             str_receive@c 0074             str_receive@i 007B  
     __size_of_uart_init 000D                ?_transmit 0070                  __ptext1 0752  
                __ptext2 07B7                  __ptext3 077C                  __ptext4 075F  
                __ptext5 076D                  _receive 076D     end_of_initialization 07FC  
      __end_of_uart_init 075F               ??_transmit 0070     __size_of_str_receive 0045  
    start_initialization 07FC                ___latbits 0002            __pcstackBANK0 0020  
          ?_str_transmit 0070        __size_of_transmit 000E                 ?_receive 0070  
         ??_str_transmit 0071                _uart_init 0752            str_transmit@p 0072  
             ?_uart_init 0070         __size_of_receive 000F            ??_str_receive 0073  
          __size_of_main 0023                 _transmit 075F     __end_of_str_transmit 0794  
              transmit@b 0070                 receive@b 0071      __end_of_str_receive 07FC  
            ??_uart_init 0070  
