

Microchip Technology PIC LITE Macro Assembler V1.45 build -152302408 
                                                                                               Sat Dec 15 16:19:44 2018

Microchip Technology Omniscient Code Generator v1.45 (Free mode) build 201711160504
     1                           	processor	16F877A
     2                           	opt	pw 120
     3                           	opt	lm
     4                           	psect	cinit,global,class=CODE,merge=1,delta=2
     5                           	psect	bssCOMMON,global,class=COMMON,space=1,delta=1
     6                           	psect	cstackCOMMON,global,class=COMMON,space=1,delta=1
     7                           	psect	maintext,global,class=CODE,split=1,delta=2
     8                           	psect	text1,local,class=CODE,merge=1,delta=2
     9                           	psect	intentry,global,class=CODE,delta=2
    10                           	dabs	1,0x7E,2
    11  0000                     
    12                           ; Version 1.45
    13                           ; Generated 16/11/2017 GMT
    14                           ; 
    15                           ; Copyright © 2017, Microchip Technology Inc. and its subsidiaries ("Microchip")
    16                           ; All rights reserved.
    17                           ; 
    18                           ; This software is developed by Microchip Technology Inc. and its subsidiaries ("Microch
      +                          ip").
    19                           ; 
    20                           ; Redistribution and use in source and binary forms, with or without modification, are
    21                           ; permitted provided that the following conditions are met:
    22                           ; 
    23                           ;     1. Redistributions of source code must retain the above copyright notice, this lis
      +                          t of
    24                           ;        conditions and the following disclaimer.
    25                           ; 
    26                           ;     2. Redistributions in binary form must reproduce the above copyright notice, this 
      +                          list
    27                           ;        of conditions and the following disclaimer in the documentation and/or other
    28                           ;        materials provided with the distribution.
    29                           ; 
    30                           ;     3. Microchip's name may not be used to endorse or promote products derived from th
      +                          is
    31                           ;        software without specific prior written permission.
    32                           ; 
    33                           ; THIS SOFTWARE IS PROVIDED BY MICROCHIP "AS IS" AND ANY EXPRESS OR IMPLIED WARRANTIES,
    34                           ; INCLUDING, BUT NOT LIMITED TO, THE IMPLIED WARRANTIES OF MERCHANTABILITY AND FITNESS F
      +                          OR
    35                           ; PURPOSE ARE DISCLAIMED.  IN NO EVENT SHALL MICROCHIP BE LIABLE FOR ANY DIRECT, INDIREC
      +                          T,
    36                           ; INCIDENTAL, SPECIAL, EXEMPLARY, OR CONSEQUENTIAL DAMAGES (INCLUDING BUT NOT LIMITED TO
    37                           ; PROCUREMENT OF SUBSTITUTE GOODS OR SERVICES; LOSS OF USE, DATA OR PROFITS; OR BUSINESS
    38                           ; INTERRUPTION) HOWSOEVER CAUSED AND ON ANY THEORY OF LIABILITY, WHETHER IN CONTRACT, ST
      +                          RICT
    39                           ; LIABILITY, OR TORT (INCLUDING NEGLIGENCE OR OTHERWISE) ARISING IN ANY WAY OUT OF THE U
      +                          SE OF
    40                           ; THIS SOFTWARE, EVEN IF ADVISED OF THE POSSIBILITY OF SUCH DAMAGE.
    41                           ; 
    42                           ; 
    43                           ; Code-generator required, PIC16F877A Definitions
    44                           ; 
    45                           ; SFR Addresses
    46  0000                     	;# 
    47  0001                     	;# 
    48  0002                     	;# 
    49  0003                     	;# 
    50  0004                     	;# 
    51  0005                     	;# 
    52  0006                     	;# 
    53  0007                     	;# 
    54  0008                     	;# 
    55  0009                     	;# 
    56  000A                     	;# 
    57  000B                     	;# 
    58  000C                     	;# 
    59  000D                     	;# 
    60  000E                     	;# 
    61  000E                     	;# 
    62  000F                     	;# 
    63  0010                     	;# 
    64  0011                     	;# 
    65  0012                     	;# 
    66  0013                     	;# 
    67  0014                     	;# 
    68  0015                     	;# 
    69  0015                     	;# 
    70  0016                     	;# 
    71  0017                     	;# 
    72  0018                     	;# 
    73  0019                     	;# 
    74  001A                     	;# 
    75  001B                     	;# 
    76  001B                     	;# 
    77  001C                     	;# 
    78  001D                     	;# 
    79  001E                     	;# 
    80  001F                     	;# 
    81  0081                     	;# 
    82  0085                     	;# 
    83  0086                     	;# 
    84  0087                     	;# 
    85  0088                     	;# 
    86  0089                     	;# 
    87  008C                     	;# 
    88  008D                     	;# 
    89  008E                     	;# 
    90  0091                     	;# 
    91  0092                     	;# 
    92  0093                     	;# 
    93  0094                     	;# 
    94  0098                     	;# 
    95  0099                     	;# 
    96  009C                     	;# 
    97  009D                     	;# 
    98  009E                     	;# 
    99  009F                     	;# 
   100  010C                     	;# 
   101  010D                     	;# 
   102  010E                     	;# 
   103  010F                     	;# 
   104  018C                     	;# 
   105  018D                     	;# 
   106  0008                     _PORTD	set	8
   107  0012                     _T2CON	set	18
   108  0011                     _TMR2	set	17
   109  0092                     _TMR2ON	set	146
   110  005E                     _PEIE	set	94
   111  005F                     _GIE	set	95
   112  0061                     _TMR2IF	set	97
   113  0088                     _TRISD	set	136
   114  0461                     _TMR2IE	set	1121
   115                           
   116                           	psect	cinit
   117  0015                     start_initialization:	
   118                           ; #config settings
   119                           
   120  0015                     __initialization:	
   121                           
   122                           ; Clear objects allocated to COMMON
   123  0015  01F4               	clrf	__pbssCOMMON& (0+127)
   124  0016  01F5               	clrf	(__pbssCOMMON+1)& (0+127)
   125  0017  01F6               	clrf	(__pbssCOMMON+2)& (0+127)
   126  0018                     end_of_initialization:	
   127                           ;End of C runtime variable initialization code
   128                           
   129  0018                     __end_of__initialization:	
   130  0018  0183               	clrf	3
   131  0019  120A  118A  2843   	ljmp	_main	;jump to C main() function
   132                           
   133                           	psect	bssCOMMON
   134  0074                     __pbssCOMMON:	
   135  0074                     _count:	
   136  0074                     	ds	2
   137  0076                     _value:	
   138  0076                     	ds	1
   139                           
   140                           	psect	cstackCOMMON
   141  0070                     __pcstackCOMMON:	
   142  0070                     ?_timer_isr:	
   143  0070                     ??_timer_isr:	
   144                           ; 1 bytes @ 0x0
   145                           
   146  0070                     ?_main:	
   147                           ; 1 bytes @ 0x0
   148                           
   149                           
   150                           ; 1 bytes @ 0x0
   151  0070                     	ds	4
   152  0074                     ??_main:	
   153                           
   154                           	psect	maintext
   155  0043                     __pmaintext:	
   156                           ; 1 bytes @ 0x4
   157 ;;
   158 ;;Main: autosize = 0, tempsize = 0, incstack = 0, save=0
   159 ;;
   160 ;; *************** function _main *****************
   161 ;; Defined at:
   162 ;;		line 38 in file "newmain.c"
   163 ;; Parameters:    Size  Location     Type
   164 ;;		None
   165 ;; Auto vars:     Size  Location     Type
   166 ;;		None
   167 ;; Return value:  Size  Location     Type
   168 ;;                  1    wreg      void 
   169 ;; Registers used:
   170 ;;		wreg, status,2
   171 ;; Tracked objects:
   172 ;;		On entry : B00/0
   173 ;;		On exit  : 0/0
   174 ;;		Unchanged: 0/0
   175 ;; Data sizes:     COMMON   BANK0   BANK1   BANK3   BANK2
   176 ;;      Params:         0       0       0       0       0
   177 ;;      Locals:         0       0       0       0       0
   178 ;;      Temps:          0       0       0       0       0
   179 ;;      Totals:         0       0       0       0       0
   180 ;;Total ram usage:        0 bytes
   181 ;; Hardware stack levels required when called:    1
   182 ;; This function calls:
   183 ;;		Nothing
   184 ;; This function is called by:
   185 ;;		Startup code after reset
   186 ;; This function uses a non-reentrant model
   187 ;;
   188                           
   189                           
   190                           ;psect for function _main
   191  0043                     _main:	
   192                           
   193                           ;newmain.c: 40: TRISD=0x00;
   194                           
   195                           ;incstack = 0
   196                           ; Regs used in _main: [wreg+status,2]
   197  0043  1683               	bsf	3,5	;RP0=1, select bank1
   198  0044  1303               	bcf	3,6	;RP1=0, select bank1
   199  0045  0188               	clrf	8	;volatile
   200                           
   201                           ;newmain.c: 42: T2CON = (1<<1);
   202  0046  3002               	movlw	2
   203  0047  1283               	bcf	3,5	;RP0=0, select bank0
   204  0048  1303               	bcf	3,6	;RP1=0, select bank0
   205  0049  0092               	movwf	18	;volatile
   206                           
   207                           ;newmain.c: 43: TMR2=100;
   208  004A  3064               	movlw	100
   209  004B  0091               	movwf	17	;volatile
   210                           
   211                           ;newmain.c: 44: TMR2IE=1;
   212  004C  1683               	bsf	3,5	;RP0=1, select bank1
   213  004D  1303               	bcf	3,6	;RP1=0, select bank1
   214  004E  148C               	bsf	12,1	;volatile
   215                           
   216                           ;newmain.c: 45: GIE=1;
   217  004F  178B               	bsf	11,7	;volatile
   218                           
   219                           ;newmain.c: 46: PEIE=1;
   220  0050  170B               	bsf	11,6	;volatile
   221                           
   222                           ;newmain.c: 47: TMR2ON = 1;
   223  0051  1283               	bcf	3,5	;RP0=0, select bank0
   224  0052  1303               	bcf	3,6	;RP1=0, select bank0
   225  0053  1512               	bsf	18,2	;volatile
   226  0054                     l526:	
   227                           ;newmain.c: 49: while(1)
   228                           
   229                           
   230                           ;newmain.c: 50: {
   231                           ;newmain.c: 51: PORTD = value;
   232  0054  0876               	movf	_value,w
   233  0055  0088               	movwf	8	;volatile
   234  0056  2854               	goto	l526
   235  0057                     __end_of_main:	
   236                           
   237                           	psect	text1
   238  001C                     __ptext1:	
   239 ;; *************** function _timer_isr *****************
   240 ;; Defined at:
   241 ;;		line 17 in file "newmain.c"
   242 ;; Parameters:    Size  Location     Type
   243 ;;		None
   244 ;; Auto vars:     Size  Location     Type
   245 ;;		None
   246 ;; Return value:  Size  Location     Type
   247 ;;                  1    wreg      void 
   248 ;; Registers used:
   249 ;;		wreg, status,2, btemp+1
   250 ;; Tracked objects:
   251 ;;		On entry : 0/0
   252 ;;		On exit  : 0/0
   253 ;;		Unchanged: 0/0
   254 ;; Data sizes:     COMMON   BANK0   BANK1   BANK3   BANK2
   255 ;;      Params:         0       0       0       0       0
   256 ;;      Locals:         0       0       0       0       0
   257 ;;      Temps:          4       0       0       0       0
   258 ;;      Totals:         4       0       0       0       0
   259 ;;Total ram usage:        4 bytes
   260 ;; Hardware stack levels used:    1
   261 ;; This function calls:
   262 ;;		Nothing
   263 ;; This function is called by:
   264 ;;		Interrupt level 1
   265 ;; This function uses a non-reentrant model
   266 ;;
   267                           
   268                           
   269                           ;psect for function _timer_isr
   270  001C                     _timer_isr:	
   271                           
   272                           ;newmain.c: 19: if(TMR2IF==1)
   273  001C  1C8C               	btfss	12,1	;volatile
   274  001D  2836               	goto	i1l30
   275                           
   276                           ;newmain.c: 20: {
   277                           ;newmain.c: 21: TMR2 = 101;
   278  001E  3065               	movlw	101
   279  001F  0091               	movwf	17	;volatile
   280                           
   281                           ;newmain.c: 23: TMR2IF=0;
   282  0020  108C               	bcf	12,1	;volatile
   283                           
   284                           ;newmain.c: 25: if(count>=2000)
   285  0021  0875               	movf	_count+1,w
   286  0022  3A80               	xorlw	128
   287  0023  00FF               	movwf	127
   288  0024  3087               	movlw	135
   289  0025  027F               	subwf	127,w
   290  0026  1D03               	skipz
   291  0027  282A               	goto	u2_25
   292  0028  30D0               	movlw	208
   293  0029  0274               	subwf	_count,w
   294  002A                     u2_25:	
   295  002A  1C03               	skipc
   296  002B  2830               	goto	i1l510
   297                           
   298                           ;newmain.c: 26: {
   299                           ;newmain.c: 27: count=0;
   300  002C  01F4               	clrf	_count
   301  002D  01F5               	clrf	_count+1
   302                           
   303                           ;newmain.c: 28: value=~value;
   304  002E  09F6               	comf	_value,f
   305                           
   306                           ;newmain.c: 29: }
   307  002F  2836               	goto	i1l30
   308  0030                     i1l510:	
   309                           
   310                           ;newmain.c: 30: else
   311                           ;newmain.c: 31: {
   312                           ;newmain.c: 32: count++;
   313  0030  3001               	movlw	1
   314  0031  07F4               	addwf	_count,f
   315  0032  1803               	skipnc
   316  0033  0AF5               	incf	_count+1,f
   317  0034  3000               	movlw	0
   318  0035  07F5               	addwf	_count+1,f
   319  0036                     i1l30:	
   320  0036  0873               	movf	??_timer_isr+3,w
   321  0037  1283               	bcf	3,5	;RP0=0, select bank0
   322  0038  1303               	bcf	3,6	;RP1=0, select bank0
   323  0039  00FF               	movwf	127
   324  003A  0872               	movf	??_timer_isr+2,w
   325  003B  008A               	movwf	10
   326  003C  0871               	movf	??_timer_isr+1,w
   327  003D  0084               	movwf	4
   328  003E  0E70               	swapf	??_timer_isr^(0+-128),w
   329  003F  0083               	movwf	3
   330  0040  0EFE               	swapf	126,f
   331  0041  0E7E               	swapf	126,w
   332  0042  0009               	retfie
   333  0043                     __end_of_timer_isr:	
   334  007E                     btemp	set	126	;btemp
   335  007E                     wtemp0	set	126
   336                           
   337                           	psect	intentry
   338  0004                     __pintentry:	
   339                           ;incstack = 0
   340                           ; Regs used in _timer_isr: [wreg+status,2+btemp+1]
   341                           
   342  0004                     interrupt_function:	
   343  007E                     saved_w	set	btemp
   344  0004  00FE               	movwf	btemp
   345  0005  0E03               	swapf	3,w
   346  0006  00F0               	movwf	??_timer_isr
   347  0007  0804               	movf	4,w
   348  0008  00F1               	movwf	??_timer_isr+1
   349  0009  080A               	movf	10,w
   350  000A  00F2               	movwf	??_timer_isr+2
   351  000B  1283               	bcf	3,5	;RP0=0, select bank0
   352  000C  1303               	bcf	3,6	;RP1=0, select bank0
   353  000D  087F               	movf	btemp+1,w
   354  000E  00F3               	movwf	??_timer_isr+3
   355  000F  120A  118A  281C   	ljmp	_timer_isr


Data Sizes:
    Strings     0
    Constant    0
    Data        0
    BSS         3
    Persistent  0
    Stack       0

Auto Spaces:
    Space          Size  Autos    Used
    COMMON           14      4       7
    BANK0            80      0       0
    BANK1            80      0       0
    BANK3            96      0       0
    BANK2            96      0       0

Pointer List with Targets:

    None.

Critical Paths under _main in COMMON

    None.

Critical Paths under _timer_isr in COMMON

    None.

Critical Paths under _main in BANK0

    None.

Critical Paths under _timer_isr in BANK0

    None.

Critical Paths under _main in BANK1

    None.

Critical Paths under _timer_isr in BANK1

    None.

Critical Paths under _main in BANK3

    None.

Critical Paths under _timer_isr in BANK3

    None.

Critical Paths under _main in BANK2

    None.

Critical Paths under _timer_isr in BANK2

    None.

Call Graph Tables:

 ---------------------------------------------------------------------------------
 (Depth) Function   	        Calls       Base Space   Used Autos Params    Refs
 ---------------------------------------------------------------------------------
 (0) _main                                                 0     0      0       0
 ---------------------------------------------------------------------------------
 Estimated maximum stack depth 0
 ---------------------------------------------------------------------------------
 (Depth) Function   	        Calls       Base Space   Used Autos Params    Refs
 ---------------------------------------------------------------------------------
 (1) _timer_isr                                            4     4      0       0
                                              0 COMMON     4     4      0
 ---------------------------------------------------------------------------------
 Estimated maximum stack depth 1
 ---------------------------------------------------------------------------------

 Call Graph Graphs:

 _main (ROOT)

 _timer_isr (ROOT)

 Address spaces:
Name               Size   Autos  Total    Cost      Usage
BITCOMMON            E      0       0       0        0.0%
EEDATA             100      0       0       0        0.0%
NULL                 0      0       0       0        0.0%
CODE                 0      0       0       0        0.0%
COMMON               E      4       7       1       50.0%
BITSFR0              0      0       0       1        0.0%
SFR0                 0      0       0       1        0.0%
BITSFR1              0      0       0       2        0.0%
SFR1                 0      0       0       2        0.0%
STACK                0      0       0       2        0.0%
ABS                  0      0       7       3        0.0%
BITBANK0            50      0       0       4        0.0%
BITSFR3              0      0       0       4        0.0%
SFR3                 0      0       0       4        0.0%
BANK0               50      0       0       5        0.0%
BITSFR2              0      0       0       5        0.0%
SFR2                 0      0       0       5        0.0%
BITBANK1            50      0       0       6        0.0%
BANK1               50      0       0       7        0.0%
BITBANK3            60      0       0       8        0.0%
BANK3               60      0       0       9        0.0%
BITBANK2            60      0       0      10        0.0%
BANK2               60      0       0      11        0.0%
DATA                 0      0       7      12        0.0%


Microchip Technology PIC Macro Assembler V1.45 build -152302408 
Symbol Table                                                                                   Sat Dec 15 16:19:44 2018

                    l526 0054                      _GIE 005F                      fsr0 0004  
                   _PEIE 005E                     i1l30 0036                     _TMR2 0011  
                   u2_25 002A                     _main 0043                     btemp 007E  
                   start 0012                    ?_main 0070                    _T2CON 0012  
                  i1l510 0030                    _PORTD 0008                    _TRISD 0088  
                  _count 0074                    _value 0076                    pclath 000A  
                  status 0003                    wtemp0 007E          __initialization 0015  
           __end_of_main 0057                   ??_main 0074                   _TMR2IE 0461  
                 _TMR2IF 0061                   _TMR2ON 0092                   saved_w 007E  
__end_of__initialization 0018           __pcstackCOMMON 0070               __pmaintext 0043  
             __pintentry 0004       __size_of_timer_isr 0027                  __ptext1 001C  
   end_of_initialization 0018        __end_of_timer_isr 0043      start_initialization 0015  
            __pbssCOMMON 0074                ___latbits 0002        interrupt_function 0004  
              _timer_isr 001C               ?_timer_isr 0070            __size_of_main 0014  
               intlevel1 0000              ??_timer_isr 0070  
